[2025-04-03T21:24:25.762+0000] {taskinstance.py:1956} INFO - Dependencies all met for dep_context=non-requeueable deps ti=<TaskInstance: Web_Log_Processing.process_logs_to_csv manual__2025-04-03T21:24:23.859903+00:00 [queued]>
[2025-04-03T21:24:25.776+0000] {taskinstance.py:1956} INFO - Dependencies all met for dep_context=requeueable deps ti=<TaskInstance: Web_Log_Processing.process_logs_to_csv manual__2025-04-03T21:24:23.859903+00:00 [queued]>
[2025-04-03T21:24:25.777+0000] {taskinstance.py:2170} INFO - Starting attempt 1 of 4
[2025-04-03T21:24:25.799+0000] {taskinstance.py:2191} INFO - Executing <Task(BashOperator): process_logs_to_csv> on 2025-04-03 21:24:23.859903+00:00
[2025-04-03T21:24:25.806+0000] {standard_task_runner.py:60} INFO - Started process 872 to run task
[2025-04-03T21:24:25.811+0000] {standard_task_runner.py:87} INFO - Running: ['***', 'tasks', 'run', 'Web_Log_Processing', 'process_logs_to_csv', 'manual__2025-04-03T21:24:23.859903+00:00', '--job-id', '4', '--raw', '--subdir', 'DAGS_FOLDER/w3c.py', '--cfg-path', '/tmp/tmp55kq8rur']
[2025-04-03T21:24:25.814+0000] {standard_task_runner.py:88} INFO - Job 4: Subtask process_logs_to_csv
[2025-04-03T21:24:25.877+0000] {task_command.py:423} INFO - Running <TaskInstance: Web_Log_Processing.process_logs_to_csv manual__2025-04-03T21:24:23.859903+00:00 [running]> on host 8b9a4c1d0443
[2025-04-03T21:24:26.163+0000] {taskinstance.py:2480} INFO - Exporting env vars: AIRFLOW_CTX_DAG_OWNER='***' AIRFLOW_CTX_DAG_ID='Web_Log_Processing' AIRFLOW_CTX_TASK_ID='process_logs_to_csv' AIRFLOW_CTX_EXECUTION_DATE='2025-04-03T21:24:23.859903+00:00' AIRFLOW_CTX_TRY_NUMBER='1' AIRFLOW_CTX_DAG_RUN_ID='manual__2025-04-03T21:24:23.859903+00:00'
[2025-04-03T21:24:26.166+0000] {subprocess.py:63} INFO - Tmp dir root location: /tmp
[2025-04-03T21:24:26.168+0000] {subprocess.py:75} INFO - Running command: ['/usr/bin/bash', '-c', 'cd /opt/***/dags && python3 log_to_csv.py']
[2025-04-03T21:24:26.184+0000] {subprocess.py:86} INFO - Output:
[2025-04-03T21:24:31.447+0000] {subprocess.py:93} INFO - Starting log processing...
[2025-04-03T21:24:31.449+0000] {subprocess.py:93} INFO - Files found: 93
[2025-04-03T21:24:31.450+0000] {subprocess.py:93} INFO - Processing: /opt/***/data/ISSLogs/u_ex091024.log
[2025-04-03T21:24:31.451+0000] {subprocess.py:93} INFO - u_ex091024.log: ✅ 11 valid, ❌ 0 skipped
[2025-04-03T21:24:31.452+0000] {subprocess.py:93} INFO - Processing: /opt/***/data/ISSLogs/u_ex091025.log
[2025-04-03T21:24:31.454+0000] {subprocess.py:93} INFO - u_ex091025.log: ✅ 110 valid, ❌ 0 skipped
[2025-04-03T21:24:31.455+0000] {subprocess.py:93} INFO - Processing: /opt/***/data/ISSLogs/u_ex091102.log
[2025-04-03T21:24:31.456+0000] {subprocess.py:93} INFO - u_ex091102.log: ✅ 3763 valid, ❌ 0 skipped
[2025-04-03T21:24:31.457+0000] {subprocess.py:93} INFO - Processing: /opt/***/data/ISSLogs/u_ex091103.log
[2025-04-03T21:24:31.460+0000] {subprocess.py:93} INFO - u_ex091103.log: ✅ 3672 valid, ❌ 0 skipped
[2025-04-03T21:24:31.461+0000] {subprocess.py:93} INFO - Processing: /opt/***/data/ISSLogs/u_ex091106.log
[2025-04-03T21:24:31.463+0000] {subprocess.py:93} INFO - u_ex091106.log: ✅ 282 valid, ❌ 0 skipped
[2025-04-03T21:24:31.464+0000] {subprocess.py:93} INFO - Processing: /opt/***/data/ISSLogs/u_ex091120.log
[2025-04-03T21:24:31.465+0000] {subprocess.py:93} INFO - u_ex091120.log: ✅ 967 valid, ❌ 0 skipped
[2025-04-03T21:24:31.467+0000] {subprocess.py:93} INFO - Processing: /opt/***/data/ISSLogs/u_ex091123.log
[2025-04-03T21:24:31.468+0000] {subprocess.py:93} INFO - u_ex091123.log: ✅ 1955 valid, ❌ 0 skipped
[2025-04-03T21:24:31.469+0000] {subprocess.py:93} INFO - Processing: /opt/***/data/ISSLogs/u_ex091130.log
[2025-04-03T21:24:31.470+0000] {subprocess.py:93} INFO - u_ex091130.log: ✅ 2544 valid, ❌ 1109 skipped
[2025-04-03T21:24:31.471+0000] {subprocess.py:93} INFO - Processing: /opt/***/data/ISSLogs/u_ex091207.log
[2025-04-03T21:24:31.473+0000] {subprocess.py:93} INFO - u_ex091207.log: ✅ 3299 valid, ❌ 0 skipped
[2025-04-03T21:24:31.475+0000] {subprocess.py:93} INFO - Processing: /opt/***/data/ISSLogs/u_ex091211.log
[2025-04-03T21:24:31.477+0000] {subprocess.py:93} INFO - u_ex091211.log: ✅ 1054 valid, ❌ 0 skipped
[2025-04-03T21:24:31.478+0000] {subprocess.py:93} INFO - Processing: /opt/***/data/ISSLogs/u_ex091213.log
[2025-04-03T21:24:31.479+0000] {subprocess.py:93} INFO - u_ex091213.log: ✅ 1474 valid, ❌ 0 skipped
[2025-04-03T21:24:31.481+0000] {subprocess.py:93} INFO - Processing: /opt/***/data/ISSLogs/u_ex100104.log
[2025-04-03T21:24:31.482+0000] {subprocess.py:93} INFO - u_ex100104.log: ✅ 1633 valid, ❌ 0 skipped
[2025-04-03T21:24:31.483+0000] {subprocess.py:93} INFO - Processing: /opt/***/data/ISSLogs/u_ex100105.log
[2025-04-03T21:24:31.485+0000] {subprocess.py:93} INFO - u_ex100105.log: ✅ 1599 valid, ❌ 0 skipped
[2025-04-03T21:24:31.486+0000] {subprocess.py:93} INFO - Processing: /opt/***/data/ISSLogs/u_ex100106.log
[2025-04-03T21:24:31.487+0000] {subprocess.py:93} INFO - u_ex100106.log: ✅ 3572 valid, ❌ 0 skipped
[2025-04-03T21:24:31.489+0000] {subprocess.py:93} INFO - Processing: /opt/***/data/ISSLogs/u_ex100112.log
[2025-04-03T21:24:31.490+0000] {subprocess.py:93} INFO - u_ex100112.log: ✅ 5513 valid, ❌ 0 skipped
[2025-04-03T21:24:31.493+0000] {subprocess.py:93} INFO - Processing: /opt/***/data/ISSLogs/u_ex100113.log
[2025-04-03T21:24:31.495+0000] {subprocess.py:93} INFO - u_ex100113.log: ✅ 3201 valid, ❌ 0 skipped
[2025-04-03T21:24:31.496+0000] {subprocess.py:93} INFO - Processing: /opt/***/data/ISSLogs/u_ex100117.log
[2025-04-03T21:24:31.497+0000] {subprocess.py:93} INFO - u_ex100117.log: ✅ 2725 valid, ❌ 0 skipped
[2025-04-03T21:24:31.498+0000] {subprocess.py:93} INFO - Processing: /opt/***/data/ISSLogs/u_ex100131.log
[2025-04-03T21:24:31.498+0000] {subprocess.py:93} INFO - u_ex100131.log: ✅ 1532 valid, ❌ 0 skipped
[2025-04-03T21:24:31.499+0000] {subprocess.py:93} INFO - Processing: /opt/***/data/ISSLogs/u_ex100204.log
[2025-04-03T21:24:31.500+0000] {subprocess.py:93} INFO - u_ex100204.log: ✅ 3088 valid, ❌ 0 skipped
[2025-04-03T21:24:31.501+0000] {subprocess.py:93} INFO - Processing: /opt/***/data/ISSLogs/u_ex100205.log
[2025-04-03T21:24:31.501+0000] {subprocess.py:93} INFO - u_ex100205.log: ✅ 825 valid, ❌ 0 skipped
[2025-04-03T21:24:31.503+0000] {subprocess.py:93} INFO - Processing: /opt/***/data/ISSLogs/u_ex100221.log
[2025-04-03T21:24:31.504+0000] {subprocess.py:93} INFO - u_ex100221.log: ✅ 1134 valid, ❌ 0 skipped
[2025-04-03T21:24:31.505+0000] {subprocess.py:93} INFO - Processing: /opt/***/data/ISSLogs/u_ex100302.log
[2025-04-03T21:24:31.506+0000] {subprocess.py:93} INFO - u_ex100302.log: ✅ 2910 valid, ❌ 0 skipped
[2025-04-03T21:24:31.507+0000] {subprocess.py:93} INFO - Processing: /opt/***/data/ISSLogs/u_ex100304.log
[2025-04-03T21:24:31.510+0000] {subprocess.py:93} INFO - u_ex100304.log: ✅ 1681 valid, ❌ 0 skipped
[2025-04-03T21:24:31.511+0000] {subprocess.py:93} INFO - Processing: /opt/***/data/ISSLogs/u_ex100307.log
[2025-04-03T21:24:31.511+0000] {subprocess.py:93} INFO - u_ex100307.log: ✅ 1086 valid, ❌ 0 skipped
[2025-04-03T21:24:31.512+0000] {subprocess.py:93} INFO - Processing: /opt/***/data/ISSLogs/u_ex100309.log
[2025-04-03T21:24:31.512+0000] {subprocess.py:93} INFO - u_ex100309.log: ✅ 1493 valid, ❌ 0 skipped
[2025-04-03T21:24:31.513+0000] {subprocess.py:93} INFO - Processing: /opt/***/data/ISSLogs/u_ex100314.log
[2025-04-03T21:24:31.513+0000] {subprocess.py:93} INFO - u_ex100314.log: ✅ 1813 valid, ❌ 0 skipped
[2025-04-03T21:24:31.514+0000] {subprocess.py:93} INFO - Processing: /opt/***/data/ISSLogs/u_ex100315.log
[2025-04-03T21:24:31.514+0000] {subprocess.py:93} INFO - u_ex100315.log: ✅ 3402 valid, ❌ 0 skipped
[2025-04-03T21:24:31.515+0000] {subprocess.py:93} INFO - Processing: /opt/***/data/ISSLogs/u_ex100322.log
[2025-04-03T21:24:31.516+0000] {subprocess.py:93} INFO - u_ex100322.log: ✅ 1907 valid, ❌ 0 skipped
[2025-04-03T21:24:31.516+0000] {subprocess.py:93} INFO - Processing: /opt/***/data/ISSLogs/u_ex100406.log
[2025-04-03T21:24:31.517+0000] {subprocess.py:93} INFO - u_ex100406.log: ✅ 2740 valid, ❌ 0 skipped
[2025-04-03T21:24:31.518+0000] {subprocess.py:93} INFO - Processing: /opt/***/data/ISSLogs/u_ex100419.log
[2025-04-03T21:24:31.518+0000] {subprocess.py:93} INFO - u_ex100419.log: ✅ 1865 valid, ❌ 0 skipped
[2025-04-03T21:24:31.519+0000] {subprocess.py:93} INFO - Processing: /opt/***/data/ISSLogs/u_ex100422.log
[2025-04-03T21:24:31.519+0000] {subprocess.py:93} INFO - u_ex100422.log: ✅ 1954 valid, ❌ 0 skipped
[2025-04-03T21:24:31.519+0000] {subprocess.py:93} INFO - Processing: /opt/***/data/ISSLogs/u_ex100423.log
[2025-04-03T21:24:31.520+0000] {subprocess.py:93} INFO - u_ex100423.log: ✅ 2136 valid, ❌ 0 skipped
[2025-04-03T21:24:31.520+0000] {subprocess.py:93} INFO - Processing: /opt/***/data/ISSLogs/u_ex100424.log
[2025-04-03T21:24:31.521+0000] {subprocess.py:93} INFO - u_ex100424.log: ✅ 1016 valid, ❌ 0 skipped
[2025-04-03T21:24:31.523+0000] {subprocess.py:93} INFO - Processing: /opt/***/data/ISSLogs/u_ex100425.log
[2025-04-03T21:24:31.523+0000] {subprocess.py:93} INFO - u_ex100425.log: ✅ 1732 valid, ❌ 0 skipped
[2025-04-03T21:24:31.525+0000] {subprocess.py:93} INFO - Processing: /opt/***/data/ISSLogs/u_ex100430.log
[2025-04-03T21:24:31.525+0000] {subprocess.py:93} INFO - u_ex100430.log: ✅ 1913 valid, ❌ 0 skipped
[2025-04-03T21:24:31.526+0000] {subprocess.py:93} INFO - Processing: /opt/***/data/ISSLogs/u_ex100519.log
[2025-04-03T21:24:31.526+0000] {subprocess.py:93} INFO - u_ex100519.log: ✅ 1547 valid, ❌ 0 skipped
[2025-04-03T21:24:31.527+0000] {subprocess.py:93} INFO - Processing: /opt/***/data/ISSLogs/u_ex100520.log
[2025-04-03T21:24:31.527+0000] {subprocess.py:93} INFO - u_ex100520.log: ✅ 1218 valid, ❌ 0 skipped
[2025-04-03T21:24:31.528+0000] {subprocess.py:93} INFO - Processing: /opt/***/data/ISSLogs/u_ex100526.log
[2025-04-03T21:24:31.528+0000] {subprocess.py:93} INFO - u_ex100526.log: ✅ 1460 valid, ❌ 0 skipped
[2025-04-03T21:24:31.529+0000] {subprocess.py:93} INFO - Processing: /opt/***/data/ISSLogs/u_ex100528.log
[2025-04-03T21:24:31.529+0000] {subprocess.py:93} INFO - u_ex100528.log: ✅ 1491 valid, ❌ 0 skipped
[2025-04-03T21:24:31.530+0000] {subprocess.py:93} INFO - Processing: /opt/***/data/ISSLogs/u_ex100612.log
[2025-04-03T21:24:31.531+0000] {subprocess.py:93} INFO - u_ex100612.log: ✅ 979 valid, ❌ 0 skipped
[2025-04-03T21:24:31.531+0000] {subprocess.py:93} INFO - Processing: /opt/***/data/ISSLogs/u_ex100615.log
[2025-04-03T21:24:31.531+0000] {subprocess.py:93} INFO - u_ex100615.log: ✅ 1135 valid, ❌ 0 skipped
[2025-04-03T21:24:31.532+0000] {subprocess.py:93} INFO - Processing: /opt/***/data/ISSLogs/u_ex100619.log
[2025-04-03T21:24:31.532+0000] {subprocess.py:93} INFO - u_ex100619.log: ✅ 1098 valid, ❌ 0 skipped
[2025-04-03T21:24:31.533+0000] {subprocess.py:93} INFO - Processing: /opt/***/data/ISSLogs/u_ex100622.log
[2025-04-03T21:24:31.534+0000] {subprocess.py:93} INFO - u_ex100622.log: ✅ 1583 valid, ❌ 0 skipped
[2025-04-03T21:24:31.534+0000] {subprocess.py:93} INFO - Processing: /opt/***/data/ISSLogs/u_ex100626.log
[2025-04-03T21:24:31.535+0000] {subprocess.py:93} INFO - u_ex100626.log: ✅ 964 valid, ❌ 0 skipped
[2025-04-03T21:24:31.536+0000] {subprocess.py:93} INFO - Processing: /opt/***/data/ISSLogs/u_ex100628.log
[2025-04-03T21:24:31.536+0000] {subprocess.py:93} INFO - u_ex100628.log: ✅ 1143 valid, ❌ 0 skipped
[2025-04-03T21:24:31.537+0000] {subprocess.py:93} INFO - Processing: /opt/***/data/ISSLogs/u_ex100629.log
[2025-04-03T21:24:31.538+0000] {subprocess.py:93} INFO - u_ex100629.log: ✅ 1086 valid, ❌ 0 skipped
[2025-04-03T21:24:31.538+0000] {subprocess.py:93} INFO - Processing: /opt/***/data/ISSLogs/u_ex100630.log
[2025-04-03T21:24:31.539+0000] {subprocess.py:93} INFO - u_ex100630.log: ✅ 1069 valid, ❌ 0 skipped
[2025-04-03T21:24:31.539+0000] {subprocess.py:93} INFO - Processing: /opt/***/data/ISSLogs/u_ex100705.log
[2025-04-03T21:24:31.540+0000] {subprocess.py:93} INFO - u_ex100705.log: ✅ 1087 valid, ❌ 0 skipped
[2025-04-03T21:24:31.541+0000] {subprocess.py:93} INFO - Processing: /opt/***/data/ISSLogs/u_ex100708.log
[2025-04-03T21:24:31.541+0000] {subprocess.py:93} INFO - u_ex100708.log: ✅ 1729 valid, ❌ 0 skipped
[2025-04-03T21:24:31.542+0000] {subprocess.py:93} INFO - Processing: /opt/***/data/ISSLogs/u_ex100714.log
[2025-04-03T21:24:31.542+0000] {subprocess.py:93} INFO - u_ex100714.log: ✅ 977 valid, ❌ 0 skipped
[2025-04-03T21:24:31.543+0000] {subprocess.py:93} INFO - Processing: /opt/***/data/ISSLogs/u_ex100718.log
[2025-04-03T21:24:31.544+0000] {subprocess.py:93} INFO - u_ex100718.log: ✅ 1678 valid, ❌ 0 skipped
[2025-04-03T21:24:31.544+0000] {subprocess.py:93} INFO - Processing: /opt/***/data/ISSLogs/u_ex100725.log
[2025-04-03T21:24:31.545+0000] {subprocess.py:93} INFO - u_ex100725.log: ✅ 1351 valid, ❌ 0 skipped
[2025-04-03T21:24:31.545+0000] {subprocess.py:93} INFO - Processing: /opt/***/data/ISSLogs/u_ex100801.log
[2025-04-03T21:24:31.546+0000] {subprocess.py:93} INFO - u_ex100801.log: ✅ 859 valid, ❌ 0 skipped
[2025-04-03T21:24:31.546+0000] {subprocess.py:93} INFO - Processing: /opt/***/data/ISSLogs/u_ex100808.log
[2025-04-03T21:24:31.547+0000] {subprocess.py:93} INFO - u_ex100808.log: ✅ 800 valid, ❌ 0 skipped
[2025-04-03T21:24:31.547+0000] {subprocess.py:93} INFO - Processing: /opt/***/data/ISSLogs/u_ex100809.log
[2025-04-03T21:24:31.548+0000] {subprocess.py:93} INFO - u_ex100809.log: ✅ 1920 valid, ❌ 0 skipped
[2025-04-03T21:24:31.548+0000] {subprocess.py:93} INFO - Processing: /opt/***/data/ISSLogs/u_ex100830.log
[2025-04-03T21:24:31.549+0000] {subprocess.py:93} INFO - u_ex100830.log: ✅ 897 valid, ❌ 0 skipped
[2025-04-03T21:24:31.549+0000] {subprocess.py:93} INFO - Processing: /opt/***/data/ISSLogs/u_ex100906.log
[2025-04-03T21:24:31.550+0000] {subprocess.py:93} INFO - u_ex100906.log: ✅ 831 valid, ❌ 0 skipped
[2025-04-03T21:24:31.551+0000] {subprocess.py:93} INFO - Processing: /opt/***/data/ISSLogs/u_ex100912.log
[2025-04-03T21:24:31.551+0000] {subprocess.py:93} INFO - u_ex100912.log: ✅ 1310 valid, ❌ 0 skipped
[2025-04-03T21:24:31.552+0000] {subprocess.py:93} INFO - Processing: /opt/***/data/ISSLogs/u_ex100916.log
[2025-04-03T21:24:31.553+0000] {subprocess.py:93} INFO - u_ex100916.log: ✅ 1732 valid, ❌ 0 skipped
[2025-04-03T21:24:31.554+0000] {subprocess.py:93} INFO - Processing: /opt/***/data/ISSLogs/u_ex100923.log
[2025-04-03T21:24:31.554+0000] {subprocess.py:93} INFO - u_ex100923.log: ✅ 1854 valid, ❌ 0 skipped
[2025-04-03T21:24:31.555+0000] {subprocess.py:93} INFO - Processing: /opt/***/data/ISSLogs/u_ex100924.log
[2025-04-03T21:24:31.555+0000] {subprocess.py:93} INFO - u_ex100924.log: ✅ 1218 valid, ❌ 0 skipped
[2025-04-03T21:24:31.556+0000] {subprocess.py:93} INFO - Processing: /opt/***/data/ISSLogs/u_ex100926.log
[2025-04-03T21:24:31.557+0000] {subprocess.py:93} INFO - u_ex100926.log: ✅ 1374 valid, ❌ 0 skipped
[2025-04-03T21:24:31.557+0000] {subprocess.py:93} INFO - Processing: /opt/***/data/ISSLogs/u_ex101008.log
[2025-04-03T21:24:31.558+0000] {subprocess.py:93} INFO - u_ex101008.log: ✅ 2612 valid, ❌ 0 skipped
[2025-04-03T21:24:31.559+0000] {subprocess.py:93} INFO - Processing: /opt/***/data/ISSLogs/u_ex101020.log
[2025-04-03T21:24:31.559+0000] {subprocess.py:93} INFO - u_ex101020.log: ✅ 1205 valid, ❌ 0 skipped
[2025-04-03T21:24:31.559+0000] {subprocess.py:93} INFO - Processing: /opt/***/data/ISSLogs/u_ex101023.log
[2025-04-03T21:24:31.560+0000] {subprocess.py:93} INFO - u_ex101023.log: ✅ 2199 valid, ❌ 0 skipped
[2025-04-03T21:24:31.561+0000] {subprocess.py:93} INFO - Processing: /opt/***/data/ISSLogs/u_ex101025.log
[2025-04-03T21:24:31.561+0000] {subprocess.py:93} INFO - u_ex101025.log: ✅ 1204 valid, ❌ 0 skipped
[2025-04-03T21:24:31.562+0000] {subprocess.py:93} INFO - Processing: /opt/***/data/ISSLogs/u_ex101027.log
[2025-04-03T21:24:31.562+0000] {subprocess.py:93} INFO - u_ex101027.log: ✅ 1957 valid, ❌ 0 skipped
[2025-04-03T21:24:31.563+0000] {subprocess.py:93} INFO - Processing: /opt/***/data/ISSLogs/u_ex101031.log
[2025-04-03T21:24:31.564+0000] {subprocess.py:93} INFO - u_ex101031.log: ✅ 1092 valid, ❌ 0 skipped
[2025-04-03T21:24:31.564+0000] {subprocess.py:93} INFO - Processing: /opt/***/data/ISSLogs/u_ex101101.log
[2025-04-03T21:24:31.565+0000] {subprocess.py:93} INFO - u_ex101101.log: ✅ 2030 valid, ❌ 0 skipped
[2025-04-03T21:24:31.565+0000] {subprocess.py:93} INFO - Processing: /opt/***/data/ISSLogs/u_ex101111.log
[2025-04-03T21:24:31.566+0000] {subprocess.py:93} INFO - u_ex101111.log: ✅ 1243 valid, ❌ 0 skipped
[2025-04-03T21:24:31.567+0000] {subprocess.py:93} INFO - Processing: /opt/***/data/ISSLogs/u_ex101113.log
[2025-04-03T21:24:31.568+0000] {subprocess.py:93} INFO - u_ex101113.log: ✅ 1296 valid, ❌ 0 skipped
[2025-04-03T21:24:31.568+0000] {subprocess.py:93} INFO - Processing: /opt/***/data/ISSLogs/u_ex101118.log
[2025-04-03T21:24:31.569+0000] {subprocess.py:93} INFO - u_ex101118.log: ✅ 1255 valid, ❌ 0 skipped
[2025-04-03T21:24:31.570+0000] {subprocess.py:93} INFO - Processing: /opt/***/data/ISSLogs/u_ex101126.log
[2025-04-03T21:24:31.571+0000] {subprocess.py:93} INFO - u_ex101126.log: ✅ 1828 valid, ❌ 0 skipped
[2025-04-03T21:24:31.571+0000] {subprocess.py:93} INFO - Processing: /opt/***/data/ISSLogs/u_ex101202.log
[2025-04-03T21:24:31.572+0000] {subprocess.py:93} INFO - u_ex101202.log: ✅ 891 valid, ❌ 0 skipped
[2025-04-03T21:24:31.572+0000] {subprocess.py:93} INFO - Processing: /opt/***/data/ISSLogs/u_ex101212.log
[2025-04-03T21:24:31.573+0000] {subprocess.py:93} INFO - u_ex101212.log: ✅ 1331 valid, ❌ 0 skipped
[2025-04-03T21:24:31.574+0000] {subprocess.py:93} INFO - Processing: /opt/***/data/ISSLogs/u_ex101215.log
[2025-04-03T21:24:31.575+0000] {subprocess.py:93} INFO - u_ex101215.log: ✅ 1474 valid, ❌ 0 skipped
[2025-04-03T21:24:31.575+0000] {subprocess.py:93} INFO - Processing: /opt/***/data/ISSLogs/u_ex101223.log
[2025-04-03T21:24:31.576+0000] {subprocess.py:93} INFO - u_ex101223.log: ✅ 997 valid, ❌ 0 skipped
[2025-04-03T21:24:31.577+0000] {subprocess.py:93} INFO - Processing: /opt/***/data/ISSLogs/u_ex101225.log
[2025-04-03T21:24:31.578+0000] {subprocess.py:93} INFO - u_ex101225.log: ✅ 812 valid, ❌ 0 skipped
[2025-04-03T21:24:31.578+0000] {subprocess.py:93} INFO - Processing: /opt/***/data/ISSLogs/u_ex110119.log
[2025-04-03T21:24:31.579+0000] {subprocess.py:93} INFO - u_ex110119.log: ✅ 2033 valid, ❌ 0 skipped
[2025-04-03T21:24:31.580+0000] {subprocess.py:93} INFO - Processing: /opt/***/data/ISSLogs/u_ex110130.log
[2025-04-03T21:24:31.581+0000] {subprocess.py:93} INFO - u_ex110130.log: ✅ 878 valid, ❌ 0 skipped
[2025-04-03T21:24:31.581+0000] {subprocess.py:93} INFO - Processing: /opt/***/data/ISSLogs/u_ex110205.log
[2025-04-03T21:24:31.582+0000] {subprocess.py:93} INFO - u_ex110205.log: ✅ 763 valid, ❌ 0 skipped
[2025-04-03T21:24:31.583+0000] {subprocess.py:93} INFO - Processing: /opt/***/data/ISSLogs/u_ex110209.log
[2025-04-03T21:24:31.584+0000] {subprocess.py:93} INFO - u_ex110209.log: ✅ 2137 valid, ❌ 0 skipped
