[2025-04-03T14:18:59.188+0000] {taskinstance.py:1956} INFO - Dependencies all met for dep_context=non-requeueable deps ti=<TaskInstance: Web_Log_Processing.process_logs_to_csv scheduled__2025-04-02T00:00:00+00:00 [queued]>
[2025-04-03T14:18:59.198+0000] {taskinstance.py:1956} INFO - Dependencies all met for dep_context=requeueable deps ti=<TaskInstance: Web_Log_Processing.process_logs_to_csv scheduled__2025-04-02T00:00:00+00:00 [queued]>
[2025-04-03T14:18:59.198+0000] {taskinstance.py:2170} INFO - Starting attempt 1 of 4
[2025-04-03T14:18:59.213+0000] {taskinstance.py:2191} INFO - Executing <Task(BashOperator): process_logs_to_csv> on 2025-04-02 00:00:00+00:00
[2025-04-03T14:18:59.219+0000] {standard_task_runner.py:60} INFO - Started process 197 to run task
[2025-04-03T14:18:59.223+0000] {standard_task_runner.py:87} INFO - Running: ['***', 'tasks', 'run', 'Web_Log_Processing', 'process_logs_to_csv', 'scheduled__2025-04-02T00:00:00+00:00', '--job-id', '2', '--raw', '--subdir', 'DAGS_FOLDER/w3c.py', '--cfg-path', '/tmp/tmpsgy3ej_y']
[2025-04-03T14:18:59.227+0000] {standard_task_runner.py:88} INFO - Job 2: Subtask process_logs_to_csv
[2025-04-03T14:18:59.305+0000] {task_command.py:423} INFO - Running <TaskInstance: Web_Log_Processing.process_logs_to_csv scheduled__2025-04-02T00:00:00+00:00 [running]> on host 2d696db5e2ea
[2025-04-03T14:18:59.625+0000] {taskinstance.py:2480} INFO - Exporting env vars: AIRFLOW_CTX_DAG_OWNER='***' AIRFLOW_CTX_DAG_ID='Web_Log_Processing' AIRFLOW_CTX_TASK_ID='process_logs_to_csv' AIRFLOW_CTX_EXECUTION_DATE='2025-04-02T00:00:00+00:00' AIRFLOW_CTX_TRY_NUMBER='1' AIRFLOW_CTX_DAG_RUN_ID='scheduled__2025-04-02T00:00:00+00:00'
[2025-04-03T14:18:59.628+0000] {subprocess.py:63} INFO - Tmp dir root location: /tmp
[2025-04-03T14:18:59.630+0000] {subprocess.py:75} INFO - Running command: ['/usr/bin/bash', '-c', 'python d:/Documents/UK/University/BI/Repo/***-etl/log_to_csv.py']
[2025-04-03T14:18:59.640+0000] {subprocess.py:86} INFO - Output:
[2025-04-03T14:18:59.668+0000] {subprocess.py:93} INFO - python: can't open file 'd:/Documents/UK/University/BI/Repo/***-etl/log_to_csv.py': [Errno 2] No such file or directory
[2025-04-03T14:18:59.671+0000] {subprocess.py:97} INFO - Command exited with return code 2
[2025-04-03T14:18:59.683+0000] {taskinstance.py:2698} ERROR - Task failed with exception
Traceback (most recent call last):
  File "/home/airflow/.local/lib/python3.8/site-packages/airflow/models/taskinstance.py", line 433, in _execute_task
    result = execute_callable(context=context, **execute_callable_kwargs)
  File "/home/airflow/.local/lib/python3.8/site-packages/airflow/operators/bash.py", line 212, in execute
    raise AirflowException(
airflow.exceptions.AirflowException: Bash command failed. The command returned a non-zero exit code 2.
[2025-04-03T14:18:59.687+0000] {taskinstance.py:1138} INFO - Marking task as UP_FOR_RETRY. dag_id=Web_Log_Processing, task_id=process_logs_to_csv, execution_date=20250402T000000, start_date=20250403T141859, end_date=20250403T141859
[2025-04-03T14:18:59.727+0000] {standard_task_runner.py:107} ERROR - Failed to execute job 2 for task process_logs_to_csv (Bash command failed. The command returned a non-zero exit code 2.; 197)
[2025-04-03T14:18:59.758+0000] {local_task_job_runner.py:234} INFO - Task exited with return code 1
[2025-04-03T14:18:59.812+0000] {taskinstance.py:3280} INFO - 0 downstream tasks scheduled from follow-on schedule check
[2025-04-03T14:30:29.017+0000] {taskinstance.py:1956} INFO - Dependencies all met for dep_context=non-requeueable deps ti=<TaskInstance: Web_Log_Processing.process_logs_to_csv scheduled__2025-04-02T00:00:00+00:00 [queued]>
[2025-04-03T14:30:29.038+0000] {taskinstance.py:1956} INFO - Dependencies all met for dep_context=requeueable deps ti=<TaskInstance: Web_Log_Processing.process_logs_to_csv scheduled__2025-04-02T00:00:00+00:00 [queued]>
[2025-04-03T14:30:29.045+0000] {taskinstance.py:2170} INFO - Starting attempt 1 of 4
[2025-04-03T14:30:29.078+0000] {taskinstance.py:2191} INFO - Executing <Task(BashOperator): process_logs_to_csv> on 2025-04-02 00:00:00+00:00
[2025-04-03T14:30:29.087+0000] {standard_task_runner.py:60} INFO - Started process 192 to run task
[2025-04-03T14:30:29.091+0000] {standard_task_runner.py:87} INFO - Running: ['***', 'tasks', 'run', 'Web_Log_Processing', 'process_logs_to_csv', 'scheduled__2025-04-02T00:00:00+00:00', '--job-id', '2', '--raw', '--subdir', 'DAGS_FOLDER/w3c.py', '--cfg-path', '/tmp/tmplocfqpoa']
[2025-04-03T14:30:29.095+0000] {standard_task_runner.py:88} INFO - Job 2: Subtask process_logs_to_csv
[2025-04-03T14:30:29.163+0000] {task_command.py:423} INFO - Running <TaskInstance: Web_Log_Processing.process_logs_to_csv scheduled__2025-04-02T00:00:00+00:00 [running]> on host af883e189a6c
[2025-04-03T14:30:29.657+0000] {taskinstance.py:2480} INFO - Exporting env vars: AIRFLOW_CTX_DAG_OWNER='***' AIRFLOW_CTX_DAG_ID='Web_Log_Processing' AIRFLOW_CTX_TASK_ID='process_logs_to_csv' AIRFLOW_CTX_EXECUTION_DATE='2025-04-02T00:00:00+00:00' AIRFLOW_CTX_TRY_NUMBER='1' AIRFLOW_CTX_DAG_RUN_ID='scheduled__2025-04-02T00:00:00+00:00'
[2025-04-03T14:30:29.664+0000] {subprocess.py:63} INFO - Tmp dir root location: /tmp
[2025-04-03T14:30:29.667+0000] {subprocess.py:75} INFO - Running command: ['/usr/bin/bash', '-c', 'python /opt/***/dags/log_to_csv.py']
[2025-04-03T14:30:29.682+0000] {subprocess.py:86} INFO - Output:
[2025-04-03T14:30:30.461+0000] {subprocess.py:93} INFO - Looking for log files in: d:/Documents/UK/University/BI/Repo/***-etl/data
[2025-04-03T14:30:30.462+0000] {subprocess.py:93} INFO - Files found: []
[2025-04-03T14:30:30.463+0000] {subprocess.py:93} INFO - No valid log entries found. Creating an empty DataFrame.
[2025-04-03T14:30:30.463+0000] {subprocess.py:93} INFO - Combined logs saved to: d:/Documents/UK/University/BI/Repo/***-etl/data/StagingArea/CombinedLogs.csv
[2025-04-03T14:30:30.562+0000] {subprocess.py:97} INFO - Command exited with return code 0
[2025-04-03T14:30:30.599+0000] {taskinstance.py:1138} INFO - Marking task as SUCCESS. dag_id=Web_Log_Processing, task_id=process_logs_to_csv, execution_date=20250402T000000, start_date=20250403T143029, end_date=20250403T143030
[2025-04-03T14:30:30.646+0000] {local_task_job_runner.py:234} INFO - Task exited with return code 0
[2025-04-03T14:30:30.675+0000] {taskinstance.py:3280} INFO - 1 downstream tasks scheduled from follow-on schedule check
[2025-04-03T14:54:20.918+0000] {taskinstance.py:1956} INFO - Dependencies all met for dep_context=non-requeueable deps ti=<TaskInstance: Web_Log_Processing.process_logs_to_csv scheduled__2025-04-02T00:00:00+00:00 [queued]>
[2025-04-03T14:54:20.929+0000] {taskinstance.py:1956} INFO - Dependencies all met for dep_context=requeueable deps ti=<TaskInstance: Web_Log_Processing.process_logs_to_csv scheduled__2025-04-02T00:00:00+00:00 [queued]>
[2025-04-03T14:54:20.930+0000] {taskinstance.py:2170} INFO - Starting attempt 1 of 4
[2025-04-03T14:54:20.949+0000] {taskinstance.py:2191} INFO - Executing <Task(BashOperator): process_logs_to_csv> on 2025-04-02 00:00:00+00:00
[2025-04-03T14:54:20.954+0000] {standard_task_runner.py:60} INFO - Started process 214 to run task
[2025-04-03T14:54:20.959+0000] {standard_task_runner.py:87} INFO - Running: ['***', 'tasks', 'run', 'Web_Log_Processing', 'process_logs_to_csv', 'scheduled__2025-04-02T00:00:00+00:00', '--job-id', '2', '--raw', '--subdir', 'DAGS_FOLDER/w3c.py', '--cfg-path', '/tmp/tmpoqljx8xl']
[2025-04-03T14:54:20.962+0000] {standard_task_runner.py:88} INFO - Job 2: Subtask process_logs_to_csv
[2025-04-03T14:54:21.029+0000] {task_command.py:423} INFO - Running <TaskInstance: Web_Log_Processing.process_logs_to_csv scheduled__2025-04-02T00:00:00+00:00 [running]> on host 5deddec5fc9b
[2025-04-03T14:54:21.350+0000] {taskinstance.py:2480} INFO - Exporting env vars: AIRFLOW_CTX_DAG_OWNER='***' AIRFLOW_CTX_DAG_ID='Web_Log_Processing' AIRFLOW_CTX_TASK_ID='process_logs_to_csv' AIRFLOW_CTX_EXECUTION_DATE='2025-04-02T00:00:00+00:00' AIRFLOW_CTX_TRY_NUMBER='1' AIRFLOW_CTX_DAG_RUN_ID='scheduled__2025-04-02T00:00:00+00:00'
[2025-04-03T14:54:21.353+0000] {subprocess.py:63} INFO - Tmp dir root location: /tmp
[2025-04-03T14:54:21.355+0000] {subprocess.py:75} INFO - Running command: ['/usr/bin/bash', '-c', 'python /opt/***/dags/log_to_csv.py']
[2025-04-03T14:54:21.366+0000] {subprocess.py:86} INFO - Output:
[2025-04-03T14:54:22.162+0000] {subprocess.py:93} INFO - Looking for log files in: d:/Documents/UK/University/BI/Repo/***-etl/data
[2025-04-03T14:54:22.162+0000] {subprocess.py:93} INFO - Files found: []
[2025-04-03T14:54:22.163+0000] {subprocess.py:93} INFO - No valid log entries found. Creating an empty DataFrame.
[2025-04-03T14:54:22.164+0000] {subprocess.py:93} INFO - Combined logs saved to: d:/Documents/UK/University/BI/Repo/***-etl/data/StagingArea/CombinedLogs.csv
[2025-04-03T14:54:22.231+0000] {subprocess.py:97} INFO - Command exited with return code 0
[2025-04-03T14:54:22.258+0000] {taskinstance.py:1138} INFO - Marking task as SUCCESS. dag_id=Web_Log_Processing, task_id=process_logs_to_csv, execution_date=20250402T000000, start_date=20250403T145420, end_date=20250403T145422
[2025-04-03T14:54:22.316+0000] {local_task_job_runner.py:234} INFO - Task exited with return code 0
[2025-04-03T14:54:22.354+0000] {taskinstance.py:3280} INFO - 1 downstream tasks scheduled from follow-on schedule check
[2025-04-03T15:14:27.143+0000] {taskinstance.py:1956} INFO - Dependencies all met for dep_context=non-requeueable deps ti=<TaskInstance: Web_Log_Processing.process_logs_to_csv scheduled__2025-04-02T00:00:00+00:00 [queued]>
[2025-04-03T15:14:27.153+0000] {taskinstance.py:1956} INFO - Dependencies all met for dep_context=requeueable deps ti=<TaskInstance: Web_Log_Processing.process_logs_to_csv scheduled__2025-04-02T00:00:00+00:00 [queued]>
[2025-04-03T15:14:27.154+0000] {taskinstance.py:2170} INFO - Starting attempt 1 of 4
[2025-04-03T15:14:27.171+0000] {taskinstance.py:2191} INFO - Executing <Task(BashOperator): process_logs_to_csv> on 2025-04-02 00:00:00+00:00
[2025-04-03T15:14:27.176+0000] {standard_task_runner.py:60} INFO - Started process 208 to run task
[2025-04-03T15:14:27.180+0000] {standard_task_runner.py:87} INFO - Running: ['***', 'tasks', 'run', 'Web_Log_Processing', 'process_logs_to_csv', 'scheduled__2025-04-02T00:00:00+00:00', '--job-id', '2', '--raw', '--subdir', 'DAGS_FOLDER/w3c.py', '--cfg-path', '/tmp/tmpp_z0fd53']
[2025-04-03T15:14:27.184+0000] {standard_task_runner.py:88} INFO - Job 2: Subtask process_logs_to_csv
[2025-04-03T15:14:27.255+0000] {task_command.py:423} INFO - Running <TaskInstance: Web_Log_Processing.process_logs_to_csv scheduled__2025-04-02T00:00:00+00:00 [running]> on host e34e533454f8
[2025-04-03T15:14:27.559+0000] {taskinstance.py:2480} INFO - Exporting env vars: AIRFLOW_CTX_DAG_OWNER='***' AIRFLOW_CTX_DAG_ID='Web_Log_Processing' AIRFLOW_CTX_TASK_ID='process_logs_to_csv' AIRFLOW_CTX_EXECUTION_DATE='2025-04-02T00:00:00+00:00' AIRFLOW_CTX_TRY_NUMBER='1' AIRFLOW_CTX_DAG_RUN_ID='scheduled__2025-04-02T00:00:00+00:00'
[2025-04-03T15:14:27.561+0000] {subprocess.py:63} INFO - Tmp dir root location: /tmp
[2025-04-03T15:14:27.563+0000] {subprocess.py:75} INFO - Running command: ['/usr/bin/bash', '-c', 'python /opt/***/dags/log_to_csv.py']
[2025-04-03T15:14:27.575+0000] {subprocess.py:86} INFO - Output:
[2025-04-03T15:14:28.310+0000] {subprocess.py:93} INFO - Looking for log files in: d:/Documents/UK/University/BI/Repo/***-etl/data
[2025-04-03T15:14:28.311+0000] {subprocess.py:93} INFO - Files found: []
[2025-04-03T15:14:28.312+0000] {subprocess.py:93} INFO - No valid log entries found. Creating an empty DataFrame.
[2025-04-03T15:14:28.313+0000] {subprocess.py:93} INFO - Combined logs saved to: d:/Documents/UK/University/BI/Repo/***-etl/data/StagingArea/CombinedLogs.csv
[2025-04-03T15:14:28.373+0000] {subprocess.py:97} INFO - Command exited with return code 0
[2025-04-03T15:14:28.406+0000] {taskinstance.py:1138} INFO - Marking task as SUCCESS. dag_id=Web_Log_Processing, task_id=process_logs_to_csv, execution_date=20250402T000000, start_date=20250403T151427, end_date=20250403T151428
[2025-04-03T15:14:28.454+0000] {local_task_job_runner.py:234} INFO - Task exited with return code 0
[2025-04-03T15:14:28.476+0000] {taskinstance.py:3280} INFO - 0 downstream tasks scheduled from follow-on schedule check
[2025-04-03T15:45:29.325+0000] {taskinstance.py:1956} INFO - Dependencies all met for dep_context=non-requeueable deps ti=<TaskInstance: Web_Log_Processing.process_logs_to_csv scheduled__2025-04-02T00:00:00+00:00 [queued]>
[2025-04-03T15:45:29.334+0000] {taskinstance.py:1956} INFO - Dependencies all met for dep_context=requeueable deps ti=<TaskInstance: Web_Log_Processing.process_logs_to_csv scheduled__2025-04-02T00:00:00+00:00 [queued]>
[2025-04-03T15:45:29.334+0000] {taskinstance.py:2170} INFO - Starting attempt 1 of 4
[2025-04-03T15:45:29.348+0000] {taskinstance.py:2191} INFO - Executing <Task(BashOperator): process_logs_to_csv> on 2025-04-02 00:00:00+00:00
[2025-04-03T15:45:29.352+0000] {standard_task_runner.py:60} INFO - Started process 203 to run task
[2025-04-03T15:45:29.356+0000] {standard_task_runner.py:87} INFO - Running: ['***', 'tasks', 'run', 'Web_Log_Processing', 'process_logs_to_csv', 'scheduled__2025-04-02T00:00:00+00:00', '--job-id', '2', '--raw', '--subdir', 'DAGS_FOLDER/w3c.py', '--cfg-path', '/tmp/tmpgswhuhn8']
[2025-04-03T15:45:29.387+0000] {standard_task_runner.py:88} INFO - Job 2: Subtask process_logs_to_csv
[2025-04-03T15:45:29.465+0000] {task_command.py:423} INFO - Running <TaskInstance: Web_Log_Processing.process_logs_to_csv scheduled__2025-04-02T00:00:00+00:00 [running]> on host 345a2468dc45
[2025-04-03T15:45:29.742+0000] {taskinstance.py:2480} INFO - Exporting env vars: AIRFLOW_CTX_DAG_OWNER='***' AIRFLOW_CTX_DAG_ID='Web_Log_Processing' AIRFLOW_CTX_TASK_ID='process_logs_to_csv' AIRFLOW_CTX_EXECUTION_DATE='2025-04-02T00:00:00+00:00' AIRFLOW_CTX_TRY_NUMBER='1' AIRFLOW_CTX_DAG_RUN_ID='scheduled__2025-04-02T00:00:00+00:00'
[2025-04-03T15:45:29.744+0000] {subprocess.py:63} INFO - Tmp dir root location: /tmp
[2025-04-03T15:45:29.745+0000] {subprocess.py:75} INFO - Running command: ['/usr/bin/bash', '-c', 'cd /opt/***/dags && python3 log_to_csv.py']
[2025-04-03T15:45:29.754+0000] {subprocess.py:86} INFO - Output:
[2025-04-03T15:45:34.705+0000] {subprocess.py:93} INFO - Files found: 93
[2025-04-03T15:45:34.706+0000] {subprocess.py:93} INFO - Combined logs saved to: /opt/***/data/StagingArea/CombinedLogs.csv
[2025-04-03T15:45:34.754+0000] {subprocess.py:97} INFO - Command exited with return code 0
[2025-04-03T15:45:34.776+0000] {taskinstance.py:1138} INFO - Marking task as SUCCESS. dag_id=Web_Log_Processing, task_id=process_logs_to_csv, execution_date=20250402T000000, start_date=20250403T154529, end_date=20250403T154534
[2025-04-03T15:45:34.821+0000] {local_task_job_runner.py:234} INFO - Task exited with return code 0
[2025-04-03T15:45:34.845+0000] {taskinstance.py:3280} INFO - 1 downstream tasks scheduled from follow-on schedule check
[2025-04-03T16:37:49.258+0000] {taskinstance.py:1956} INFO - Dependencies all met for dep_context=non-requeueable deps ti=<TaskInstance: Web_Log_Processing.process_logs_to_csv scheduled__2025-04-02T00:00:00+00:00 [queued]>
[2025-04-03T16:37:49.270+0000] {taskinstance.py:1956} INFO - Dependencies all met for dep_context=requeueable deps ti=<TaskInstance: Web_Log_Processing.process_logs_to_csv scheduled__2025-04-02T00:00:00+00:00 [queued]>
[2025-04-03T16:37:49.271+0000] {taskinstance.py:2170} INFO - Starting attempt 1 of 4
[2025-04-03T16:37:49.288+0000] {taskinstance.py:2191} INFO - Executing <Task(BashOperator): process_logs_to_csv> on 2025-04-02 00:00:00+00:00
[2025-04-03T16:37:49.294+0000] {standard_task_runner.py:60} INFO - Started process 203 to run task
[2025-04-03T16:37:49.299+0000] {standard_task_runner.py:87} INFO - Running: ['***', 'tasks', 'run', 'Web_Log_Processing', 'process_logs_to_csv', 'scheduled__2025-04-02T00:00:00+00:00', '--job-id', '2', '--raw', '--subdir', 'DAGS_FOLDER/w3c.py', '--cfg-path', '/tmp/tmpk_aryoc3']
[2025-04-03T16:37:49.303+0000] {standard_task_runner.py:88} INFO - Job 2: Subtask process_logs_to_csv
[2025-04-03T16:37:49.374+0000] {task_command.py:423} INFO - Running <TaskInstance: Web_Log_Processing.process_logs_to_csv scheduled__2025-04-02T00:00:00+00:00 [running]> on host 9b170102d235
[2025-04-03T16:37:49.853+0000] {taskinstance.py:2480} INFO - Exporting env vars: AIRFLOW_CTX_DAG_OWNER='***' AIRFLOW_CTX_DAG_ID='Web_Log_Processing' AIRFLOW_CTX_TASK_ID='process_logs_to_csv' AIRFLOW_CTX_EXECUTION_DATE='2025-04-02T00:00:00+00:00' AIRFLOW_CTX_TRY_NUMBER='1' AIRFLOW_CTX_DAG_RUN_ID='scheduled__2025-04-02T00:00:00+00:00'
[2025-04-03T16:37:49.855+0000] {subprocess.py:63} INFO - Tmp dir root location: /tmp
[2025-04-03T16:37:49.856+0000] {subprocess.py:75} INFO - Running command: ['/usr/bin/bash', '-c', 'cd /opt/***/dags && python3 log_to_csv.py']
[2025-04-03T16:37:49.869+0000] {subprocess.py:86} INFO - Output:
[2025-04-03T16:37:58.227+0000] {subprocess.py:93} INFO - Files found: 93
[2025-04-03T16:37:58.228+0000] {subprocess.py:93} INFO - Processing: /opt/***/data/ISSLogs/u_ex091024.log
[2025-04-03T16:37:58.229+0000] {subprocess.py:93} INFO - u_ex091024.log: ✅ 11 valid, ❌ 0 skipped
[2025-04-03T16:37:58.230+0000] {subprocess.py:93} INFO - Processing: /opt/***/data/ISSLogs/u_ex091025.log
[2025-04-03T16:37:58.231+0000] {subprocess.py:93} INFO - u_ex091025.log: ✅ 110 valid, ❌ 0 skipped
[2025-04-03T16:37:58.232+0000] {subprocess.py:93} INFO - Processing: /opt/***/data/ISSLogs/u_ex091102.log
[2025-04-03T16:37:58.233+0000] {subprocess.py:93} INFO - u_ex091102.log: ✅ 3763 valid, ❌ 0 skipped
[2025-04-03T16:37:58.233+0000] {subprocess.py:93} INFO - Processing: /opt/***/data/ISSLogs/u_ex091103.log
[2025-04-03T16:37:58.234+0000] {subprocess.py:93} INFO - u_ex091103.log: ✅ 3672 valid, ❌ 0 skipped
[2025-04-03T16:37:58.235+0000] {subprocess.py:93} INFO - Processing: /opt/***/data/ISSLogs/u_ex091106.log
[2025-04-03T16:37:58.236+0000] {subprocess.py:93} INFO - u_ex091106.log: ✅ 282 valid, ❌ 0 skipped
[2025-04-03T16:37:58.237+0000] {subprocess.py:93} INFO - Processing: /opt/***/data/ISSLogs/u_ex091120.log
[2025-04-03T16:37:58.238+0000] {subprocess.py:93} INFO - u_ex091120.log: ✅ 967 valid, ❌ 0 skipped
[2025-04-03T16:37:58.239+0000] {subprocess.py:93} INFO - Processing: /opt/***/data/ISSLogs/u_ex091123.log
[2025-04-03T16:37:58.240+0000] {subprocess.py:93} INFO - u_ex091123.log: ✅ 1955 valid, ❌ 0 skipped
[2025-04-03T16:37:58.240+0000] {subprocess.py:93} INFO - Processing: /opt/***/data/ISSLogs/u_ex091130.log
[2025-04-03T16:37:58.241+0000] {subprocess.py:93} INFO - u_ex091130.log: ✅ 2544 valid, ❌ 1109 skipped
[2025-04-03T16:37:58.242+0000] {subprocess.py:93} INFO - Processing: /opt/***/data/ISSLogs/u_ex091207.log
[2025-04-03T16:37:58.243+0000] {subprocess.py:93} INFO - u_ex091207.log: ✅ 3299 valid, ❌ 0 skipped
[2025-04-03T16:37:58.244+0000] {subprocess.py:93} INFO - Processing: /opt/***/data/ISSLogs/u_ex091211.log
[2025-04-03T16:37:58.245+0000] {subprocess.py:93} INFO - u_ex091211.log: ✅ 1054 valid, ❌ 0 skipped
[2025-04-03T16:37:58.247+0000] {subprocess.py:93} INFO - Processing: /opt/***/data/ISSLogs/u_ex091213.log
[2025-04-03T16:37:58.247+0000] {subprocess.py:93} INFO - u_ex091213.log: ✅ 1474 valid, ❌ 0 skipped
[2025-04-03T16:37:58.249+0000] {subprocess.py:93} INFO - Processing: /opt/***/data/ISSLogs/u_ex100104.log
[2025-04-03T16:37:58.250+0000] {subprocess.py:93} INFO - u_ex100104.log: ✅ 1633 valid, ❌ 0 skipped
[2025-04-03T16:37:58.251+0000] {subprocess.py:93} INFO - Processing: /opt/***/data/ISSLogs/u_ex100105.log
[2025-04-03T16:37:58.251+0000] {subprocess.py:93} INFO - u_ex100105.log: ✅ 1599 valid, ❌ 0 skipped
[2025-04-03T16:37:58.252+0000] {subprocess.py:93} INFO - Processing: /opt/***/data/ISSLogs/u_ex100106.log
[2025-04-03T16:37:58.253+0000] {subprocess.py:93} INFO - u_ex100106.log: ✅ 3572 valid, ❌ 0 skipped
[2025-04-03T16:37:58.253+0000] {subprocess.py:93} INFO - Processing: /opt/***/data/ISSLogs/u_ex100112.log
[2025-04-03T16:37:58.254+0000] {subprocess.py:93} INFO - u_ex100112.log: ✅ 5513 valid, ❌ 0 skipped
[2025-04-03T16:37:58.255+0000] {subprocess.py:93} INFO - Processing: /opt/***/data/ISSLogs/u_ex100113.log
[2025-04-03T16:37:58.256+0000] {subprocess.py:93} INFO - u_ex100113.log: ✅ 3201 valid, ❌ 0 skipped
[2025-04-03T16:37:58.256+0000] {subprocess.py:93} INFO - Processing: /opt/***/data/ISSLogs/u_ex100117.log
[2025-04-03T16:37:58.257+0000] {subprocess.py:93} INFO - u_ex100117.log: ✅ 2725 valid, ❌ 0 skipped
[2025-04-03T16:37:58.257+0000] {subprocess.py:93} INFO - Processing: /opt/***/data/ISSLogs/u_ex100131.log
[2025-04-03T16:37:58.259+0000] {subprocess.py:93} INFO - u_ex100131.log: ✅ 1532 valid, ❌ 0 skipped
[2025-04-03T16:37:58.259+0000] {subprocess.py:93} INFO - Processing: /opt/***/data/ISSLogs/u_ex100204.log
[2025-04-03T16:37:58.260+0000] {subprocess.py:93} INFO - u_ex100204.log: ✅ 3088 valid, ❌ 0 skipped
[2025-04-03T16:37:58.261+0000] {subprocess.py:93} INFO - Processing: /opt/***/data/ISSLogs/u_ex100205.log
[2025-04-03T16:37:58.262+0000] {subprocess.py:93} INFO - u_ex100205.log: ✅ 825 valid, ❌ 0 skipped
[2025-04-03T16:37:58.263+0000] {subprocess.py:93} INFO - Processing: /opt/***/data/ISSLogs/u_ex100221.log
[2025-04-03T16:37:58.264+0000] {subprocess.py:93} INFO - u_ex100221.log: ✅ 1134 valid, ❌ 0 skipped
[2025-04-03T16:37:58.264+0000] {subprocess.py:93} INFO - Processing: /opt/***/data/ISSLogs/u_ex100302.log
[2025-04-03T16:37:58.265+0000] {subprocess.py:93} INFO - u_ex100302.log: ✅ 2910 valid, ❌ 0 skipped
[2025-04-03T16:37:58.266+0000] {subprocess.py:93} INFO - Processing: /opt/***/data/ISSLogs/u_ex100304.log
[2025-04-03T16:37:58.266+0000] {subprocess.py:93} INFO - u_ex100304.log: ✅ 1681 valid, ❌ 0 skipped
[2025-04-03T16:37:58.267+0000] {subprocess.py:93} INFO - Processing: /opt/***/data/ISSLogs/u_ex100307.log
[2025-04-03T16:37:58.267+0000] {subprocess.py:93} INFO - u_ex100307.log: ✅ 1086 valid, ❌ 0 skipped
[2025-04-03T16:37:58.268+0000] {subprocess.py:93} INFO - Processing: /opt/***/data/ISSLogs/u_ex100309.log
[2025-04-03T16:37:58.269+0000] {subprocess.py:93} INFO - u_ex100309.log: ✅ 1493 valid, ❌ 0 skipped
[2025-04-03T16:37:58.269+0000] {subprocess.py:93} INFO - Processing: /opt/***/data/ISSLogs/u_ex100314.log
[2025-04-03T16:37:58.270+0000] {subprocess.py:93} INFO - u_ex100314.log: ✅ 1813 valid, ❌ 0 skipped
[2025-04-03T16:37:58.271+0000] {subprocess.py:93} INFO - Processing: /opt/***/data/ISSLogs/u_ex100315.log
[2025-04-03T16:37:58.271+0000] {subprocess.py:93} INFO - u_ex100315.log: ✅ 3402 valid, ❌ 0 skipped
[2025-04-03T16:37:58.272+0000] {subprocess.py:93} INFO - Processing: /opt/***/data/ISSLogs/u_ex100322.log
[2025-04-03T16:37:58.273+0000] {subprocess.py:93} INFO - u_ex100322.log: ✅ 1907 valid, ❌ 0 skipped
[2025-04-03T16:37:58.273+0000] {subprocess.py:93} INFO - Processing: /opt/***/data/ISSLogs/u_ex100406.log
[2025-04-03T16:37:58.274+0000] {subprocess.py:93} INFO - u_ex100406.log: ✅ 2740 valid, ❌ 0 skipped
[2025-04-03T16:37:58.276+0000] {subprocess.py:93} INFO - Processing: /opt/***/data/ISSLogs/u_ex100419.log
[2025-04-03T16:37:58.277+0000] {subprocess.py:93} INFO - u_ex100419.log: ✅ 1865 valid, ❌ 0 skipped
[2025-04-03T16:37:58.277+0000] {subprocess.py:93} INFO - Processing: /opt/***/data/ISSLogs/u_ex100422.log
[2025-04-03T16:37:58.278+0000] {subprocess.py:93} INFO - u_ex100422.log: ✅ 1954 valid, ❌ 0 skipped
[2025-04-03T16:37:58.278+0000] {subprocess.py:93} INFO - Processing: /opt/***/data/ISSLogs/u_ex100423.log
[2025-04-03T16:37:58.279+0000] {subprocess.py:93} INFO - u_ex100423.log: ✅ 2136 valid, ❌ 0 skipped
[2025-04-03T16:37:58.279+0000] {subprocess.py:93} INFO - Processing: /opt/***/data/ISSLogs/u_ex100424.log
[2025-04-03T16:37:58.280+0000] {subprocess.py:93} INFO - u_ex100424.log: ✅ 1016 valid, ❌ 0 skipped
[2025-04-03T16:37:58.280+0000] {subprocess.py:93} INFO - Processing: /opt/***/data/ISSLogs/u_ex100425.log
[2025-04-03T16:37:58.281+0000] {subprocess.py:93} INFO - u_ex100425.log: ✅ 1732 valid, ❌ 0 skipped
[2025-04-03T16:37:58.282+0000] {subprocess.py:93} INFO - Processing: /opt/***/data/ISSLogs/u_ex100430.log
[2025-04-03T16:37:58.282+0000] {subprocess.py:93} INFO - u_ex100430.log: ✅ 1913 valid, ❌ 0 skipped
[2025-04-03T16:37:58.282+0000] {subprocess.py:93} INFO - Processing: /opt/***/data/ISSLogs/u_ex100519.log
[2025-04-03T16:37:58.283+0000] {subprocess.py:93} INFO - u_ex100519.log: ✅ 1547 valid, ❌ 0 skipped
[2025-04-03T16:37:58.283+0000] {subprocess.py:93} INFO - Processing: /opt/***/data/ISSLogs/u_ex100520.log
[2025-04-03T16:37:58.284+0000] {subprocess.py:93} INFO - u_ex100520.log: ✅ 1218 valid, ❌ 0 skipped
[2025-04-03T16:37:58.284+0000] {subprocess.py:93} INFO - Processing: /opt/***/data/ISSLogs/u_ex100526.log
[2025-04-03T16:37:58.285+0000] {subprocess.py:93} INFO - u_ex100526.log: ✅ 1460 valid, ❌ 0 skipped
[2025-04-03T16:37:58.286+0000] {subprocess.py:93} INFO - Processing: /opt/***/data/ISSLogs/u_ex100528.log
[2025-04-03T16:37:58.286+0000] {subprocess.py:93} INFO - u_ex100528.log: ✅ 1491 valid, ❌ 0 skipped
[2025-04-03T16:37:58.286+0000] {subprocess.py:93} INFO - Processing: /opt/***/data/ISSLogs/u_ex100612.log
[2025-04-03T16:37:58.287+0000] {subprocess.py:93} INFO - u_ex100612.log: ✅ 979 valid, ❌ 0 skipped
[2025-04-03T16:37:58.287+0000] {subprocess.py:93} INFO - Processing: /opt/***/data/ISSLogs/u_ex100615.log
[2025-04-03T16:37:58.288+0000] {subprocess.py:93} INFO - u_ex100615.log: ✅ 1135 valid, ❌ 0 skipped
[2025-04-03T16:37:58.288+0000] {subprocess.py:93} INFO - Processing: /opt/***/data/ISSLogs/u_ex100619.log
[2025-04-03T16:37:58.289+0000] {subprocess.py:93} INFO - u_ex100619.log: ✅ 1098 valid, ❌ 0 skipped
[2025-04-03T16:37:58.289+0000] {subprocess.py:93} INFO - Processing: /opt/***/data/ISSLogs/u_ex100622.log
[2025-04-03T16:37:58.290+0000] {subprocess.py:93} INFO - u_ex100622.log: ✅ 1583 valid, ❌ 0 skipped
[2025-04-03T16:37:58.290+0000] {subprocess.py:93} INFO - Processing: /opt/***/data/ISSLogs/u_ex100626.log
[2025-04-03T16:37:58.291+0000] {subprocess.py:93} INFO - u_ex100626.log: ✅ 964 valid, ❌ 0 skipped
[2025-04-03T16:37:58.291+0000] {subprocess.py:93} INFO - Processing: /opt/***/data/ISSLogs/u_ex100628.log
[2025-04-03T16:37:58.291+0000] {subprocess.py:93} INFO - u_ex100628.log: ✅ 1143 valid, ❌ 0 skipped
[2025-04-03T16:37:58.292+0000] {subprocess.py:93} INFO - Processing: /opt/***/data/ISSLogs/u_ex100629.log
[2025-04-03T16:37:58.293+0000] {subprocess.py:93} INFO - u_ex100629.log: ✅ 1086 valid, ❌ 0 skipped
[2025-04-03T16:37:58.293+0000] {subprocess.py:93} INFO - Processing: /opt/***/data/ISSLogs/u_ex100630.log
[2025-04-03T16:37:58.294+0000] {subprocess.py:93} INFO - u_ex100630.log: ✅ 1069 valid, ❌ 0 skipped
[2025-04-03T16:37:58.295+0000] {subprocess.py:93} INFO - Processing: /opt/***/data/ISSLogs/u_ex100705.log
[2025-04-03T16:37:58.295+0000] {subprocess.py:93} INFO - u_ex100705.log: ✅ 1087 valid, ❌ 0 skipped
[2025-04-03T16:37:58.296+0000] {subprocess.py:93} INFO - Processing: /opt/***/data/ISSLogs/u_ex100708.log
[2025-04-03T16:37:58.296+0000] {subprocess.py:93} INFO - u_ex100708.log: ✅ 1729 valid, ❌ 0 skipped
[2025-04-03T16:37:58.297+0000] {subprocess.py:93} INFO - Processing: /opt/***/data/ISSLogs/u_ex100714.log
[2025-04-03T16:37:58.297+0000] {subprocess.py:93} INFO - u_ex100714.log: ✅ 977 valid, ❌ 0 skipped
[2025-04-03T16:37:58.298+0000] {subprocess.py:93} INFO - Processing: /opt/***/data/ISSLogs/u_ex100718.log
[2025-04-03T16:37:58.299+0000] {subprocess.py:93} INFO - u_ex100718.log: ✅ 1678 valid, ❌ 0 skipped
[2025-04-03T16:37:58.299+0000] {subprocess.py:93} INFO - Processing: /opt/***/data/ISSLogs/u_ex100725.log
[2025-04-03T16:37:58.299+0000] {subprocess.py:93} INFO - u_ex100725.log: ✅ 1351 valid, ❌ 0 skipped
[2025-04-03T16:37:58.300+0000] {subprocess.py:93} INFO - Processing: /opt/***/data/ISSLogs/u_ex100801.log
[2025-04-03T16:37:58.301+0000] {subprocess.py:93} INFO - u_ex100801.log: ✅ 859 valid, ❌ 0 skipped
[2025-04-03T16:37:58.301+0000] {subprocess.py:93} INFO - Processing: /opt/***/data/ISSLogs/u_ex100808.log
[2025-04-03T16:37:58.302+0000] {subprocess.py:93} INFO - u_ex100808.log: ✅ 800 valid, ❌ 0 skipped
[2025-04-03T16:37:58.302+0000] {subprocess.py:93} INFO - Processing: /opt/***/data/ISSLogs/u_ex100809.log
[2025-04-03T16:37:58.302+0000] {subprocess.py:93} INFO - u_ex100809.log: ✅ 1920 valid, ❌ 0 skipped
[2025-04-03T16:37:58.303+0000] {subprocess.py:93} INFO - Processing: /opt/***/data/ISSLogs/u_ex100830.log
[2025-04-03T16:37:58.304+0000] {subprocess.py:93} INFO - u_ex100830.log: ✅ 897 valid, ❌ 0 skipped
[2025-04-03T16:37:58.304+0000] {subprocess.py:93} INFO - Processing: /opt/***/data/ISSLogs/u_ex100906.log
[2025-04-03T16:37:58.305+0000] {subprocess.py:93} INFO - u_ex100906.log: ✅ 831 valid, ❌ 0 skipped
[2025-04-03T16:37:58.305+0000] {subprocess.py:93} INFO - Processing: /opt/***/data/ISSLogs/u_ex100912.log
[2025-04-03T16:37:58.306+0000] {subprocess.py:93} INFO - u_ex100912.log: ✅ 1310 valid, ❌ 0 skipped
[2025-04-03T16:37:58.306+0000] {subprocess.py:93} INFO - Processing: /opt/***/data/ISSLogs/u_ex100916.log
[2025-04-03T16:37:58.307+0000] {subprocess.py:93} INFO - u_ex100916.log: ✅ 1732 valid, ❌ 0 skipped
[2025-04-03T16:37:58.307+0000] {subprocess.py:93} INFO - Processing: /opt/***/data/ISSLogs/u_ex100923.log
[2025-04-03T16:37:58.307+0000] {subprocess.py:93} INFO - u_ex100923.log: ✅ 1854 valid, ❌ 0 skipped
[2025-04-03T16:37:58.308+0000] {subprocess.py:93} INFO - Processing: /opt/***/data/ISSLogs/u_ex100924.log
[2025-04-03T16:37:58.308+0000] {subprocess.py:93} INFO - u_ex100924.log: ✅ 1218 valid, ❌ 0 skipped
[2025-04-03T16:37:58.309+0000] {subprocess.py:93} INFO - Processing: /opt/***/data/ISSLogs/u_ex100926.log
[2025-04-03T16:37:58.309+0000] {subprocess.py:93} INFO - u_ex100926.log: ✅ 1374 valid, ❌ 0 skipped
[2025-04-03T16:37:58.310+0000] {subprocess.py:93} INFO - Processing: /opt/***/data/ISSLogs/u_ex101008.log
[2025-04-03T16:37:58.310+0000] {subprocess.py:93} INFO - u_ex101008.log: ✅ 2612 valid, ❌ 0 skipped
[2025-04-03T16:37:58.311+0000] {subprocess.py:93} INFO - Processing: /opt/***/data/ISSLogs/u_ex101020.log
[2025-04-03T16:37:58.311+0000] {subprocess.py:93} INFO - u_ex101020.log: ✅ 1205 valid, ❌ 0 skipped
[2025-04-03T16:37:58.312+0000] {subprocess.py:93} INFO - Processing: /opt/***/data/ISSLogs/u_ex101023.log
[2025-04-03T16:37:58.312+0000] {subprocess.py:93} INFO - u_ex101023.log: ✅ 2199 valid, ❌ 0 skipped
[2025-04-03T16:37:58.312+0000] {subprocess.py:93} INFO - Processing: /opt/***/data/ISSLogs/u_ex101025.log
[2025-04-03T16:37:58.313+0000] {subprocess.py:93} INFO - u_ex101025.log: ✅ 1204 valid, ❌ 0 skipped
[2025-04-03T16:37:58.313+0000] {subprocess.py:93} INFO - Processing: /opt/***/data/ISSLogs/u_ex101027.log
[2025-04-03T16:37:58.314+0000] {subprocess.py:93} INFO - u_ex101027.log: ✅ 1957 valid, ❌ 0 skipped
[2025-04-03T16:37:58.314+0000] {subprocess.py:93} INFO - Processing: /opt/***/data/ISSLogs/u_ex101031.log
[2025-04-03T16:37:58.315+0000] {subprocess.py:93} INFO - u_ex101031.log: ✅ 1092 valid, ❌ 0 skipped
[2025-04-03T16:37:58.315+0000] {subprocess.py:93} INFO - Processing: /opt/***/data/ISSLogs/u_ex101101.log
[2025-04-03T16:37:58.315+0000] {subprocess.py:93} INFO - u_ex101101.log: ✅ 2030 valid, ❌ 0 skipped
[2025-04-03T16:37:58.316+0000] {subprocess.py:93} INFO - Processing: /opt/***/data/ISSLogs/u_ex101111.log
[2025-04-03T16:37:58.316+0000] {subprocess.py:93} INFO - u_ex101111.log: ✅ 1243 valid, ❌ 0 skipped
[2025-04-03T16:37:58.317+0000] {subprocess.py:93} INFO - Processing: /opt/***/data/ISSLogs/u_ex101113.log
[2025-04-03T16:37:58.317+0000] {subprocess.py:93} INFO - u_ex101113.log: ✅ 1296 valid, ❌ 0 skipped
[2025-04-03T16:37:58.318+0000] {subprocess.py:93} INFO - Processing: /opt/***/data/ISSLogs/u_ex101118.log
[2025-04-03T16:37:58.318+0000] {subprocess.py:93} INFO - u_ex101118.log: ✅ 1255 valid, ❌ 0 skipped
[2025-04-03T16:37:58.319+0000] {subprocess.py:93} INFO - Processing: /opt/***/data/ISSLogs/u_ex101126.log
[2025-04-03T16:37:58.319+0000] {subprocess.py:93} INFO - u_ex101126.log: ✅ 1828 valid, ❌ 0 skipped
[2025-04-03T16:37:58.319+0000] {subprocess.py:93} INFO - Processing: /opt/***/data/ISSLogs/u_ex101202.log
[2025-04-03T16:37:58.320+0000] {subprocess.py:93} INFO - u_ex101202.log: ✅ 891 valid, ❌ 0 skipped
[2025-04-03T16:37:58.320+0000] {subprocess.py:93} INFO - Processing: /opt/***/data/ISSLogs/u_ex101212.log
[2025-04-03T16:37:58.321+0000] {subprocess.py:93} INFO - u_ex101212.log: ✅ 1331 valid, ❌ 0 skipped
[2025-04-03T16:37:58.321+0000] {subprocess.py:93} INFO - Processing: /opt/***/data/ISSLogs/u_ex101215.log
[2025-04-03T16:37:58.321+0000] {subprocess.py:93} INFO - u_ex101215.log: ✅ 1474 valid, ❌ 0 skipped
[2025-04-03T16:37:58.322+0000] {subprocess.py:93} INFO - Processing: /opt/***/data/ISSLogs/u_ex101223.log
[2025-04-03T16:37:58.322+0000] {subprocess.py:93} INFO - u_ex101223.log: ✅ 997 valid, ❌ 0 skipped
[2025-04-03T16:37:58.323+0000] {subprocess.py:93} INFO - Processing: /opt/***/data/ISSLogs/u_ex101225.log
[2025-04-03T16:37:58.324+0000] {subprocess.py:93} INFO - u_ex101225.log: ✅ 812 valid, ❌ 0 skipped
[2025-04-03T16:37:58.324+0000] {subprocess.py:93} INFO - Processing: /opt/***/data/ISSLogs/u_ex110119.log
[2025-04-03T16:37:58.325+0000] {subprocess.py:93} INFO - u_ex110119.log: ✅ 2033 valid, ❌ 0 skipped
[2025-04-03T16:37:58.325+0000] {subprocess.py:93} INFO - Processing: /opt/***/data/ISSLogs/u_ex110130.log
[2025-04-03T16:37:58.326+0000] {subprocess.py:93} INFO - u_ex110130.log: ✅ 878 valid, ❌ 0 skipped
[2025-04-03T16:37:58.326+0000] {subprocess.py:93} INFO - Processing: /opt/***/data/ISSLogs/u_ex110205.log
[2025-04-03T16:37:58.327+0000] {subprocess.py:93} INFO - u_ex110205.log: ✅ 763 valid, ❌ 0 skipped
[2025-04-03T16:37:58.327+0000] {subprocess.py:93} INFO - Processing: /opt/***/data/ISSLogs/u_ex110209.log
[2025-04-03T16:37:58.328+0000] {subprocess.py:93} INFO - u_ex110209.log: ✅ 2137 valid, ❌ 0 skipped
[2025-04-03T16:37:58.329+0000] {subprocess.py:93} INFO - Processing: /opt/***/data/ISSLogs/u_ex110212.log
[2025-04-03T16:38:12.241+0000] {subprocess.py:93} INFO - u_ex110212.log: ✅ 980 valid, ❌ 0 skipped
[2025-04-03T16:38:12.245+0000] {subprocess.py:93} INFO - Processing: /opt/***/data/ISSLogs/u_ex110218.log
[2025-04-03T16:38:12.246+0000] {subprocess.py:93} INFO - u_ex110218.log: ✅ 2047 valid, ❌ 0 skipped
[2025-04-03T16:38:12.247+0000] {subprocess.py:93} INFO - Processing: /opt/***/data/ISSLogs/u_ex110306.log
[2025-04-03T16:38:12.247+0000] {subprocess.py:93} INFO - u_ex110306.log: ✅ 1024 valid, ❌ 0 skipped
[2025-04-03T16:38:12.248+0000] {subprocess.py:93} INFO - Processing: /opt/***/data/ISSLogs/u_ex110405.log
[2025-04-03T16:38:12.248+0000] {subprocess.py:93} INFO - u_ex110405.log: ✅ 2301 valid, ❌ 0 skipped
[2025-04-03T16:38:12.249+0000] {subprocess.py:93} INFO - Processing: /opt/***/data/ISSLogs/u_ex110407.log
[2025-04-03T16:38:12.249+0000] {subprocess.py:93} INFO - u_ex110407.log: ✅ 1831 valid, ❌ 0 skipped
[2025-04-03T16:38:12.250+0000] {subprocess.py:93} INFO - Processing: /opt/***/data/ISSLogs/u_ex110411.log
[2025-04-03T16:38:12.250+0000] {subprocess.py:93} INFO - u_ex110411.log: ✅ 2510 valid, ❌ 0 skipped
[2025-04-03T16:38:12.251+0000] {subprocess.py:93} INFO - Processing: /opt/***/data/ISSLogs/u_ex110424.log
[2025-04-03T16:38:12.251+0000] {subprocess.py:93} INFO - u_ex110424.log: ✅ 1319 valid, ❌ 0 skipped
[2025-04-03T16:38:12.252+0000] {subprocess.py:93} INFO - Processing: /opt/***/data/ISSLogs/u_ex110427.log
[2025-04-03T16:38:12.252+0000] {subprocess.py:93} INFO - u_ex110427.log: ✅ 1583 valid, ❌ 0 skipped
[2025-04-03T16:38:12.253+0000] {subprocess.py:93} INFO - Processing: /opt/***/data/ISSLogs/u_ex110504.log
[2025-04-03T16:38:12.253+0000] {subprocess.py:93} INFO - u_ex110504.log: ✅ 1487 valid, ❌ 0 skipped
[2025-04-03T16:38:12.254+0000] {subprocess.py:93} INFO - Processing: /opt/***/data/ISSLogs/u_ex110510.log
[2025-04-03T16:38:12.255+0000] {subprocess.py:93} INFO - u_ex110510.log: ✅ 2640 valid, ❌ 0 skipped
[2025-04-03T16:38:12.255+0000] {subprocess.py:93} INFO - Processing: /opt/***/data/ISSLogs/u_ex110516.log
[2025-04-03T16:38:12.256+0000] {subprocess.py:93} INFO - u_ex110516.log: ✅ 1513 valid, ❌ 0 skipped
[2025-04-03T16:38:12.256+0000] {subprocess.py:93} INFO - 
[2025-04-03T16:38:12.257+0000] {subprocess.py:93} INFO - 📊 TOTAL valid entries across all log files: 154463
[2025-04-03T16:38:12.257+0000] {subprocess.py:93} INFO - ✅ Combined CSV created at: /opt/***/data/StagingArea/CombinedLogs.csv
[2025-04-03T16:38:12.315+0000] {subprocess.py:97} INFO - Command exited with return code 0
[2025-04-03T16:38:12.361+0000] {taskinstance.py:1138} INFO - Marking task as SUCCESS. dag_id=Web_Log_Processing, task_id=process_logs_to_csv, execution_date=20250402T000000, start_date=20250403T163749, end_date=20250403T163812
[2025-04-03T16:38:12.431+0000] {local_task_job_runner.py:234} INFO - Task exited with return code 0
[2025-04-03T16:38:12.541+0000] {taskinstance.py:3280} INFO - 1 downstream tasks scheduled from follow-on schedule check
[2025-04-03T19:21:50.361+0000] {taskinstance.py:1956} INFO - Dependencies all met for dep_context=non-requeueable deps ti=<TaskInstance: Web_Log_Processing.process_logs_to_csv scheduled__2025-04-02T00:00:00+00:00 [queued]>
[2025-04-03T19:21:50.371+0000] {taskinstance.py:1956} INFO - Dependencies all met for dep_context=requeueable deps ti=<TaskInstance: Web_Log_Processing.process_logs_to_csv scheduled__2025-04-02T00:00:00+00:00 [queued]>
[2025-04-03T19:21:50.373+0000] {taskinstance.py:2170} INFO - Starting attempt 1 of 4
[2025-04-03T19:21:50.387+0000] {taskinstance.py:2191} INFO - Executing <Task(BashOperator): process_logs_to_csv> on 2025-04-02 00:00:00+00:00
[2025-04-03T19:21:50.394+0000] {standard_task_runner.py:60} INFO - Started process 248 to run task
[2025-04-03T19:21:50.398+0000] {standard_task_runner.py:87} INFO - Running: ['***', 'tasks', 'run', 'Web_Log_Processing', 'process_logs_to_csv', 'scheduled__2025-04-02T00:00:00+00:00', '--job-id', '2', '--raw', '--subdir', 'DAGS_FOLDER/w3c.py', '--cfg-path', '/tmp/tmp0ai87vyy']
[2025-04-03T19:21:50.401+0000] {standard_task_runner.py:88} INFO - Job 2: Subtask process_logs_to_csv
[2025-04-03T19:21:50.457+0000] {task_command.py:423} INFO - Running <TaskInstance: Web_Log_Processing.process_logs_to_csv scheduled__2025-04-02T00:00:00+00:00 [running]> on host a8bdfd477677
[2025-04-03T19:21:50.698+0000] {taskinstance.py:2480} INFO - Exporting env vars: AIRFLOW_CTX_DAG_OWNER='***' AIRFLOW_CTX_DAG_ID='Web_Log_Processing' AIRFLOW_CTX_TASK_ID='process_logs_to_csv' AIRFLOW_CTX_EXECUTION_DATE='2025-04-02T00:00:00+00:00' AIRFLOW_CTX_TRY_NUMBER='1' AIRFLOW_CTX_DAG_RUN_ID='scheduled__2025-04-02T00:00:00+00:00'
[2025-04-03T19:21:50.700+0000] {subprocess.py:63} INFO - Tmp dir root location: /tmp
[2025-04-03T19:21:50.702+0000] {subprocess.py:75} INFO - Running command: ['/usr/bin/bash', '-c', 'cd /opt/***/dags && python3 log_to_csv.py']
[2025-04-03T19:21:50.711+0000] {subprocess.py:86} INFO - Output:
[2025-04-03T19:21:54.046+0000] {subprocess.py:93} INFO - Starting log processing...
[2025-04-03T19:21:54.046+0000] {subprocess.py:93} INFO - Files found: 93
[2025-04-03T19:21:54.047+0000] {subprocess.py:93} INFO - Processing: /opt/***/data/ISSLogs/u_ex091024.log
[2025-04-03T19:21:54.048+0000] {subprocess.py:93} INFO - u_ex091024.log: ✅ 11 valid, ❌ 0 skipped
[2025-04-03T19:21:54.049+0000] {subprocess.py:93} INFO - Processing: /opt/***/data/ISSLogs/u_ex091025.log
[2025-04-03T19:21:54.050+0000] {subprocess.py:93} INFO - u_ex091025.log: ✅ 110 valid, ❌ 0 skipped
[2025-04-03T19:21:54.053+0000] {subprocess.py:93} INFO - Processing: /opt/***/data/ISSLogs/u_ex091102.log
[2025-04-03T19:21:54.054+0000] {subprocess.py:93} INFO - u_ex091102.log: ✅ 3763 valid, ❌ 0 skipped
[2025-04-03T19:21:54.055+0000] {subprocess.py:93} INFO - Processing: /opt/***/data/ISSLogs/u_ex091103.log
[2025-04-03T19:21:54.056+0000] {subprocess.py:93} INFO - u_ex091103.log: ✅ 3672 valid, ❌ 0 skipped
[2025-04-03T19:21:54.057+0000] {subprocess.py:93} INFO - Processing: /opt/***/data/ISSLogs/u_ex091106.log
[2025-04-03T19:21:54.057+0000] {subprocess.py:93} INFO - u_ex091106.log: ✅ 282 valid, ❌ 0 skipped
[2025-04-03T19:21:54.058+0000] {subprocess.py:93} INFO - Processing: /opt/***/data/ISSLogs/u_ex091120.log
[2025-04-03T19:21:54.058+0000] {subprocess.py:93} INFO - u_ex091120.log: ✅ 967 valid, ❌ 0 skipped
[2025-04-03T19:21:54.059+0000] {subprocess.py:93} INFO - Processing: /opt/***/data/ISSLogs/u_ex091123.log
[2025-04-03T19:21:54.060+0000] {subprocess.py:93} INFO - u_ex091123.log: ✅ 1955 valid, ❌ 0 skipped
[2025-04-03T19:21:54.061+0000] {subprocess.py:93} INFO - Processing: /opt/***/data/ISSLogs/u_ex091130.log
[2025-04-03T19:21:54.062+0000] {subprocess.py:93} INFO - u_ex091130.log: ✅ 2544 valid, ❌ 1109 skipped
[2025-04-03T19:21:54.062+0000] {subprocess.py:93} INFO - Processing: /opt/***/data/ISSLogs/u_ex091207.log
[2025-04-03T19:21:54.064+0000] {subprocess.py:93} INFO - u_ex091207.log: ✅ 3299 valid, ❌ 0 skipped
[2025-04-03T19:21:54.064+0000] {subprocess.py:93} INFO - Processing: /opt/***/data/ISSLogs/u_ex091211.log
[2025-04-03T19:21:54.065+0000] {subprocess.py:93} INFO - u_ex091211.log: ✅ 1054 valid, ❌ 0 skipped
[2025-04-03T19:21:54.066+0000] {subprocess.py:93} INFO - Processing: /opt/***/data/ISSLogs/u_ex091213.log
[2025-04-03T19:21:54.067+0000] {subprocess.py:93} INFO - u_ex091213.log: ✅ 1474 valid, ❌ 0 skipped
[2025-04-03T19:21:54.068+0000] {subprocess.py:93} INFO - Processing: /opt/***/data/ISSLogs/u_ex100104.log
[2025-04-03T19:21:54.068+0000] {subprocess.py:93} INFO - u_ex100104.log: ✅ 1633 valid, ❌ 0 skipped
[2025-04-03T19:21:54.069+0000] {subprocess.py:93} INFO - Processing: /opt/***/data/ISSLogs/u_ex100105.log
[2025-04-03T19:21:54.069+0000] {subprocess.py:93} INFO - u_ex100105.log: ✅ 1599 valid, ❌ 0 skipped
[2025-04-03T19:21:54.071+0000] {subprocess.py:93} INFO - Processing: /opt/***/data/ISSLogs/u_ex100106.log
[2025-04-03T19:21:54.071+0000] {subprocess.py:93} INFO - u_ex100106.log: ✅ 3572 valid, ❌ 0 skipped
[2025-04-03T19:21:54.072+0000] {subprocess.py:93} INFO - Processing: /opt/***/data/ISSLogs/u_ex100112.log
[2025-04-03T19:21:54.072+0000] {subprocess.py:93} INFO - u_ex100112.log: ✅ 5513 valid, ❌ 0 skipped
[2025-04-03T19:21:54.073+0000] {subprocess.py:93} INFO - Processing: /opt/***/data/ISSLogs/u_ex100113.log
[2025-04-03T19:21:54.074+0000] {subprocess.py:93} INFO - u_ex100113.log: ✅ 3201 valid, ❌ 0 skipped
[2025-04-03T19:21:54.075+0000] {subprocess.py:93} INFO - Processing: /opt/***/data/ISSLogs/u_ex100117.log
[2025-04-03T19:21:54.076+0000] {subprocess.py:93} INFO - u_ex100117.log: ✅ 2725 valid, ❌ 0 skipped
[2025-04-03T19:21:54.076+0000] {subprocess.py:93} INFO - Processing: /opt/***/data/ISSLogs/u_ex100131.log
[2025-04-03T19:21:54.077+0000] {subprocess.py:93} INFO - u_ex100131.log: ✅ 1532 valid, ❌ 0 skipped
[2025-04-03T19:21:54.078+0000] {subprocess.py:93} INFO - Processing: /opt/***/data/ISSLogs/u_ex100204.log
[2025-04-03T19:21:54.078+0000] {subprocess.py:93} INFO - u_ex100204.log: ✅ 3088 valid, ❌ 0 skipped
[2025-04-03T19:21:54.079+0000] {subprocess.py:93} INFO - Processing: /opt/***/data/ISSLogs/u_ex100205.log
[2025-04-03T19:21:54.080+0000] {subprocess.py:93} INFO - u_ex100205.log: ✅ 825 valid, ❌ 0 skipped
[2025-04-03T19:21:54.081+0000] {subprocess.py:93} INFO - Processing: /opt/***/data/ISSLogs/u_ex100221.log
[2025-04-03T19:21:54.081+0000] {subprocess.py:93} INFO - u_ex100221.log: ✅ 1134 valid, ❌ 0 skipped
[2025-04-03T19:21:54.082+0000] {subprocess.py:93} INFO - Processing: /opt/***/data/ISSLogs/u_ex100302.log
[2025-04-03T19:21:54.082+0000] {subprocess.py:93} INFO - u_ex100302.log: ✅ 2910 valid, ❌ 0 skipped
[2025-04-03T19:21:54.083+0000] {subprocess.py:93} INFO - Processing: /opt/***/data/ISSLogs/u_ex100304.log
[2025-04-03T19:21:54.083+0000] {subprocess.py:93} INFO - u_ex100304.log: ✅ 1681 valid, ❌ 0 skipped
[2025-04-03T19:21:54.084+0000] {subprocess.py:93} INFO - Processing: /opt/***/data/ISSLogs/u_ex100307.log
[2025-04-03T19:21:54.084+0000] {subprocess.py:93} INFO - u_ex100307.log: ✅ 1086 valid, ❌ 0 skipped
[2025-04-03T19:21:54.085+0000] {subprocess.py:93} INFO - Processing: /opt/***/data/ISSLogs/u_ex100309.log
[2025-04-03T19:21:54.086+0000] {subprocess.py:93} INFO - u_ex100309.log: ✅ 1493 valid, ❌ 0 skipped
[2025-04-03T19:21:54.086+0000] {subprocess.py:93} INFO - Processing: /opt/***/data/ISSLogs/u_ex100314.log
[2025-04-03T19:21:54.087+0000] {subprocess.py:93} INFO - u_ex100314.log: ✅ 1813 valid, ❌ 0 skipped
[2025-04-03T19:21:54.088+0000] {subprocess.py:93} INFO - Processing: /opt/***/data/ISSLogs/u_ex100315.log
[2025-04-03T19:21:54.088+0000] {subprocess.py:93} INFO - u_ex100315.log: ✅ 3402 valid, ❌ 0 skipped
[2025-04-03T19:21:54.089+0000] {subprocess.py:93} INFO - Processing: /opt/***/data/ISSLogs/u_ex100322.log
[2025-04-03T19:21:54.090+0000] {subprocess.py:93} INFO - u_ex100322.log: ✅ 1907 valid, ❌ 0 skipped
[2025-04-03T19:21:54.091+0000] {subprocess.py:93} INFO - Processing: /opt/***/data/ISSLogs/u_ex100406.log
[2025-04-03T19:21:54.092+0000] {subprocess.py:93} INFO - u_ex100406.log: ✅ 2740 valid, ❌ 0 skipped
[2025-04-03T19:21:54.093+0000] {subprocess.py:93} INFO - Processing: /opt/***/data/ISSLogs/u_ex100419.log
[2025-04-03T19:21:54.095+0000] {subprocess.py:93} INFO - u_ex100419.log: ✅ 1865 valid, ❌ 0 skipped
[2025-04-03T19:21:54.095+0000] {subprocess.py:93} INFO - Processing: /opt/***/data/ISSLogs/u_ex100422.log
[2025-04-03T19:21:54.096+0000] {subprocess.py:93} INFO - u_ex100422.log: ✅ 1954 valid, ❌ 0 skipped
[2025-04-03T19:21:54.096+0000] {subprocess.py:93} INFO - Processing: /opt/***/data/ISSLogs/u_ex100423.log
[2025-04-03T19:21:54.097+0000] {subprocess.py:93} INFO - u_ex100423.log: ✅ 2136 valid, ❌ 0 skipped
[2025-04-03T19:21:54.098+0000] {subprocess.py:93} INFO - Processing: /opt/***/data/ISSLogs/u_ex100424.log
[2025-04-03T19:21:54.098+0000] {subprocess.py:93} INFO - u_ex100424.log: ✅ 1016 valid, ❌ 0 skipped
[2025-04-03T19:21:54.099+0000] {subprocess.py:93} INFO - Processing: /opt/***/data/ISSLogs/u_ex100425.log
[2025-04-03T19:21:54.100+0000] {subprocess.py:93} INFO - u_ex100425.log: ✅ 1732 valid, ❌ 0 skipped
[2025-04-03T19:21:54.103+0000] {subprocess.py:93} INFO - Processing: /opt/***/data/ISSLogs/u_ex100430.log
[2025-04-03T19:21:54.104+0000] {subprocess.py:93} INFO - u_ex100430.log: ✅ 1913 valid, ❌ 0 skipped
[2025-04-03T19:21:54.104+0000] {subprocess.py:93} INFO - Processing: /opt/***/data/ISSLogs/u_ex100519.log
[2025-04-03T19:21:54.105+0000] {subprocess.py:93} INFO - u_ex100519.log: ✅ 1547 valid, ❌ 0 skipped
[2025-04-03T19:21:54.106+0000] {subprocess.py:93} INFO - Processing: /opt/***/data/ISSLogs/u_ex100520.log
[2025-04-03T19:21:54.106+0000] {subprocess.py:93} INFO - u_ex100520.log: ✅ 1218 valid, ❌ 0 skipped
[2025-04-03T19:21:54.106+0000] {subprocess.py:93} INFO - Processing: /opt/***/data/ISSLogs/u_ex100526.log
[2025-04-03T19:21:54.108+0000] {subprocess.py:93} INFO - u_ex100526.log: ✅ 1460 valid, ❌ 0 skipped
[2025-04-03T19:21:54.108+0000] {subprocess.py:93} INFO - Processing: /opt/***/data/ISSLogs/u_ex100528.log
[2025-04-03T19:21:54.108+0000] {subprocess.py:93} INFO - u_ex100528.log: ✅ 1491 valid, ❌ 0 skipped
[2025-04-03T19:21:54.109+0000] {subprocess.py:93} INFO - Processing: /opt/***/data/ISSLogs/u_ex100612.log
[2025-04-03T19:21:54.110+0000] {subprocess.py:93} INFO - u_ex100612.log: ✅ 979 valid, ❌ 0 skipped
[2025-04-03T19:21:54.110+0000] {subprocess.py:93} INFO - Processing: /opt/***/data/ISSLogs/u_ex100615.log
[2025-04-03T19:21:54.111+0000] {subprocess.py:93} INFO - u_ex100615.log: ✅ 1135 valid, ❌ 0 skipped
[2025-04-03T19:21:54.111+0000] {subprocess.py:93} INFO - Processing: /opt/***/data/ISSLogs/u_ex100619.log
[2025-04-03T19:21:54.112+0000] {subprocess.py:93} INFO - u_ex100619.log: ✅ 1098 valid, ❌ 0 skipped
[2025-04-03T19:21:54.112+0000] {subprocess.py:93} INFO - Processing: /opt/***/data/ISSLogs/u_ex100622.log
[2025-04-03T19:21:54.114+0000] {subprocess.py:93} INFO - u_ex100622.log: ✅ 1583 valid, ❌ 0 skipped
[2025-04-03T19:21:54.115+0000] {subprocess.py:93} INFO - Processing: /opt/***/data/ISSLogs/u_ex100626.log
[2025-04-03T19:21:54.116+0000] {subprocess.py:93} INFO - u_ex100626.log: ✅ 964 valid, ❌ 0 skipped
[2025-04-03T19:21:54.116+0000] {subprocess.py:93} INFO - Processing: /opt/***/data/ISSLogs/u_ex100628.log
[2025-04-03T19:21:54.117+0000] {subprocess.py:93} INFO - u_ex100628.log: ✅ 1143 valid, ❌ 0 skipped
[2025-04-03T19:21:54.117+0000] {subprocess.py:93} INFO - Processing: /opt/***/data/ISSLogs/u_ex100629.log
[2025-04-03T19:21:54.118+0000] {subprocess.py:93} INFO - u_ex100629.log: ✅ 1086 valid, ❌ 0 skipped
[2025-04-03T19:21:54.118+0000] {subprocess.py:93} INFO - Processing: /opt/***/data/ISSLogs/u_ex100630.log
[2025-04-03T19:21:54.119+0000] {subprocess.py:93} INFO - u_ex100630.log: ✅ 1069 valid, ❌ 0 skipped
[2025-04-03T19:21:54.120+0000] {subprocess.py:93} INFO - Processing: /opt/***/data/ISSLogs/u_ex100705.log
[2025-04-03T19:21:54.120+0000] {subprocess.py:93} INFO - u_ex100705.log: ✅ 1087 valid, ❌ 0 skipped
[2025-04-03T19:21:54.121+0000] {subprocess.py:93} INFO - Processing: /opt/***/data/ISSLogs/u_ex100708.log
[2025-04-03T19:21:54.122+0000] {subprocess.py:93} INFO - u_ex100708.log: ✅ 1729 valid, ❌ 0 skipped
[2025-04-03T19:21:54.122+0000] {subprocess.py:93} INFO - Processing: /opt/***/data/ISSLogs/u_ex100714.log
[2025-04-03T19:21:54.123+0000] {subprocess.py:93} INFO - u_ex100714.log: ✅ 977 valid, ❌ 0 skipped
[2025-04-03T19:21:54.123+0000] {subprocess.py:93} INFO - Processing: /opt/***/data/ISSLogs/u_ex100718.log
[2025-04-03T19:21:54.123+0000] {subprocess.py:93} INFO - u_ex100718.log: ✅ 1678 valid, ❌ 0 skipped
[2025-04-03T19:21:54.124+0000] {subprocess.py:93} INFO - Processing: /opt/***/data/ISSLogs/u_ex100725.log
[2025-04-03T19:21:54.124+0000] {subprocess.py:93} INFO - u_ex100725.log: ✅ 1351 valid, ❌ 0 skipped
[2025-04-03T19:21:54.125+0000] {subprocess.py:93} INFO - Processing: /opt/***/data/ISSLogs/u_ex100801.log
[2025-04-03T19:21:54.125+0000] {subprocess.py:93} INFO - u_ex100801.log: ✅ 859 valid, ❌ 0 skipped
[2025-04-03T19:21:54.126+0000] {subprocess.py:93} INFO - Processing: /opt/***/data/ISSLogs/u_ex100808.log
[2025-04-03T19:21:54.126+0000] {subprocess.py:93} INFO - u_ex100808.log: ✅ 800 valid, ❌ 0 skipped
[2025-04-03T19:21:54.127+0000] {subprocess.py:93} INFO - Processing: /opt/***/data/ISSLogs/u_ex100809.log
[2025-04-03T19:21:54.127+0000] {subprocess.py:93} INFO - u_ex100809.log: ✅ 1920 valid, ❌ 0 skipped
[2025-04-03T19:21:54.128+0000] {subprocess.py:93} INFO - Processing: /opt/***/data/ISSLogs/u_ex100830.log
[2025-04-03T19:21:54.128+0000] {subprocess.py:93} INFO - u_ex100830.log: ✅ 897 valid, ❌ 0 skipped
[2025-04-03T19:21:54.129+0000] {subprocess.py:93} INFO - Processing: /opt/***/data/ISSLogs/u_ex100906.log
[2025-04-03T19:21:54.129+0000] {subprocess.py:93} INFO - u_ex100906.log: ✅ 831 valid, ❌ 0 skipped
[2025-04-03T19:21:54.130+0000] {subprocess.py:93} INFO - Processing: /opt/***/data/ISSLogs/u_ex100912.log
[2025-04-03T19:21:54.130+0000] {subprocess.py:93} INFO - u_ex100912.log: ✅ 1310 valid, ❌ 0 skipped
[2025-04-03T19:21:54.131+0000] {subprocess.py:93} INFO - Processing: /opt/***/data/ISSLogs/u_ex100916.log
[2025-04-03T19:21:54.131+0000] {subprocess.py:93} INFO - u_ex100916.log: ✅ 1732 valid, ❌ 0 skipped
[2025-04-03T19:21:54.132+0000] {subprocess.py:93} INFO - Processing: /opt/***/data/ISSLogs/u_ex100923.log
[2025-04-03T19:21:54.132+0000] {subprocess.py:93} INFO - u_ex100923.log: ✅ 1854 valid, ❌ 0 skipped
[2025-04-03T19:21:54.133+0000] {subprocess.py:93} INFO - Processing: /opt/***/data/ISSLogs/u_ex100924.log
[2025-04-03T19:21:54.133+0000] {subprocess.py:93} INFO - u_ex100924.log: ✅ 1218 valid, ❌ 0 skipped
[2025-04-03T19:21:54.134+0000] {subprocess.py:93} INFO - Processing: /opt/***/data/ISSLogs/u_ex100926.log
[2025-04-03T19:21:54.134+0000] {subprocess.py:93} INFO - u_ex100926.log: ✅ 1374 valid, ❌ 0 skipped
[2025-04-03T19:21:54.135+0000] {subprocess.py:93} INFO - Processing: /opt/***/data/ISSLogs/u_ex101008.log
[2025-04-03T19:21:54.135+0000] {subprocess.py:93} INFO - u_ex101008.log: ✅ 2612 valid, ❌ 0 skipped
[2025-04-03T19:21:54.136+0000] {subprocess.py:93} INFO - Processing: /opt/***/data/ISSLogs/u_ex101020.log
[2025-04-03T19:21:54.136+0000] {subprocess.py:93} INFO - u_ex101020.log: ✅ 1205 valid, ❌ 0 skipped
[2025-04-03T19:21:54.137+0000] {subprocess.py:93} INFO - Processing: /opt/***/data/ISSLogs/u_ex101023.log
[2025-04-03T19:21:54.137+0000] {subprocess.py:93} INFO - u_ex101023.log: ✅ 2199 valid, ❌ 0 skipped
[2025-04-03T19:21:54.138+0000] {subprocess.py:93} INFO - Processing: /opt/***/data/ISSLogs/u_ex101025.log
[2025-04-03T19:21:54.138+0000] {subprocess.py:93} INFO - u_ex101025.log: ✅ 1204 valid, ❌ 0 skipped
[2025-04-03T19:21:54.138+0000] {subprocess.py:93} INFO - Processing: /opt/***/data/ISSLogs/u_ex101027.log
[2025-04-03T19:21:54.139+0000] {subprocess.py:93} INFO - u_ex101027.log: ✅ 1957 valid, ❌ 0 skipped
[2025-04-03T19:21:54.139+0000] {subprocess.py:93} INFO - Processing: /opt/***/data/ISSLogs/u_ex101031.log
[2025-04-03T19:21:54.140+0000] {subprocess.py:93} INFO - u_ex101031.log: ✅ 1092 valid, ❌ 0 skipped
[2025-04-03T19:21:54.140+0000] {subprocess.py:93} INFO - Processing: /opt/***/data/ISSLogs/u_ex101101.log
[2025-04-03T19:21:54.140+0000] {subprocess.py:93} INFO - u_ex101101.log: ✅ 2030 valid, ❌ 0 skipped
[2025-04-03T19:21:54.141+0000] {subprocess.py:93} INFO - Processing: /opt/***/data/ISSLogs/u_ex101111.log
[2025-04-03T19:21:54.141+0000] {subprocess.py:93} INFO - u_ex101111.log: ✅ 1243 valid, ❌ 0 skipped
[2025-04-03T19:21:54.142+0000] {subprocess.py:93} INFO - Processing: /opt/***/data/ISSLogs/u_ex101113.log
[2025-04-03T19:21:54.142+0000] {subprocess.py:93} INFO - u_ex101113.log: ✅ 1296 valid, ❌ 0 skipped
[2025-04-03T19:21:54.143+0000] {subprocess.py:93} INFO - Processing: /opt/***/data/ISSLogs/u_ex101118.log
[2025-04-03T19:21:54.143+0000] {subprocess.py:93} INFO - u_ex101118.log: ✅ 1255 valid, ❌ 0 skipped
[2025-04-03T19:21:54.144+0000] {subprocess.py:93} INFO - Processing: /opt/***/data/ISSLogs/u_ex101126.log
[2025-04-03T19:21:54.144+0000] {subprocess.py:93} INFO - u_ex101126.log: ✅ 1828 valid, ❌ 0 skipped
[2025-04-03T19:21:54.144+0000] {subprocess.py:93} INFO - Processing: /opt/***/data/ISSLogs/u_ex101202.log
[2025-04-03T19:21:54.145+0000] {subprocess.py:93} INFO - u_ex101202.log: ✅ 891 valid, ❌ 0 skipped
[2025-04-03T19:21:54.145+0000] {subprocess.py:93} INFO - Processing: /opt/***/data/ISSLogs/u_ex101212.log
[2025-04-03T19:21:54.145+0000] {subprocess.py:93} INFO - u_ex101212.log: ✅ 1331 valid, ❌ 0 skipped
[2025-04-03T19:21:54.146+0000] {subprocess.py:93} INFO - Processing: /opt/***/data/ISSLogs/u_ex101215.log
[2025-04-03T19:21:54.147+0000] {subprocess.py:93} INFO - u_ex101215.log: ✅ 1474 valid, ❌ 0 skipped
[2025-04-03T19:21:54.147+0000] {subprocess.py:93} INFO - Processing: /opt/***/data/ISSLogs/u_ex101223.log
[2025-04-03T19:21:54.148+0000] {subprocess.py:93} INFO - u_ex101223.log: ✅ 997 valid, ❌ 0 skipped
[2025-04-03T19:21:54.148+0000] {subprocess.py:93} INFO - Processing: /opt/***/data/ISSLogs/u_ex101225.log
[2025-04-03T19:21:54.149+0000] {subprocess.py:93} INFO - u_ex101225.log: ✅ 812 valid, ❌ 0 skipped
[2025-04-03T19:21:54.149+0000] {subprocess.py:93} INFO - Processing: /opt/***/data/ISSLogs/u_ex110119.log
[2025-04-03T19:21:54.150+0000] {subprocess.py:93} INFO - u_ex110119.log: ✅ 2033 valid, ❌ 0 skipped
[2025-04-03T19:21:54.150+0000] {subprocess.py:93} INFO - Processing: /opt/***/data/ISSLogs/u_ex110130.log
[2025-04-03T19:21:54.151+0000] {subprocess.py:93} INFO - u_ex110130.log: ✅ 878 valid, ❌ 0 skipped
[2025-04-03T19:21:54.151+0000] {subprocess.py:93} INFO - Processing: /opt/***/data/ISSLogs/u_ex110205.log
[2025-04-03T19:21:54.152+0000] {subprocess.py:93} INFO - u_ex110205.log: ✅ 763 valid, ❌ 0 skipped
[2025-04-03T19:21:54.152+0000] {subprocess.py:93} INFO - Processing: /opt/***/data/ISSLogs/u_ex110209.log
[2025-04-03T19:21:54.153+0000] {subprocess.py:93} INFO - u_ex110209.log: ✅ 2137 valid, ❌ 0 skipped
[2025-04-03T19:41:02.608+0000] {local_task_job_runner.py:302} WARNING - State of this instance has been externally set to failed. Terminating instance.
[2025-04-03T19:41:02.623+0000] {process_utils.py:131} INFO - Sending 15 to group 248. PIDs of all processes in the group: [249, 248]
[2025-04-03T19:41:02.625+0000] {process_utils.py:86} INFO - Sending the signal 15 to group 248
[2025-04-03T19:41:02.630+0000] {taskinstance.py:2450} ERROR - Received SIGTERM. Terminating subprocesses.
[2025-04-03T19:41:02.640+0000] {subprocess.py:104} INFO - Sending SIGTERM signal to process group
[2025-04-03T19:41:02.759+0000] {process_utils.py:79} INFO - Process psutil.Process(pid=249, status='terminated', started='19:21:50') (249) terminated with exit code None
[2025-04-03T19:41:02.760+0000] {process_utils.py:79} INFO - Process psutil.Process(pid=248, status='terminated', exitcode=0, started='19:21:50') (248) terminated with exit code 0
[2025-04-03T19:48:39.644+0000] {taskinstance.py:1956} INFO - Dependencies all met for dep_context=non-requeueable deps ti=<TaskInstance: Web_Log_Processing.process_logs_to_csv scheduled__2025-04-02T00:00:00+00:00 [queued]>
[2025-04-03T19:48:39.654+0000] {taskinstance.py:1956} INFO - Dependencies all met for dep_context=requeueable deps ti=<TaskInstance: Web_Log_Processing.process_logs_to_csv scheduled__2025-04-02T00:00:00+00:00 [queued]>
[2025-04-03T19:48:39.655+0000] {taskinstance.py:2170} INFO - Starting attempt 1 of 4
[2025-04-03T19:48:39.668+0000] {taskinstance.py:2191} INFO - Executing <Task(BashOperator): process_logs_to_csv> on 2025-04-02 00:00:00+00:00
[2025-04-03T19:48:39.674+0000] {standard_task_runner.py:60} INFO - Started process 192 to run task
[2025-04-03T19:48:39.676+0000] {standard_task_runner.py:87} INFO - Running: ['***', 'tasks', 'run', 'Web_Log_Processing', 'process_logs_to_csv', 'scheduled__2025-04-02T00:00:00+00:00', '--job-id', '2', '--raw', '--subdir', 'DAGS_FOLDER/w3c.py', '--cfg-path', '/tmp/tmp1bkqgy7e']
[2025-04-03T19:48:39.679+0000] {standard_task_runner.py:88} INFO - Job 2: Subtask process_logs_to_csv
[2025-04-03T19:48:39.725+0000] {task_command.py:423} INFO - Running <TaskInstance: Web_Log_Processing.process_logs_to_csv scheduled__2025-04-02T00:00:00+00:00 [running]> on host cd03fe8549a5
[2025-04-03T19:48:39.987+0000] {taskinstance.py:2480} INFO - Exporting env vars: AIRFLOW_CTX_DAG_OWNER='***' AIRFLOW_CTX_DAG_ID='Web_Log_Processing' AIRFLOW_CTX_TASK_ID='process_logs_to_csv' AIRFLOW_CTX_EXECUTION_DATE='2025-04-02T00:00:00+00:00' AIRFLOW_CTX_TRY_NUMBER='1' AIRFLOW_CTX_DAG_RUN_ID='scheduled__2025-04-02T00:00:00+00:00'
[2025-04-03T19:48:39.989+0000] {subprocess.py:63} INFO - Tmp dir root location: /tmp
[2025-04-03T19:48:39.991+0000] {subprocess.py:75} INFO - Running command: ['/usr/bin/bash', '-c', 'cd /opt/***/dags && python3 log_to_csv.py']
[2025-04-03T19:48:40.001+0000] {subprocess.py:86} INFO - Output:
[2025-04-03T19:48:43.051+0000] {subprocess.py:93} INFO - Starting log processing...
[2025-04-03T19:48:43.052+0000] {subprocess.py:93} INFO - Files found: 93
[2025-04-03T19:48:43.053+0000] {subprocess.py:93} INFO - Processing: /opt/***/data/ISSLogs/u_ex091024.log
[2025-04-03T19:48:43.054+0000] {subprocess.py:93} INFO - u_ex091024.log: ✅ 11 valid, ❌ 0 skipped
[2025-04-03T19:48:43.054+0000] {subprocess.py:93} INFO - Processing: /opt/***/data/ISSLogs/u_ex091025.log
[2025-04-03T19:48:43.055+0000] {subprocess.py:93} INFO - u_ex091025.log: ✅ 110 valid, ❌ 0 skipped
[2025-04-03T19:48:43.056+0000] {subprocess.py:93} INFO - Processing: /opt/***/data/ISSLogs/u_ex091102.log
[2025-04-03T19:48:43.057+0000] {subprocess.py:93} INFO - u_ex091102.log: ✅ 3763 valid, ❌ 0 skipped
[2025-04-03T19:48:43.057+0000] {subprocess.py:93} INFO - Processing: /opt/***/data/ISSLogs/u_ex091103.log
[2025-04-03T19:48:43.058+0000] {subprocess.py:93} INFO - u_ex091103.log: ✅ 3672 valid, ❌ 0 skipped
[2025-04-03T19:48:43.058+0000] {subprocess.py:93} INFO - Processing: /opt/***/data/ISSLogs/u_ex091106.log
[2025-04-03T19:48:43.059+0000] {subprocess.py:93} INFO - u_ex091106.log: ✅ 282 valid, ❌ 0 skipped
[2025-04-03T19:48:43.059+0000] {subprocess.py:93} INFO - Processing: /opt/***/data/ISSLogs/u_ex091120.log
[2025-04-03T19:48:43.060+0000] {subprocess.py:93} INFO - u_ex091120.log: ✅ 967 valid, ❌ 0 skipped
[2025-04-03T19:48:43.060+0000] {subprocess.py:93} INFO - Processing: /opt/***/data/ISSLogs/u_ex091123.log
[2025-04-03T19:48:43.061+0000] {subprocess.py:93} INFO - u_ex091123.log: ✅ 1955 valid, ❌ 0 skipped
[2025-04-03T19:48:43.061+0000] {subprocess.py:93} INFO - Processing: /opt/***/data/ISSLogs/u_ex091130.log
[2025-04-03T19:48:43.062+0000] {subprocess.py:93} INFO - u_ex091130.log: ✅ 2544 valid, ❌ 1109 skipped
[2025-04-03T19:48:43.063+0000] {subprocess.py:93} INFO - Processing: /opt/***/data/ISSLogs/u_ex091207.log
[2025-04-03T19:48:43.064+0000] {subprocess.py:93} INFO - u_ex091207.log: ✅ 3299 valid, ❌ 0 skipped
[2025-04-03T19:48:43.064+0000] {subprocess.py:93} INFO - Processing: /opt/***/data/ISSLogs/u_ex091211.log
[2025-04-03T19:48:43.065+0000] {subprocess.py:93} INFO - u_ex091211.log: ✅ 1054 valid, ❌ 0 skipped
[2025-04-03T19:48:43.065+0000] {subprocess.py:93} INFO - Processing: /opt/***/data/ISSLogs/u_ex091213.log
[2025-04-03T19:48:43.066+0000] {subprocess.py:93} INFO - u_ex091213.log: ✅ 1474 valid, ❌ 0 skipped
[2025-04-03T19:48:43.066+0000] {subprocess.py:93} INFO - Processing: /opt/***/data/ISSLogs/u_ex100104.log
[2025-04-03T19:48:43.067+0000] {subprocess.py:93} INFO - u_ex100104.log: ✅ 1633 valid, ❌ 0 skipped
[2025-04-03T19:48:43.067+0000] {subprocess.py:93} INFO - Processing: /opt/***/data/ISSLogs/u_ex100105.log
[2025-04-03T19:48:43.068+0000] {subprocess.py:93} INFO - u_ex100105.log: ✅ 1599 valid, ❌ 0 skipped
[2025-04-03T19:48:43.068+0000] {subprocess.py:93} INFO - Processing: /opt/***/data/ISSLogs/u_ex100106.log
[2025-04-03T19:48:43.068+0000] {subprocess.py:93} INFO - u_ex100106.log: ✅ 3572 valid, ❌ 0 skipped
[2025-04-03T19:48:43.069+0000] {subprocess.py:93} INFO - Processing: /opt/***/data/ISSLogs/u_ex100112.log
[2025-04-03T19:48:43.069+0000] {subprocess.py:93} INFO - u_ex100112.log: ✅ 5513 valid, ❌ 0 skipped
[2025-04-03T19:48:43.070+0000] {subprocess.py:93} INFO - Processing: /opt/***/data/ISSLogs/u_ex100113.log
[2025-04-03T19:48:43.071+0000] {subprocess.py:93} INFO - u_ex100113.log: ✅ 3201 valid, ❌ 0 skipped
[2025-04-03T19:48:43.071+0000] {subprocess.py:93} INFO - Processing: /opt/***/data/ISSLogs/u_ex100117.log
[2025-04-03T19:48:43.072+0000] {subprocess.py:93} INFO - u_ex100117.log: ✅ 2725 valid, ❌ 0 skipped
[2025-04-03T19:48:43.072+0000] {subprocess.py:93} INFO - Processing: /opt/***/data/ISSLogs/u_ex100131.log
[2025-04-03T19:48:43.073+0000] {subprocess.py:93} INFO - u_ex100131.log: ✅ 1532 valid, ❌ 0 skipped
[2025-04-03T19:48:43.074+0000] {subprocess.py:93} INFO - Processing: /opt/***/data/ISSLogs/u_ex100204.log
[2025-04-03T19:48:43.074+0000] {subprocess.py:93} INFO - u_ex100204.log: ✅ 3088 valid, ❌ 0 skipped
[2025-04-03T19:48:43.075+0000] {subprocess.py:93} INFO - Processing: /opt/***/data/ISSLogs/u_ex100205.log
[2025-04-03T19:48:43.075+0000] {subprocess.py:93} INFO - u_ex100205.log: ✅ 825 valid, ❌ 0 skipped
[2025-04-03T19:48:43.075+0000] {subprocess.py:93} INFO - Processing: /opt/***/data/ISSLogs/u_ex100221.log
[2025-04-03T19:48:43.076+0000] {subprocess.py:93} INFO - u_ex100221.log: ✅ 1134 valid, ❌ 0 skipped
[2025-04-03T19:48:43.077+0000] {subprocess.py:93} INFO - Processing: /opt/***/data/ISSLogs/u_ex100302.log
[2025-04-03T19:48:43.078+0000] {subprocess.py:93} INFO - u_ex100302.log: ✅ 2910 valid, ❌ 0 skipped
[2025-04-03T19:48:43.078+0000] {subprocess.py:93} INFO - Processing: /opt/***/data/ISSLogs/u_ex100304.log
[2025-04-03T19:48:43.079+0000] {subprocess.py:93} INFO - u_ex100304.log: ✅ 1681 valid, ❌ 0 skipped
[2025-04-03T19:48:43.080+0000] {subprocess.py:93} INFO - Processing: /opt/***/data/ISSLogs/u_ex100307.log
[2025-04-03T19:48:43.080+0000] {subprocess.py:93} INFO - u_ex100307.log: ✅ 1086 valid, ❌ 0 skipped
[2025-04-03T19:48:43.080+0000] {subprocess.py:93} INFO - Processing: /opt/***/data/ISSLogs/u_ex100309.log
[2025-04-03T19:48:43.081+0000] {subprocess.py:93} INFO - u_ex100309.log: ✅ 1493 valid, ❌ 0 skipped
[2025-04-03T19:48:43.081+0000] {subprocess.py:93} INFO - Processing: /opt/***/data/ISSLogs/u_ex100314.log
[2025-04-03T19:48:43.082+0000] {subprocess.py:93} INFO - u_ex100314.log: ✅ 1813 valid, ❌ 0 skipped
[2025-04-03T19:48:43.082+0000] {subprocess.py:93} INFO - Processing: /opt/***/data/ISSLogs/u_ex100315.log
[2025-04-03T19:48:43.083+0000] {subprocess.py:93} INFO - u_ex100315.log: ✅ 3402 valid, ❌ 0 skipped
[2025-04-03T19:48:43.084+0000] {subprocess.py:93} INFO - Processing: /opt/***/data/ISSLogs/u_ex100322.log
[2025-04-03T19:48:43.085+0000] {subprocess.py:93} INFO - u_ex100322.log: ✅ 1907 valid, ❌ 0 skipped
[2025-04-03T19:48:43.085+0000] {subprocess.py:93} INFO - Processing: /opt/***/data/ISSLogs/u_ex100406.log
[2025-04-03T19:48:43.086+0000] {subprocess.py:93} INFO - u_ex100406.log: ✅ 2740 valid, ❌ 0 skipped
[2025-04-03T19:48:43.086+0000] {subprocess.py:93} INFO - Processing: /opt/***/data/ISSLogs/u_ex100419.log
[2025-04-03T19:48:43.086+0000] {subprocess.py:93} INFO - u_ex100419.log: ✅ 1865 valid, ❌ 0 skipped
[2025-04-03T19:48:43.087+0000] {subprocess.py:93} INFO - Processing: /opt/***/data/ISSLogs/u_ex100422.log
[2025-04-03T19:48:43.087+0000] {subprocess.py:93} INFO - u_ex100422.log: ✅ 1954 valid, ❌ 0 skipped
[2025-04-03T19:48:43.087+0000] {subprocess.py:93} INFO - Processing: /opt/***/data/ISSLogs/u_ex100423.log
[2025-04-03T19:48:43.088+0000] {subprocess.py:93} INFO - u_ex100423.log: ✅ 2136 valid, ❌ 0 skipped
[2025-04-03T19:48:43.088+0000] {subprocess.py:93} INFO - Processing: /opt/***/data/ISSLogs/u_ex100424.log
[2025-04-03T19:48:43.089+0000] {subprocess.py:93} INFO - u_ex100424.log: ✅ 1016 valid, ❌ 0 skipped
[2025-04-03T19:48:43.089+0000] {subprocess.py:93} INFO - Processing: /opt/***/data/ISSLogs/u_ex100425.log
[2025-04-03T19:48:43.089+0000] {subprocess.py:93} INFO - u_ex100425.log: ✅ 1732 valid, ❌ 0 skipped
[2025-04-03T19:48:43.090+0000] {subprocess.py:93} INFO - Processing: /opt/***/data/ISSLogs/u_ex100430.log
[2025-04-03T19:48:43.090+0000] {subprocess.py:93} INFO - u_ex100430.log: ✅ 1913 valid, ❌ 0 skipped
[2025-04-03T19:48:43.091+0000] {subprocess.py:93} INFO - Processing: /opt/***/data/ISSLogs/u_ex100519.log
[2025-04-03T19:48:43.092+0000] {subprocess.py:93} INFO - u_ex100519.log: ✅ 1547 valid, ❌ 0 skipped
[2025-04-03T19:48:43.092+0000] {subprocess.py:93} INFO - Processing: /opt/***/data/ISSLogs/u_ex100520.log
[2025-04-03T19:48:43.093+0000] {subprocess.py:93} INFO - u_ex100520.log: ✅ 1218 valid, ❌ 0 skipped
[2025-04-03T19:48:43.093+0000] {subprocess.py:93} INFO - Processing: /opt/***/data/ISSLogs/u_ex100526.log
[2025-04-03T19:48:43.093+0000] {subprocess.py:93} INFO - u_ex100526.log: ✅ 1460 valid, ❌ 0 skipped
[2025-04-03T19:48:43.094+0000] {subprocess.py:93} INFO - Processing: /opt/***/data/ISSLogs/u_ex100528.log
[2025-04-03T19:48:43.094+0000] {subprocess.py:93} INFO - u_ex100528.log: ✅ 1491 valid, ❌ 0 skipped
[2025-04-03T19:48:43.095+0000] {subprocess.py:93} INFO - Processing: /opt/***/data/ISSLogs/u_ex100612.log
[2025-04-03T19:48:43.095+0000] {subprocess.py:93} INFO - u_ex100612.log: ✅ 979 valid, ❌ 0 skipped
[2025-04-03T19:48:43.095+0000] {subprocess.py:93} INFO - Processing: /opt/***/data/ISSLogs/u_ex100615.log
[2025-04-03T19:48:43.096+0000] {subprocess.py:93} INFO - u_ex100615.log: ✅ 1135 valid, ❌ 0 skipped
[2025-04-03T19:48:43.096+0000] {subprocess.py:93} INFO - Processing: /opt/***/data/ISSLogs/u_ex100619.log
[2025-04-03T19:48:43.096+0000] {subprocess.py:93} INFO - u_ex100619.log: ✅ 1098 valid, ❌ 0 skipped
[2025-04-03T19:48:43.097+0000] {subprocess.py:93} INFO - Processing: /opt/***/data/ISSLogs/u_ex100622.log
[2025-04-03T19:48:43.097+0000] {subprocess.py:93} INFO - u_ex100622.log: ✅ 1583 valid, ❌ 0 skipped
[2025-04-03T19:48:43.098+0000] {subprocess.py:93} INFO - Processing: /opt/***/data/ISSLogs/u_ex100626.log
[2025-04-03T19:48:43.098+0000] {subprocess.py:93} INFO - u_ex100626.log: ✅ 964 valid, ❌ 0 skipped
[2025-04-03T19:48:43.099+0000] {subprocess.py:93} INFO - Processing: /opt/***/data/ISSLogs/u_ex100628.log
[2025-04-03T19:48:43.099+0000] {subprocess.py:93} INFO - u_ex100628.log: ✅ 1143 valid, ❌ 0 skipped
[2025-04-03T19:48:43.100+0000] {subprocess.py:93} INFO - Processing: /opt/***/data/ISSLogs/u_ex100629.log
[2025-04-03T19:48:43.100+0000] {subprocess.py:93} INFO - u_ex100629.log: ✅ 1086 valid, ❌ 0 skipped
[2025-04-03T19:48:43.100+0000] {subprocess.py:93} INFO - Processing: /opt/***/data/ISSLogs/u_ex100630.log
[2025-04-03T19:48:43.101+0000] {subprocess.py:93} INFO - u_ex100630.log: ✅ 1069 valid, ❌ 0 skipped
[2025-04-03T19:48:43.101+0000] {subprocess.py:93} INFO - Processing: /opt/***/data/ISSLogs/u_ex100705.log
[2025-04-03T19:48:43.102+0000] {subprocess.py:93} INFO - u_ex100705.log: ✅ 1087 valid, ❌ 0 skipped
[2025-04-03T19:48:43.102+0000] {subprocess.py:93} INFO - Processing: /opt/***/data/ISSLogs/u_ex100708.log
[2025-04-03T19:48:43.102+0000] {subprocess.py:93} INFO - u_ex100708.log: ✅ 1729 valid, ❌ 0 skipped
[2025-04-03T19:48:43.103+0000] {subprocess.py:93} INFO - Processing: /opt/***/data/ISSLogs/u_ex100714.log
[2025-04-03T19:48:43.103+0000] {subprocess.py:93} INFO - u_ex100714.log: ✅ 977 valid, ❌ 0 skipped
[2025-04-03T19:48:43.104+0000] {subprocess.py:93} INFO - Processing: /opt/***/data/ISSLogs/u_ex100718.log
[2025-04-03T19:48:43.104+0000] {subprocess.py:93} INFO - u_ex100718.log: ✅ 1678 valid, ❌ 0 skipped
[2025-04-03T19:48:43.105+0000] {subprocess.py:93} INFO - Processing: /opt/***/data/ISSLogs/u_ex100725.log
[2025-04-03T19:48:43.105+0000] {subprocess.py:93} INFO - u_ex100725.log: ✅ 1351 valid, ❌ 0 skipped
[2025-04-03T19:48:43.105+0000] {subprocess.py:93} INFO - Processing: /opt/***/data/ISSLogs/u_ex100801.log
[2025-04-03T19:48:43.106+0000] {subprocess.py:93} INFO - u_ex100801.log: ✅ 859 valid, ❌ 0 skipped
[2025-04-03T19:48:43.106+0000] {subprocess.py:93} INFO - Processing: /opt/***/data/ISSLogs/u_ex100808.log
[2025-04-03T19:48:43.107+0000] {subprocess.py:93} INFO - u_ex100808.log: ✅ 800 valid, ❌ 0 skipped
[2025-04-03T19:48:43.107+0000] {subprocess.py:93} INFO - Processing: /opt/***/data/ISSLogs/u_ex100809.log
[2025-04-03T19:48:43.107+0000] {subprocess.py:93} INFO - u_ex100809.log: ✅ 1920 valid, ❌ 0 skipped
[2025-04-03T19:48:43.108+0000] {subprocess.py:93} INFO - Processing: /opt/***/data/ISSLogs/u_ex100830.log
[2025-04-03T19:48:43.108+0000] {subprocess.py:93} INFO - u_ex100830.log: ✅ 897 valid, ❌ 0 skipped
[2025-04-03T19:48:43.109+0000] {subprocess.py:93} INFO - Processing: /opt/***/data/ISSLogs/u_ex100906.log
[2025-04-03T19:48:43.109+0000] {subprocess.py:93} INFO - u_ex100906.log: ✅ 831 valid, ❌ 0 skipped
[2025-04-03T19:48:43.109+0000] {subprocess.py:93} INFO - Processing: /opt/***/data/ISSLogs/u_ex100912.log
[2025-04-03T19:48:43.110+0000] {subprocess.py:93} INFO - u_ex100912.log: ✅ 1310 valid, ❌ 0 skipped
[2025-04-03T19:48:43.110+0000] {subprocess.py:93} INFO - Processing: /opt/***/data/ISSLogs/u_ex100916.log
[2025-04-03T19:48:43.110+0000] {subprocess.py:93} INFO - u_ex100916.log: ✅ 1732 valid, ❌ 0 skipped
[2025-04-03T19:48:43.111+0000] {subprocess.py:93} INFO - Processing: /opt/***/data/ISSLogs/u_ex100923.log
[2025-04-03T19:48:43.111+0000] {subprocess.py:93} INFO - u_ex100923.log: ✅ 1854 valid, ❌ 0 skipped
[2025-04-03T19:48:43.112+0000] {subprocess.py:93} INFO - Processing: /opt/***/data/ISSLogs/u_ex100924.log
[2025-04-03T19:48:43.112+0000] {subprocess.py:93} INFO - u_ex100924.log: ✅ 1218 valid, ❌ 0 skipped
[2025-04-03T19:48:43.112+0000] {subprocess.py:93} INFO - Processing: /opt/***/data/ISSLogs/u_ex100926.log
[2025-04-03T19:48:43.113+0000] {subprocess.py:93} INFO - u_ex100926.log: ✅ 1374 valid, ❌ 0 skipped
[2025-04-03T19:48:43.113+0000] {subprocess.py:93} INFO - Processing: /opt/***/data/ISSLogs/u_ex101008.log
[2025-04-03T19:48:43.114+0000] {subprocess.py:93} INFO - u_ex101008.log: ✅ 2612 valid, ❌ 0 skipped
[2025-04-03T19:48:43.114+0000] {subprocess.py:93} INFO - Processing: /opt/***/data/ISSLogs/u_ex101020.log
[2025-04-03T19:48:43.114+0000] {subprocess.py:93} INFO - u_ex101020.log: ✅ 1205 valid, ❌ 0 skipped
[2025-04-03T19:48:43.115+0000] {subprocess.py:93} INFO - Processing: /opt/***/data/ISSLogs/u_ex101023.log
[2025-04-03T19:48:43.115+0000] {subprocess.py:93} INFO - u_ex101023.log: ✅ 2199 valid, ❌ 0 skipped
[2025-04-03T19:48:43.115+0000] {subprocess.py:93} INFO - Processing: /opt/***/data/ISSLogs/u_ex101025.log
[2025-04-03T19:48:43.116+0000] {subprocess.py:93} INFO - u_ex101025.log: ✅ 1204 valid, ❌ 0 skipped
[2025-04-03T19:48:43.116+0000] {subprocess.py:93} INFO - Processing: /opt/***/data/ISSLogs/u_ex101027.log
[2025-04-03T19:48:43.116+0000] {subprocess.py:93} INFO - u_ex101027.log: ✅ 1957 valid, ❌ 0 skipped
[2025-04-03T19:48:43.117+0000] {subprocess.py:93} INFO - Processing: /opt/***/data/ISSLogs/u_ex101031.log
[2025-04-03T19:48:43.117+0000] {subprocess.py:93} INFO - u_ex101031.log: ✅ 1092 valid, ❌ 0 skipped
[2025-04-03T19:48:43.118+0000] {subprocess.py:93} INFO - Processing: /opt/***/data/ISSLogs/u_ex101101.log
[2025-04-03T19:48:43.118+0000] {subprocess.py:93} INFO - u_ex101101.log: ✅ 2030 valid, ❌ 0 skipped
[2025-04-03T19:48:43.118+0000] {subprocess.py:93} INFO - Processing: /opt/***/data/ISSLogs/u_ex101111.log
[2025-04-03T19:48:43.119+0000] {subprocess.py:93} INFO - u_ex101111.log: ✅ 1243 valid, ❌ 0 skipped
[2025-04-03T19:48:43.119+0000] {subprocess.py:93} INFO - Processing: /opt/***/data/ISSLogs/u_ex101113.log
[2025-04-03T19:48:43.120+0000] {subprocess.py:93} INFO - u_ex101113.log: ✅ 1296 valid, ❌ 0 skipped
[2025-04-03T19:48:43.120+0000] {subprocess.py:93} INFO - Processing: /opt/***/data/ISSLogs/u_ex101118.log
[2025-04-03T19:48:43.120+0000] {subprocess.py:93} INFO - u_ex101118.log: ✅ 1255 valid, ❌ 0 skipped
[2025-04-03T19:48:43.121+0000] {subprocess.py:93} INFO - Processing: /opt/***/data/ISSLogs/u_ex101126.log
[2025-04-03T19:48:43.121+0000] {subprocess.py:93} INFO - u_ex101126.log: ✅ 1828 valid, ❌ 0 skipped
[2025-04-03T19:48:43.121+0000] {subprocess.py:93} INFO - Processing: /opt/***/data/ISSLogs/u_ex101202.log
[2025-04-03T19:48:43.122+0000] {subprocess.py:93} INFO - u_ex101202.log: ✅ 891 valid, ❌ 0 skipped
[2025-04-03T19:48:43.122+0000] {subprocess.py:93} INFO - Processing: /opt/***/data/ISSLogs/u_ex101212.log
[2025-04-03T19:48:43.122+0000] {subprocess.py:93} INFO - u_ex101212.log: ✅ 1331 valid, ❌ 0 skipped
[2025-04-03T19:48:43.123+0000] {subprocess.py:93} INFO - Processing: /opt/***/data/ISSLogs/u_ex101215.log
[2025-04-03T19:48:43.123+0000] {subprocess.py:93} INFO - u_ex101215.log: ✅ 1474 valid, ❌ 0 skipped
[2025-04-03T19:48:43.124+0000] {subprocess.py:93} INFO - Processing: /opt/***/data/ISSLogs/u_ex101223.log
[2025-04-03T19:48:43.124+0000] {subprocess.py:93} INFO - u_ex101223.log: ✅ 997 valid, ❌ 0 skipped
[2025-04-03T19:48:43.125+0000] {subprocess.py:93} INFO - Processing: /opt/***/data/ISSLogs/u_ex101225.log
[2025-04-03T19:48:43.126+0000] {subprocess.py:93} INFO - u_ex101225.log: ✅ 812 valid, ❌ 0 skipped
[2025-04-03T19:48:43.126+0000] {subprocess.py:93} INFO - Processing: /opt/***/data/ISSLogs/u_ex110119.log
[2025-04-03T19:48:43.127+0000] {subprocess.py:93} INFO - u_ex110119.log: ✅ 2033 valid, ❌ 0 skipped
[2025-04-03T19:48:43.127+0000] {subprocess.py:93} INFO - Processing: /opt/***/data/ISSLogs/u_ex110130.log
[2025-04-03T19:48:43.128+0000] {subprocess.py:93} INFO - u_ex110130.log: ✅ 878 valid, ❌ 0 skipped
[2025-04-03T19:48:43.128+0000] {subprocess.py:93} INFO - Processing: /opt/***/data/ISSLogs/u_ex110205.log
[2025-04-03T19:48:43.128+0000] {subprocess.py:93} INFO - u_ex110205.log: ✅ 763 valid, ❌ 0 skipped
[2025-04-03T19:48:43.129+0000] {subprocess.py:93} INFO - Processing: /opt/***/data/ISSLogs/u_ex110209.log
[2025-04-03T19:48:43.129+0000] {subprocess.py:93} INFO - u_ex110209.log: ✅ 2137 valid, ❌ 0 skipped
[2025-04-03T20:38:07.014+0000] {local_task_job_runner.py:280} WARNING - Recorded pid 1290 does not match the current pid 192
[2025-04-03T20:38:07.061+0000] {process_utils.py:131} INFO - Sending 15 to group 192. PIDs of all processes in the group: [193, 192]
[2025-04-03T20:38:07.067+0000] {process_utils.py:86} INFO - Sending the signal 15 to group 192
[2025-04-03T20:38:07.109+0000] {taskinstance.py:2450} ERROR - Received SIGTERM. Terminating subprocesses.
[2025-04-03T20:38:07.181+0000] {subprocess.py:104} INFO - Sending SIGTERM signal to process group
[2025-04-03T20:38:07.415+0000] {taskinstance.py:2698} ERROR - Task failed with exception
Traceback (most recent call last):
  File "/home/airflow/.local/lib/python3.8/site-packages/airflow/models/taskinstance.py", line 428, in _execute_task
    result = execute_callable(context=context, **execute_callable_kwargs)
  File "/home/airflow/.local/lib/python3.8/site-packages/airflow/operators/bash.py", line 203, in execute
    result = self.subprocess_hook.run_command(
  File "/home/airflow/.local/lib/python3.8/site-packages/airflow/hooks/subprocess.py", line 91, in run_command
    for raw_line in iter(self.sub_process.stdout.readline, b""):
  File "/home/airflow/.local/lib/python3.8/site-packages/airflow/models/taskinstance.py", line 2452, in signal_handler
    raise AirflowException("Task received SIGTERM signal")
airflow.exceptions.AirflowException: Task received SIGTERM signal
[2025-04-03T20:38:07.441+0000] {taskinstance.py:1138} INFO - Marking task as UP_FOR_RETRY. dag_id=Web_Log_Processing, task_id=process_logs_to_csv, execution_date=20250402T000000, start_date=20250403T203803, end_date=20250403T203807
[2025-04-03T20:38:07.529+0000] {standard_task_runner.py:107} ERROR - Failed to execute job 2 for task process_logs_to_csv (Task received SIGTERM signal; 192)
[2025-04-03T20:38:07.565+0000] {process_utils.py:79} INFO - Process psutil.Process(pid=192, status='terminated', exitcode=1, started='19:48:39') (192) terminated with exit code 1
[2025-04-03T20:38:07.569+0000] {process_utils.py:79} INFO - Process psutil.Process(pid=193, status='terminated', started='19:48:39') (193) terminated with exit code None
[2025-04-03T20:50:50.993+0000] {taskinstance.py:1956} INFO - Dependencies all met for dep_context=non-requeueable deps ti=<TaskInstance: Web_Log_Processing.process_logs_to_csv scheduled__2025-04-02T00:00:00+00:00 [queued]>
[2025-04-03T20:50:51.004+0000] {taskinstance.py:1956} INFO - Dependencies all met for dep_context=requeueable deps ti=<TaskInstance: Web_Log_Processing.process_logs_to_csv scheduled__2025-04-02T00:00:00+00:00 [queued]>
[2025-04-03T20:50:51.005+0000] {taskinstance.py:2170} INFO - Starting attempt 1 of 4
[2025-04-03T20:50:51.024+0000] {taskinstance.py:2191} INFO - Executing <Task(BashOperator): process_logs_to_csv> on 2025-04-02 00:00:00+00:00
[2025-04-03T20:50:51.029+0000] {standard_task_runner.py:60} INFO - Started process 193 to run task
[2025-04-03T20:50:51.033+0000] {standard_task_runner.py:87} INFO - Running: ['***', 'tasks', 'run', 'Web_Log_Processing', 'process_logs_to_csv', 'scheduled__2025-04-02T00:00:00+00:00', '--job-id', '2', '--raw', '--subdir', 'DAGS_FOLDER/w3c.py', '--cfg-path', '/tmp/tmpl7ttv4cp']
[2025-04-03T20:50:51.037+0000] {standard_task_runner.py:88} INFO - Job 2: Subtask process_logs_to_csv
[2025-04-03T20:50:51.103+0000] {task_command.py:423} INFO - Running <TaskInstance: Web_Log_Processing.process_logs_to_csv scheduled__2025-04-02T00:00:00+00:00 [running]> on host 8b9a4c1d0443
[2025-04-03T20:50:51.442+0000] {taskinstance.py:2480} INFO - Exporting env vars: AIRFLOW_CTX_DAG_OWNER='***' AIRFLOW_CTX_DAG_ID='Web_Log_Processing' AIRFLOW_CTX_TASK_ID='process_logs_to_csv' AIRFLOW_CTX_EXECUTION_DATE='2025-04-02T00:00:00+00:00' AIRFLOW_CTX_TRY_NUMBER='1' AIRFLOW_CTX_DAG_RUN_ID='scheduled__2025-04-02T00:00:00+00:00'
[2025-04-03T20:50:51.444+0000] {subprocess.py:63} INFO - Tmp dir root location: /tmp
[2025-04-03T20:50:51.446+0000] {subprocess.py:75} INFO - Running command: ['/usr/bin/bash', '-c', 'cd /opt/***/dags && python3 log_to_csv.py']
[2025-04-03T20:50:51.458+0000] {subprocess.py:86} INFO - Output:
[2025-04-03T20:50:56.405+0000] {subprocess.py:93} INFO - Starting log processing...
[2025-04-03T20:50:56.406+0000] {subprocess.py:93} INFO - Files found: 93
[2025-04-03T20:50:56.407+0000] {subprocess.py:93} INFO - Processing: /opt/***/data/ISSLogs/u_ex091024.log
[2025-04-03T20:50:56.407+0000] {subprocess.py:93} INFO - u_ex091024.log: ✅ 11 valid, ❌ 0 skipped
[2025-04-03T20:50:56.407+0000] {subprocess.py:93} INFO - Processing: /opt/***/data/ISSLogs/u_ex091025.log
[2025-04-03T20:50:56.408+0000] {subprocess.py:93} INFO - u_ex091025.log: ✅ 110 valid, ❌ 0 skipped
[2025-04-03T20:50:56.408+0000] {subprocess.py:93} INFO - Processing: /opt/***/data/ISSLogs/u_ex091102.log
[2025-04-03T20:50:56.409+0000] {subprocess.py:93} INFO - u_ex091102.log: ✅ 3763 valid, ❌ 0 skipped
[2025-04-03T20:50:56.409+0000] {subprocess.py:93} INFO - Processing: /opt/***/data/ISSLogs/u_ex091103.log
[2025-04-03T20:50:56.409+0000] {subprocess.py:93} INFO - u_ex091103.log: ✅ 3672 valid, ❌ 0 skipped
[2025-04-03T20:50:56.410+0000] {subprocess.py:93} INFO - Processing: /opt/***/data/ISSLogs/u_ex091106.log
[2025-04-03T20:50:56.410+0000] {subprocess.py:93} INFO - u_ex091106.log: ✅ 282 valid, ❌ 0 skipped
[2025-04-03T20:50:56.411+0000] {subprocess.py:93} INFO - Processing: /opt/***/data/ISSLogs/u_ex091120.log
[2025-04-03T20:50:56.411+0000] {subprocess.py:93} INFO - u_ex091120.log: ✅ 967 valid, ❌ 0 skipped
[2025-04-03T20:50:56.411+0000] {subprocess.py:93} INFO - Processing: /opt/***/data/ISSLogs/u_ex091123.log
[2025-04-03T20:50:56.412+0000] {subprocess.py:93} INFO - u_ex091123.log: ✅ 1955 valid, ❌ 0 skipped
[2025-04-03T20:50:56.412+0000] {subprocess.py:93} INFO - Processing: /opt/***/data/ISSLogs/u_ex091130.log
[2025-04-03T20:50:56.413+0000] {subprocess.py:93} INFO - u_ex091130.log: ✅ 2544 valid, ❌ 1109 skipped
[2025-04-03T20:50:56.413+0000] {subprocess.py:93} INFO - Processing: /opt/***/data/ISSLogs/u_ex091207.log
[2025-04-03T20:50:56.413+0000] {subprocess.py:93} INFO - u_ex091207.log: ✅ 3299 valid, ❌ 0 skipped
[2025-04-03T20:50:56.414+0000] {subprocess.py:93} INFO - Processing: /opt/***/data/ISSLogs/u_ex091211.log
[2025-04-03T20:50:56.414+0000] {subprocess.py:93} INFO - u_ex091211.log: ✅ 1054 valid, ❌ 0 skipped
[2025-04-03T20:50:56.416+0000] {subprocess.py:93} INFO - Processing: /opt/***/data/ISSLogs/u_ex091213.log
[2025-04-03T20:50:56.417+0000] {subprocess.py:93} INFO - u_ex091213.log: ✅ 1474 valid, ❌ 0 skipped
[2025-04-03T20:50:56.418+0000] {subprocess.py:93} INFO - Processing: /opt/***/data/ISSLogs/u_ex100104.log
[2025-04-03T20:50:56.419+0000] {subprocess.py:93} INFO - u_ex100104.log: ✅ 1633 valid, ❌ 0 skipped
[2025-04-03T20:50:56.419+0000] {subprocess.py:93} INFO - Processing: /opt/***/data/ISSLogs/u_ex100105.log
[2025-04-03T20:50:56.420+0000] {subprocess.py:93} INFO - u_ex100105.log: ✅ 1599 valid, ❌ 0 skipped
[2025-04-03T20:50:56.421+0000] {subprocess.py:93} INFO - Processing: /opt/***/data/ISSLogs/u_ex100106.log
[2025-04-03T20:50:56.421+0000] {subprocess.py:93} INFO - u_ex100106.log: ✅ 3572 valid, ❌ 0 skipped
[2025-04-03T20:50:56.421+0000] {subprocess.py:93} INFO - Processing: /opt/***/data/ISSLogs/u_ex100112.log
[2025-04-03T20:50:56.422+0000] {subprocess.py:93} INFO - u_ex100112.log: ✅ 5513 valid, ❌ 0 skipped
[2025-04-03T20:50:56.422+0000] {subprocess.py:93} INFO - Processing: /opt/***/data/ISSLogs/u_ex100113.log
[2025-04-03T20:50:56.423+0000] {subprocess.py:93} INFO - u_ex100113.log: ✅ 3201 valid, ❌ 0 skipped
[2025-04-03T20:50:56.423+0000] {subprocess.py:93} INFO - Processing: /opt/***/data/ISSLogs/u_ex100117.log
[2025-04-03T20:50:56.424+0000] {subprocess.py:93} INFO - u_ex100117.log: ✅ 2725 valid, ❌ 0 skipped
[2025-04-03T20:50:56.424+0000] {subprocess.py:93} INFO - Processing: /opt/***/data/ISSLogs/u_ex100131.log
[2025-04-03T20:50:56.425+0000] {subprocess.py:93} INFO - u_ex100131.log: ✅ 1532 valid, ❌ 0 skipped
[2025-04-03T20:50:56.425+0000] {subprocess.py:93} INFO - Processing: /opt/***/data/ISSLogs/u_ex100204.log
[2025-04-03T20:50:56.425+0000] {subprocess.py:93} INFO - u_ex100204.log: ✅ 3088 valid, ❌ 0 skipped
[2025-04-03T20:50:56.426+0000] {subprocess.py:93} INFO - Processing: /opt/***/data/ISSLogs/u_ex100205.log
[2025-04-03T20:50:56.426+0000] {subprocess.py:93} INFO - u_ex100205.log: ✅ 825 valid, ❌ 0 skipped
[2025-04-03T20:50:56.427+0000] {subprocess.py:93} INFO - Processing: /opt/***/data/ISSLogs/u_ex100221.log
[2025-04-03T20:50:56.427+0000] {subprocess.py:93} INFO - u_ex100221.log: ✅ 1134 valid, ❌ 0 skipped
[2025-04-03T20:50:56.427+0000] {subprocess.py:93} INFO - Processing: /opt/***/data/ISSLogs/u_ex100302.log
[2025-04-03T20:50:56.428+0000] {subprocess.py:93} INFO - u_ex100302.log: ✅ 2910 valid, ❌ 0 skipped
[2025-04-03T20:50:56.428+0000] {subprocess.py:93} INFO - Processing: /opt/***/data/ISSLogs/u_ex100304.log
[2025-04-03T20:50:56.428+0000] {subprocess.py:93} INFO - u_ex100304.log: ✅ 1681 valid, ❌ 0 skipped
[2025-04-03T20:50:56.429+0000] {subprocess.py:93} INFO - Processing: /opt/***/data/ISSLogs/u_ex100307.log
[2025-04-03T20:50:56.429+0000] {subprocess.py:93} INFO - u_ex100307.log: ✅ 1086 valid, ❌ 0 skipped
[2025-04-03T20:50:56.430+0000] {subprocess.py:93} INFO - Processing: /opt/***/data/ISSLogs/u_ex100309.log
[2025-04-03T20:50:56.431+0000] {subprocess.py:93} INFO - u_ex100309.log: ✅ 1493 valid, ❌ 0 skipped
[2025-04-03T20:50:56.432+0000] {subprocess.py:93} INFO - Processing: /opt/***/data/ISSLogs/u_ex100314.log
[2025-04-03T20:50:56.432+0000] {subprocess.py:93} INFO - u_ex100314.log: ✅ 1813 valid, ❌ 0 skipped
[2025-04-03T20:50:56.433+0000] {subprocess.py:93} INFO - Processing: /opt/***/data/ISSLogs/u_ex100315.log
[2025-04-03T20:50:56.433+0000] {subprocess.py:93} INFO - u_ex100315.log: ✅ 3402 valid, ❌ 0 skipped
[2025-04-03T20:50:56.434+0000] {subprocess.py:93} INFO - Processing: /opt/***/data/ISSLogs/u_ex100322.log
[2025-04-03T20:50:56.434+0000] {subprocess.py:93} INFO - u_ex100322.log: ✅ 1907 valid, ❌ 0 skipped
[2025-04-03T20:50:56.435+0000] {subprocess.py:93} INFO - Processing: /opt/***/data/ISSLogs/u_ex100406.log
[2025-04-03T20:50:56.435+0000] {subprocess.py:93} INFO - u_ex100406.log: ✅ 2740 valid, ❌ 0 skipped
[2025-04-03T20:50:56.436+0000] {subprocess.py:93} INFO - Processing: /opt/***/data/ISSLogs/u_ex100419.log
[2025-04-03T20:50:56.437+0000] {subprocess.py:93} INFO - u_ex100419.log: ✅ 1865 valid, ❌ 0 skipped
[2025-04-03T20:50:56.438+0000] {subprocess.py:93} INFO - Processing: /opt/***/data/ISSLogs/u_ex100422.log
[2025-04-03T20:50:56.438+0000] {subprocess.py:93} INFO - u_ex100422.log: ✅ 1954 valid, ❌ 0 skipped
[2025-04-03T20:50:56.438+0000] {subprocess.py:93} INFO - Processing: /opt/***/data/ISSLogs/u_ex100423.log
[2025-04-03T20:50:56.439+0000] {subprocess.py:93} INFO - u_ex100423.log: ✅ 2136 valid, ❌ 0 skipped
[2025-04-03T20:50:56.439+0000] {subprocess.py:93} INFO - Processing: /opt/***/data/ISSLogs/u_ex100424.log
[2025-04-03T20:50:56.440+0000] {subprocess.py:93} INFO - u_ex100424.log: ✅ 1016 valid, ❌ 0 skipped
[2025-04-03T20:50:56.440+0000] {subprocess.py:93} INFO - Processing: /opt/***/data/ISSLogs/u_ex100425.log
[2025-04-03T20:50:56.440+0000] {subprocess.py:93} INFO - u_ex100425.log: ✅ 1732 valid, ❌ 0 skipped
[2025-04-03T20:50:56.441+0000] {subprocess.py:93} INFO - Processing: /opt/***/data/ISSLogs/u_ex100430.log
[2025-04-03T20:50:56.441+0000] {subprocess.py:93} INFO - u_ex100430.log: ✅ 1913 valid, ❌ 0 skipped
[2025-04-03T20:50:56.442+0000] {subprocess.py:93} INFO - Processing: /opt/***/data/ISSLogs/u_ex100519.log
[2025-04-03T20:50:56.442+0000] {subprocess.py:93} INFO - u_ex100519.log: ✅ 1547 valid, ❌ 0 skipped
[2025-04-03T20:50:56.442+0000] {subprocess.py:93} INFO - Processing: /opt/***/data/ISSLogs/u_ex100520.log
[2025-04-03T20:50:56.443+0000] {subprocess.py:93} INFO - u_ex100520.log: ✅ 1218 valid, ❌ 0 skipped
[2025-04-03T20:50:56.443+0000] {subprocess.py:93} INFO - Processing: /opt/***/data/ISSLogs/u_ex100526.log
[2025-04-03T20:50:56.444+0000] {subprocess.py:93} INFO - u_ex100526.log: ✅ 1460 valid, ❌ 0 skipped
[2025-04-03T20:50:56.444+0000] {subprocess.py:93} INFO - Processing: /opt/***/data/ISSLogs/u_ex100528.log
[2025-04-03T20:50:56.445+0000] {subprocess.py:93} INFO - u_ex100528.log: ✅ 1491 valid, ❌ 0 skipped
[2025-04-03T20:50:56.445+0000] {subprocess.py:93} INFO - Processing: /opt/***/data/ISSLogs/u_ex100612.log
[2025-04-03T20:50:56.446+0000] {subprocess.py:93} INFO - u_ex100612.log: ✅ 979 valid, ❌ 0 skipped
[2025-04-03T20:50:56.446+0000] {subprocess.py:93} INFO - Processing: /opt/***/data/ISSLogs/u_ex100615.log
[2025-04-03T20:50:56.447+0000] {subprocess.py:93} INFO - u_ex100615.log: ✅ 1135 valid, ❌ 0 skipped
[2025-04-03T20:50:56.447+0000] {subprocess.py:93} INFO - Processing: /opt/***/data/ISSLogs/u_ex100619.log
[2025-04-03T20:50:56.447+0000] {subprocess.py:93} INFO - u_ex100619.log: ✅ 1098 valid, ❌ 0 skipped
[2025-04-03T20:50:56.448+0000] {subprocess.py:93} INFO - Processing: /opt/***/data/ISSLogs/u_ex100622.log
[2025-04-03T20:50:56.448+0000] {subprocess.py:93} INFO - u_ex100622.log: ✅ 1583 valid, ❌ 0 skipped
[2025-04-03T20:50:56.449+0000] {subprocess.py:93} INFO - Processing: /opt/***/data/ISSLogs/u_ex100626.log
[2025-04-03T20:50:56.449+0000] {subprocess.py:93} INFO - u_ex100626.log: ✅ 964 valid, ❌ 0 skipped
[2025-04-03T20:50:56.449+0000] {subprocess.py:93} INFO - Processing: /opt/***/data/ISSLogs/u_ex100628.log
[2025-04-03T20:50:56.450+0000] {subprocess.py:93} INFO - u_ex100628.log: ✅ 1143 valid, ❌ 0 skipped
[2025-04-03T20:50:56.450+0000] {subprocess.py:93} INFO - Processing: /opt/***/data/ISSLogs/u_ex100629.log
[2025-04-03T20:50:56.450+0000] {subprocess.py:93} INFO - u_ex100629.log: ✅ 1086 valid, ❌ 0 skipped
[2025-04-03T20:50:56.451+0000] {subprocess.py:93} INFO - Processing: /opt/***/data/ISSLogs/u_ex100630.log
[2025-04-03T20:50:56.451+0000] {subprocess.py:93} INFO - u_ex100630.log: ✅ 1069 valid, ❌ 0 skipped
[2025-04-03T20:50:56.452+0000] {subprocess.py:93} INFO - Processing: /opt/***/data/ISSLogs/u_ex100705.log
[2025-04-03T20:50:56.452+0000] {subprocess.py:93} INFO - u_ex100705.log: ✅ 1087 valid, ❌ 0 skipped
[2025-04-03T20:50:56.454+0000] {subprocess.py:93} INFO - Processing: /opt/***/data/ISSLogs/u_ex100708.log
[2025-04-03T20:50:56.454+0000] {subprocess.py:93} INFO - u_ex100708.log: ✅ 1729 valid, ❌ 0 skipped
[2025-04-03T20:50:56.454+0000] {subprocess.py:93} INFO - Processing: /opt/***/data/ISSLogs/u_ex100714.log
[2025-04-03T20:50:56.455+0000] {subprocess.py:93} INFO - u_ex100714.log: ✅ 977 valid, ❌ 0 skipped
[2025-04-03T20:50:56.455+0000] {subprocess.py:93} INFO - Processing: /opt/***/data/ISSLogs/u_ex100718.log
[2025-04-03T20:50:56.456+0000] {subprocess.py:93} INFO - u_ex100718.log: ✅ 1678 valid, ❌ 0 skipped
[2025-04-03T20:50:56.456+0000] {subprocess.py:93} INFO - Processing: /opt/***/data/ISSLogs/u_ex100725.log
[2025-04-03T20:50:56.456+0000] {subprocess.py:93} INFO - u_ex100725.log: ✅ 1351 valid, ❌ 0 skipped
[2025-04-03T20:50:56.457+0000] {subprocess.py:93} INFO - Processing: /opt/***/data/ISSLogs/u_ex100801.log
[2025-04-03T20:50:56.457+0000] {subprocess.py:93} INFO - u_ex100801.log: ✅ 859 valid, ❌ 0 skipped
[2025-04-03T20:50:56.457+0000] {subprocess.py:93} INFO - Processing: /opt/***/data/ISSLogs/u_ex100808.log
[2025-04-03T20:50:56.458+0000] {subprocess.py:93} INFO - u_ex100808.log: ✅ 800 valid, ❌ 0 skipped
[2025-04-03T20:50:56.458+0000] {subprocess.py:93} INFO - Processing: /opt/***/data/ISSLogs/u_ex100809.log
[2025-04-03T20:50:56.459+0000] {subprocess.py:93} INFO - u_ex100809.log: ✅ 1920 valid, ❌ 0 skipped
[2025-04-03T20:50:56.459+0000] {subprocess.py:93} INFO - Processing: /opt/***/data/ISSLogs/u_ex100830.log
[2025-04-03T20:50:56.459+0000] {subprocess.py:93} INFO - u_ex100830.log: ✅ 897 valid, ❌ 0 skipped
[2025-04-03T20:50:56.460+0000] {subprocess.py:93} INFO - Processing: /opt/***/data/ISSLogs/u_ex100906.log
[2025-04-03T20:50:56.460+0000] {subprocess.py:93} INFO - u_ex100906.log: ✅ 831 valid, ❌ 0 skipped
[2025-04-03T20:50:56.461+0000] {subprocess.py:93} INFO - Processing: /opt/***/data/ISSLogs/u_ex100912.log
[2025-04-03T20:50:56.461+0000] {subprocess.py:93} INFO - u_ex100912.log: ✅ 1310 valid, ❌ 0 skipped
[2025-04-03T20:50:56.461+0000] {subprocess.py:93} INFO - Processing: /opt/***/data/ISSLogs/u_ex100916.log
[2025-04-03T20:50:56.462+0000] {subprocess.py:93} INFO - u_ex100916.log: ✅ 1732 valid, ❌ 0 skipped
[2025-04-03T20:50:56.462+0000] {subprocess.py:93} INFO - Processing: /opt/***/data/ISSLogs/u_ex100923.log
[2025-04-03T20:50:56.463+0000] {subprocess.py:93} INFO - u_ex100923.log: ✅ 1854 valid, ❌ 0 skipped
[2025-04-03T20:50:56.463+0000] {subprocess.py:93} INFO - Processing: /opt/***/data/ISSLogs/u_ex100924.log
[2025-04-03T20:50:56.463+0000] {subprocess.py:93} INFO - u_ex100924.log: ✅ 1218 valid, ❌ 0 skipped
[2025-04-03T20:50:56.464+0000] {subprocess.py:93} INFO - Processing: /opt/***/data/ISSLogs/u_ex100926.log
[2025-04-03T20:50:56.464+0000] {subprocess.py:93} INFO - u_ex100926.log: ✅ 1374 valid, ❌ 0 skipped
[2025-04-03T20:50:56.465+0000] {subprocess.py:93} INFO - Processing: /opt/***/data/ISSLogs/u_ex101008.log
[2025-04-03T20:50:56.465+0000] {subprocess.py:93} INFO - u_ex101008.log: ✅ 2612 valid, ❌ 0 skipped
[2025-04-03T20:50:56.465+0000] {subprocess.py:93} INFO - Processing: /opt/***/data/ISSLogs/u_ex101020.log
[2025-04-03T20:50:56.466+0000] {subprocess.py:93} INFO - u_ex101020.log: ✅ 1205 valid, ❌ 0 skipped
[2025-04-03T20:50:56.466+0000] {subprocess.py:93} INFO - Processing: /opt/***/data/ISSLogs/u_ex101023.log
[2025-04-03T20:50:56.467+0000] {subprocess.py:93} INFO - u_ex101023.log: ✅ 2199 valid, ❌ 0 skipped
[2025-04-03T20:50:56.467+0000] {subprocess.py:93} INFO - Processing: /opt/***/data/ISSLogs/u_ex101025.log
[2025-04-03T20:50:56.467+0000] {subprocess.py:93} INFO - u_ex101025.log: ✅ 1204 valid, ❌ 0 skipped
[2025-04-03T20:50:56.468+0000] {subprocess.py:93} INFO - Processing: /opt/***/data/ISSLogs/u_ex101027.log
[2025-04-03T20:50:56.468+0000] {subprocess.py:93} INFO - u_ex101027.log: ✅ 1957 valid, ❌ 0 skipped
[2025-04-03T20:50:56.468+0000] {subprocess.py:93} INFO - Processing: /opt/***/data/ISSLogs/u_ex101031.log
[2025-04-03T20:50:56.469+0000] {subprocess.py:93} INFO - u_ex101031.log: ✅ 1092 valid, ❌ 0 skipped
[2025-04-03T20:50:56.469+0000] {subprocess.py:93} INFO - Processing: /opt/***/data/ISSLogs/u_ex101101.log
[2025-04-03T20:50:56.470+0000] {subprocess.py:93} INFO - u_ex101101.log: ✅ 2030 valid, ❌ 0 skipped
[2025-04-03T20:50:56.471+0000] {subprocess.py:93} INFO - Processing: /opt/***/data/ISSLogs/u_ex101111.log
[2025-04-03T20:50:56.471+0000] {subprocess.py:93} INFO - u_ex101111.log: ✅ 1243 valid, ❌ 0 skipped
[2025-04-03T20:50:56.471+0000] {subprocess.py:93} INFO - Processing: /opt/***/data/ISSLogs/u_ex101113.log
[2025-04-03T20:50:56.472+0000] {subprocess.py:93} INFO - u_ex101113.log: ✅ 1296 valid, ❌ 0 skipped
[2025-04-03T20:50:56.472+0000] {subprocess.py:93} INFO - Processing: /opt/***/data/ISSLogs/u_ex101118.log
[2025-04-03T20:50:56.473+0000] {subprocess.py:93} INFO - u_ex101118.log: ✅ 1255 valid, ❌ 0 skipped
[2025-04-03T20:50:56.473+0000] {subprocess.py:93} INFO - Processing: /opt/***/data/ISSLogs/u_ex101126.log
[2025-04-03T20:50:56.474+0000] {subprocess.py:93} INFO - u_ex101126.log: ✅ 1828 valid, ❌ 0 skipped
[2025-04-03T20:50:56.474+0000] {subprocess.py:93} INFO - Processing: /opt/***/data/ISSLogs/u_ex101202.log
[2025-04-03T20:50:56.475+0000] {subprocess.py:93} INFO - u_ex101202.log: ✅ 891 valid, ❌ 0 skipped
[2025-04-03T20:50:56.475+0000] {subprocess.py:93} INFO - Processing: /opt/***/data/ISSLogs/u_ex101212.log
[2025-04-03T20:50:56.475+0000] {subprocess.py:93} INFO - u_ex101212.log: ✅ 1331 valid, ❌ 0 skipped
[2025-04-03T20:50:56.477+0000] {subprocess.py:93} INFO - Processing: /opt/***/data/ISSLogs/u_ex101215.log
[2025-04-03T20:50:56.478+0000] {subprocess.py:93} INFO - u_ex101215.log: ✅ 1474 valid, ❌ 0 skipped
[2025-04-03T20:50:56.479+0000] {subprocess.py:93} INFO - Processing: /opt/***/data/ISSLogs/u_ex101223.log
[2025-04-03T20:50:56.480+0000] {subprocess.py:93} INFO - u_ex101223.log: ✅ 997 valid, ❌ 0 skipped
[2025-04-03T20:50:56.498+0000] {subprocess.py:93} INFO - Processing: /opt/***/data/ISSLogs/u_ex101225.log
[2025-04-03T20:50:56.500+0000] {subprocess.py:93} INFO - u_ex101225.log: ✅ 812 valid, ❌ 0 skipped
[2025-04-03T20:50:56.505+0000] {subprocess.py:93} INFO - Processing: /opt/***/data/ISSLogs/u_ex110119.log
[2025-04-03T20:50:56.513+0000] {subprocess.py:93} INFO - u_ex110119.log: ✅ 2033 valid, ❌ 0 skipped
[2025-04-03T20:50:56.513+0000] {subprocess.py:93} INFO - Processing: /opt/***/data/ISSLogs/u_ex110130.log
[2025-04-03T20:50:56.514+0000] {subprocess.py:93} INFO - u_ex110130.log: ✅ 878 valid, ❌ 0 skipped
[2025-04-03T20:50:56.515+0000] {subprocess.py:93} INFO - Processing: /opt/***/data/ISSLogs/u_ex110205.log
[2025-04-03T20:50:56.515+0000] {subprocess.py:93} INFO - u_ex110205.log: ✅ 763 valid, ❌ 0 skipped
[2025-04-03T20:50:56.516+0000] {subprocess.py:93} INFO - Processing: /opt/***/data/ISSLogs/u_ex110209.log
[2025-04-03T20:50:56.516+0000] {subprocess.py:93} INFO - u_ex110209.log: ✅ 2137 valid, ❌ 0 skipped
[2025-04-03T20:59:50.561+0000] {local_task_job_runner.py:302} WARNING - State of this instance has been externally set to up_for_retry. Terminating instance.
[2025-04-03T20:59:50.566+0000] {process_utils.py:131} INFO - Sending 15 to group 193. PIDs of all processes in the group: [194, 193]
[2025-04-03T20:59:50.567+0000] {process_utils.py:86} INFO - Sending the signal 15 to group 193
[2025-04-03T20:59:50.569+0000] {taskinstance.py:2450} ERROR - Received SIGTERM. Terminating subprocesses.
[2025-04-03T20:59:50.570+0000] {subprocess.py:104} INFO - Sending SIGTERM signal to process group
[2025-04-03T20:59:50.585+0000] {taskinstance.py:2698} ERROR - Task failed with exception
Traceback (most recent call last):
  File "/home/airflow/.local/lib/python3.8/site-packages/airflow/models/taskinstance.py", line 428, in _execute_task
    result = execute_callable(context=context, **execute_callable_kwargs)
  File "/home/airflow/.local/lib/python3.8/site-packages/airflow/operators/bash.py", line 203, in execute
    result = self.subprocess_hook.run_command(
  File "/home/airflow/.local/lib/python3.8/site-packages/airflow/hooks/subprocess.py", line 91, in run_command
    for raw_line in iter(self.sub_process.stdout.readline, b""):
  File "/home/airflow/.local/lib/python3.8/site-packages/airflow/models/taskinstance.py", line 2452, in signal_handler
    raise AirflowException("Task received SIGTERM signal")
airflow.exceptions.AirflowException: Task received SIGTERM signal
[2025-04-03T20:59:50.590+0000] {taskinstance.py:1138} INFO - Marking task as UP_FOR_RETRY. dag_id=Web_Log_Processing, task_id=process_logs_to_csv, execution_date=20250402T000000, start_date=20250403T205050, end_date=20250403T205950
[2025-04-03T20:59:50.616+0000] {standard_task_runner.py:107} ERROR - Failed to execute job 2 for task process_logs_to_csv (Task received SIGTERM signal; 193)
[2025-04-03T20:59:50.660+0000] {process_utils.py:79} INFO - Process psutil.Process(pid=194, status='terminated', started='20:50:50') (194) terminated with exit code None
[2025-04-03T20:59:50.661+0000] {process_utils.py:79} INFO - Process psutil.Process(pid=193, status='terminated', exitcode=1, started='20:50:50') (193) terminated with exit code 1
