[2025-04-03T14:24:01.093+0000] {taskinstance.py:1956} INFO - Dependencies all met for dep_context=non-requeueable deps ti=<TaskInstance: Web_Log_Processing.process_logs_to_csv scheduled__2025-04-02T00:00:00+00:00 [queued]>
[2025-04-03T14:24:01.102+0000] {taskinstance.py:1956} INFO - Dependencies all met for dep_context=requeueable deps ti=<TaskInstance: Web_Log_Processing.process_logs_to_csv scheduled__2025-04-02T00:00:00+00:00 [queued]>
[2025-04-03T14:24:01.103+0000] {taskinstance.py:2170} INFO - Starting attempt 2 of 4
[2025-04-03T14:24:01.121+0000] {taskinstance.py:2191} INFO - Executing <Task(BashOperator): process_logs_to_csv> on 2025-04-02 00:00:00+00:00
[2025-04-03T14:24:01.128+0000] {standard_task_runner.py:60} INFO - Started process 312 to run task
[2025-04-03T14:24:01.132+0000] {standard_task_runner.py:87} INFO - Running: ['***', 'tasks', 'run', 'Web_Log_Processing', 'process_logs_to_csv', 'scheduled__2025-04-02T00:00:00+00:00', '--job-id', '3', '--raw', '--subdir', 'DAGS_FOLDER/w3c.py', '--cfg-path', '/tmp/tmpau5m_9wt']
[2025-04-03T14:24:01.136+0000] {standard_task_runner.py:88} INFO - Job 3: Subtask process_logs_to_csv
[2025-04-03T14:24:01.204+0000] {task_command.py:423} INFO - Running <TaskInstance: Web_Log_Processing.process_logs_to_csv scheduled__2025-04-02T00:00:00+00:00 [running]> on host 2d696db5e2ea
[2025-04-03T14:24:01.493+0000] {taskinstance.py:2480} INFO - Exporting env vars: AIRFLOW_CTX_DAG_OWNER='***' AIRFLOW_CTX_DAG_ID='Web_Log_Processing' AIRFLOW_CTX_TASK_ID='process_logs_to_csv' AIRFLOW_CTX_EXECUTION_DATE='2025-04-02T00:00:00+00:00' AIRFLOW_CTX_TRY_NUMBER='2' AIRFLOW_CTX_DAG_RUN_ID='scheduled__2025-04-02T00:00:00+00:00'
[2025-04-03T14:24:01.497+0000] {subprocess.py:63} INFO - Tmp dir root location: /tmp
[2025-04-03T14:24:01.499+0000] {subprocess.py:75} INFO - Running command: ['/usr/bin/bash', '-c', 'python /opt/***/dags/log_to_csv.py']
[2025-04-03T14:24:01.510+0000] {subprocess.py:86} INFO - Output:
[2025-04-03T14:24:02.284+0000] {subprocess.py:93} INFO - Looking for log files in: d:/Documents/UK/University/BI/Repo/***-etl/data
[2025-04-03T14:24:02.285+0000] {subprocess.py:93} INFO - Files found: []
[2025-04-03T14:24:02.286+0000] {subprocess.py:93} INFO - No valid log entries found. Creating an empty DataFrame.
[2025-04-03T14:24:02.287+0000] {subprocess.py:93} INFO - Combined logs saved to: d:/Documents/UK/University/BI/Repo/***-etl/data/StagingArea/CombinedLogs.csv
[2025-04-03T14:24:02.350+0000] {subprocess.py:97} INFO - Command exited with return code 0
[2025-04-03T14:24:02.379+0000] {taskinstance.py:1138} INFO - Marking task as SUCCESS. dag_id=Web_Log_Processing, task_id=process_logs_to_csv, execution_date=20250402T000000, start_date=20250403T142401, end_date=20250403T142402
[2025-04-03T14:24:02.415+0000] {local_task_job_runner.py:234} INFO - Task exited with return code 0
[2025-04-03T14:24:02.442+0000] {taskinstance.py:3280} INFO - 1 downstream tasks scheduled from follow-on schedule check
