[2025-04-03T16:48:50.528+0000] {taskinstance.py:1956} INFO - Dependencies all met for dep_context=non-requeueable deps ti=<TaskInstance: Web_Log_Processing.process_logs_to_csv manual__2025-04-03T16:43:41.275219+00:00 [queued]>
[2025-04-03T16:48:50.540+0000] {taskinstance.py:1956} INFO - Dependencies all met for dep_context=requeueable deps ti=<TaskInstance: Web_Log_Processing.process_logs_to_csv manual__2025-04-03T16:43:41.275219+00:00 [queued]>
[2025-04-03T16:48:50.541+0000] {taskinstance.py:2170} INFO - Starting attempt 2 of 4
[2025-04-03T16:48:50.562+0000] {taskinstance.py:2191} INFO - Executing <Task(BashOperator): process_logs_to_csv> on 2025-04-03 16:43:41.275219+00:00
[2025-04-03T16:48:50.569+0000] {standard_task_runner.py:60} INFO - Started process 523 to run task
[2025-04-03T16:48:50.574+0000] {standard_task_runner.py:87} INFO - Running: ['***', 'tasks', 'run', 'Web_Log_Processing', 'process_logs_to_csv', 'manual__2025-04-03T16:43:41.275219+00:00', '--job-id', '6', '--raw', '--subdir', 'DAGS_FOLDER/w3c.py', '--cfg-path', '/tmp/tmpv6t5pr1a']
[2025-04-03T16:48:50.577+0000] {standard_task_runner.py:88} INFO - Job 6: Subtask process_logs_to_csv
[2025-04-03T16:48:50.646+0000] {task_command.py:423} INFO - Running <TaskInstance: Web_Log_Processing.process_logs_to_csv manual__2025-04-03T16:43:41.275219+00:00 [running]> on host 9b170102d235
[2025-04-03T16:48:50.927+0000] {taskinstance.py:2480} INFO - Exporting env vars: AIRFLOW_CTX_DAG_OWNER='***' AIRFLOW_CTX_DAG_ID='Web_Log_Processing' AIRFLOW_CTX_TASK_ID='process_logs_to_csv' AIRFLOW_CTX_EXECUTION_DATE='2025-04-03T16:43:41.275219+00:00' AIRFLOW_CTX_TRY_NUMBER='2' AIRFLOW_CTX_DAG_RUN_ID='manual__2025-04-03T16:43:41.275219+00:00'
[2025-04-03T16:48:50.932+0000] {subprocess.py:63} INFO - Tmp dir root location: /tmp
[2025-04-03T16:48:50.935+0000] {subprocess.py:75} INFO - Running command: ['/usr/bin/bash', '-c', 'cd /opt/***/dags && python3 log_to_csv.py']
[2025-04-03T16:48:50.947+0000] {subprocess.py:86} INFO - Output:
[2025-04-03T16:48:56.623+0000] {subprocess.py:93} INFO - Files found: 93
[2025-04-03T16:48:56.624+0000] {subprocess.py:93} INFO - Processing: /opt/***/data/ISSLogs/u_ex091024.log
[2025-04-03T16:48:56.625+0000] {subprocess.py:93} INFO - u_ex091024.log: ✅ 11 valid, ❌ 0 skipped
[2025-04-03T16:48:56.626+0000] {subprocess.py:93} INFO - Processing: /opt/***/data/ISSLogs/u_ex091025.log
[2025-04-03T16:48:56.626+0000] {subprocess.py:93} INFO - u_ex091025.log: ✅ 110 valid, ❌ 0 skipped
[2025-04-03T16:48:56.627+0000] {subprocess.py:93} INFO - Processing: /opt/***/data/ISSLogs/u_ex091102.log
[2025-04-03T16:48:56.627+0000] {subprocess.py:93} INFO - u_ex091102.log: ✅ 3763 valid, ❌ 0 skipped
[2025-04-03T16:48:56.628+0000] {subprocess.py:93} INFO - Processing: /opt/***/data/ISSLogs/u_ex091103.log
[2025-04-03T16:48:56.628+0000] {subprocess.py:93} INFO - u_ex091103.log: ✅ 3672 valid, ❌ 0 skipped
[2025-04-03T16:48:56.629+0000] {subprocess.py:93} INFO - Processing: /opt/***/data/ISSLogs/u_ex091106.log
[2025-04-03T16:48:56.630+0000] {subprocess.py:93} INFO - u_ex091106.log: ✅ 282 valid, ❌ 0 skipped
[2025-04-03T16:48:56.631+0000] {subprocess.py:93} INFO - Processing: /opt/***/data/ISSLogs/u_ex091120.log
[2025-04-03T16:48:56.631+0000] {subprocess.py:93} INFO - u_ex091120.log: ✅ 967 valid, ❌ 0 skipped
[2025-04-03T16:48:56.632+0000] {subprocess.py:93} INFO - Processing: /opt/***/data/ISSLogs/u_ex091123.log
[2025-04-03T16:48:56.633+0000] {subprocess.py:93} INFO - u_ex091123.log: ✅ 1955 valid, ❌ 0 skipped
[2025-04-03T16:48:56.633+0000] {subprocess.py:93} INFO - Processing: /opt/***/data/ISSLogs/u_ex091130.log
[2025-04-03T16:48:56.634+0000] {subprocess.py:93} INFO - u_ex091130.log: ✅ 2544 valid, ❌ 1109 skipped
[2025-04-03T16:48:56.634+0000] {subprocess.py:93} INFO - Processing: /opt/***/data/ISSLogs/u_ex091207.log
[2025-04-03T16:48:56.636+0000] {subprocess.py:93} INFO - u_ex091207.log: ✅ 3299 valid, ❌ 0 skipped
[2025-04-03T16:48:56.637+0000] {subprocess.py:93} INFO - Processing: /opt/***/data/ISSLogs/u_ex091211.log
[2025-04-03T16:48:56.638+0000] {subprocess.py:93} INFO - u_ex091211.log: ✅ 1054 valid, ❌ 0 skipped
[2025-04-03T16:48:56.638+0000] {subprocess.py:93} INFO - Processing: /opt/***/data/ISSLogs/u_ex091213.log
[2025-04-03T16:48:56.639+0000] {subprocess.py:93} INFO - u_ex091213.log: ✅ 1474 valid, ❌ 0 skipped
[2025-04-03T16:48:56.639+0000] {subprocess.py:93} INFO - Processing: /opt/***/data/ISSLogs/u_ex100104.log
[2025-04-03T16:48:56.640+0000] {subprocess.py:93} INFO - u_ex100104.log: ✅ 1633 valid, ❌ 0 skipped
[2025-04-03T16:48:56.640+0000] {subprocess.py:93} INFO - Processing: /opt/***/data/ISSLogs/u_ex100105.log
[2025-04-03T16:48:56.641+0000] {subprocess.py:93} INFO - u_ex100105.log: ✅ 1599 valid, ❌ 0 skipped
[2025-04-03T16:48:56.642+0000] {subprocess.py:93} INFO - Processing: /opt/***/data/ISSLogs/u_ex100106.log
[2025-04-03T16:48:56.643+0000] {subprocess.py:93} INFO - u_ex100106.log: ✅ 3572 valid, ❌ 0 skipped
[2025-04-03T16:48:56.643+0000] {subprocess.py:93} INFO - Processing: /opt/***/data/ISSLogs/u_ex100112.log
[2025-04-03T16:48:56.644+0000] {subprocess.py:93} INFO - u_ex100112.log: ✅ 5513 valid, ❌ 0 skipped
[2025-04-03T16:48:56.645+0000] {subprocess.py:93} INFO - Processing: /opt/***/data/ISSLogs/u_ex100113.log
[2025-04-03T16:48:56.645+0000] {subprocess.py:93} INFO - u_ex100113.log: ✅ 3201 valid, ❌ 0 skipped
[2025-04-03T16:48:56.646+0000] {subprocess.py:93} INFO - Processing: /opt/***/data/ISSLogs/u_ex100117.log
[2025-04-03T16:48:56.647+0000] {subprocess.py:93} INFO - u_ex100117.log: ✅ 2725 valid, ❌ 0 skipped
[2025-04-03T16:48:56.647+0000] {subprocess.py:93} INFO - Processing: /opt/***/data/ISSLogs/u_ex100131.log
[2025-04-03T16:48:56.648+0000] {subprocess.py:93} INFO - u_ex100131.log: ✅ 1532 valid, ❌ 0 skipped
[2025-04-03T16:48:56.648+0000] {subprocess.py:93} INFO - Processing: /opt/***/data/ISSLogs/u_ex100204.log
[2025-04-03T16:48:56.649+0000] {subprocess.py:93} INFO - u_ex100204.log: ✅ 3088 valid, ❌ 0 skipped
[2025-04-03T16:48:56.650+0000] {subprocess.py:93} INFO - Processing: /opt/***/data/ISSLogs/u_ex100205.log
[2025-04-03T16:48:56.653+0000] {subprocess.py:93} INFO - u_ex100205.log: ✅ 825 valid, ❌ 0 skipped
[2025-04-03T16:48:56.654+0000] {subprocess.py:93} INFO - Processing: /opt/***/data/ISSLogs/u_ex100221.log
[2025-04-03T16:48:56.655+0000] {subprocess.py:93} INFO - u_ex100221.log: ✅ 1134 valid, ❌ 0 skipped
[2025-04-03T16:48:56.655+0000] {subprocess.py:93} INFO - Processing: /opt/***/data/ISSLogs/u_ex100302.log
[2025-04-03T16:48:56.656+0000] {subprocess.py:93} INFO - u_ex100302.log: ✅ 2910 valid, ❌ 0 skipped
[2025-04-03T16:48:56.656+0000] {subprocess.py:93} INFO - Processing: /opt/***/data/ISSLogs/u_ex100304.log
[2025-04-03T16:48:56.657+0000] {subprocess.py:93} INFO - u_ex100304.log: ✅ 1681 valid, ❌ 0 skipped
[2025-04-03T16:48:56.657+0000] {subprocess.py:93} INFO - Processing: /opt/***/data/ISSLogs/u_ex100307.log
[2025-04-03T16:48:56.658+0000] {subprocess.py:93} INFO - u_ex100307.log: ✅ 1086 valid, ❌ 0 skipped
[2025-04-03T16:48:56.659+0000] {subprocess.py:93} INFO - Processing: /opt/***/data/ISSLogs/u_ex100309.log
[2025-04-03T16:48:56.659+0000] {subprocess.py:93} INFO - u_ex100309.log: ✅ 1493 valid, ❌ 0 skipped
[2025-04-03T16:48:56.660+0000] {subprocess.py:93} INFO - Processing: /opt/***/data/ISSLogs/u_ex100314.log
[2025-04-03T16:48:56.660+0000] {subprocess.py:93} INFO - u_ex100314.log: ✅ 1813 valid, ❌ 0 skipped
[2025-04-03T16:48:56.661+0000] {subprocess.py:93} INFO - Processing: /opt/***/data/ISSLogs/u_ex100315.log
[2025-04-03T16:48:56.662+0000] {subprocess.py:93} INFO - u_ex100315.log: ✅ 3402 valid, ❌ 0 skipped
[2025-04-03T16:48:56.662+0000] {subprocess.py:93} INFO - Processing: /opt/***/data/ISSLogs/u_ex100322.log
[2025-04-03T16:48:56.663+0000] {subprocess.py:93} INFO - u_ex100322.log: ✅ 1907 valid, ❌ 0 skipped
[2025-04-03T16:48:56.663+0000] {subprocess.py:93} INFO - Processing: /opt/***/data/ISSLogs/u_ex100406.log
[2025-04-03T16:48:56.664+0000] {subprocess.py:93} INFO - u_ex100406.log: ✅ 2740 valid, ❌ 0 skipped
[2025-04-03T16:48:56.664+0000] {subprocess.py:93} INFO - Processing: /opt/***/data/ISSLogs/u_ex100419.log
[2025-04-03T16:48:56.665+0000] {subprocess.py:93} INFO - u_ex100419.log: ✅ 1865 valid, ❌ 0 skipped
[2025-04-03T16:48:56.665+0000] {subprocess.py:93} INFO - Processing: /opt/***/data/ISSLogs/u_ex100422.log
[2025-04-03T16:48:56.666+0000] {subprocess.py:93} INFO - u_ex100422.log: ✅ 1954 valid, ❌ 0 skipped
[2025-04-03T16:48:56.667+0000] {subprocess.py:93} INFO - Processing: /opt/***/data/ISSLogs/u_ex100423.log
[2025-04-03T16:48:56.668+0000] {subprocess.py:93} INFO - u_ex100423.log: ✅ 2136 valid, ❌ 0 skipped
[2025-04-03T16:48:56.669+0000] {subprocess.py:93} INFO - Processing: /opt/***/data/ISSLogs/u_ex100424.log
[2025-04-03T16:48:56.669+0000] {subprocess.py:93} INFO - u_ex100424.log: ✅ 1016 valid, ❌ 0 skipped
[2025-04-03T16:48:56.670+0000] {subprocess.py:93} INFO - Processing: /opt/***/data/ISSLogs/u_ex100425.log
[2025-04-03T16:48:56.670+0000] {subprocess.py:93} INFO - u_ex100425.log: ✅ 1732 valid, ❌ 0 skipped
[2025-04-03T16:48:56.671+0000] {subprocess.py:93} INFO - Processing: /opt/***/data/ISSLogs/u_ex100430.log
[2025-04-03T16:48:56.671+0000] {subprocess.py:93} INFO - u_ex100430.log: ✅ 1913 valid, ❌ 0 skipped
[2025-04-03T16:48:56.672+0000] {subprocess.py:93} INFO - Processing: /opt/***/data/ISSLogs/u_ex100519.log
[2025-04-03T16:48:56.672+0000] {subprocess.py:93} INFO - u_ex100519.log: ✅ 1547 valid, ❌ 0 skipped
[2025-04-03T16:48:56.673+0000] {subprocess.py:93} INFO - Processing: /opt/***/data/ISSLogs/u_ex100520.log
[2025-04-03T16:48:56.673+0000] {subprocess.py:93} INFO - u_ex100520.log: ✅ 1218 valid, ❌ 0 skipped
[2025-04-03T16:48:56.674+0000] {subprocess.py:93} INFO - Processing: /opt/***/data/ISSLogs/u_ex100526.log
[2025-04-03T16:48:56.674+0000] {subprocess.py:93} INFO - u_ex100526.log: ✅ 1460 valid, ❌ 0 skipped
[2025-04-03T16:48:56.675+0000] {subprocess.py:93} INFO - Processing: /opt/***/data/ISSLogs/u_ex100528.log
[2025-04-03T16:48:56.676+0000] {subprocess.py:93} INFO - u_ex100528.log: ✅ 1491 valid, ❌ 0 skipped
[2025-04-03T16:48:56.676+0000] {subprocess.py:93} INFO - Processing: /opt/***/data/ISSLogs/u_ex100612.log
[2025-04-03T16:48:56.677+0000] {subprocess.py:93} INFO - u_ex100612.log: ✅ 979 valid, ❌ 0 skipped
[2025-04-03T16:48:56.677+0000] {subprocess.py:93} INFO - Processing: /opt/***/data/ISSLogs/u_ex100615.log
[2025-04-03T16:48:56.678+0000] {subprocess.py:93} INFO - u_ex100615.log: ✅ 1135 valid, ❌ 0 skipped
[2025-04-03T16:48:56.678+0000] {subprocess.py:93} INFO - Processing: /opt/***/data/ISSLogs/u_ex100619.log
[2025-04-03T16:48:56.679+0000] {subprocess.py:93} INFO - u_ex100619.log: ✅ 1098 valid, ❌ 0 skipped
[2025-04-03T16:48:56.679+0000] {subprocess.py:93} INFO - Processing: /opt/***/data/ISSLogs/u_ex100622.log
[2025-04-03T16:48:56.680+0000] {subprocess.py:93} INFO - u_ex100622.log: ✅ 1583 valid, ❌ 0 skipped
[2025-04-03T16:48:56.680+0000] {subprocess.py:93} INFO - Processing: /opt/***/data/ISSLogs/u_ex100626.log
[2025-04-03T16:48:56.681+0000] {subprocess.py:93} INFO - u_ex100626.log: ✅ 964 valid, ❌ 0 skipped
[2025-04-03T16:48:56.682+0000] {subprocess.py:93} INFO - Processing: /opt/***/data/ISSLogs/u_ex100628.log
[2025-04-03T16:48:56.682+0000] {subprocess.py:93} INFO - u_ex100628.log: ✅ 1143 valid, ❌ 0 skipped
[2025-04-03T16:48:56.683+0000] {subprocess.py:93} INFO - Processing: /opt/***/data/ISSLogs/u_ex100629.log
[2025-04-03T16:48:56.684+0000] {subprocess.py:93} INFO - u_ex100629.log: ✅ 1086 valid, ❌ 0 skipped
[2025-04-03T16:48:56.685+0000] {subprocess.py:93} INFO - Processing: /opt/***/data/ISSLogs/u_ex100630.log
[2025-04-03T16:48:56.685+0000] {subprocess.py:93} INFO - u_ex100630.log: ✅ 1069 valid, ❌ 0 skipped
[2025-04-03T16:48:56.686+0000] {subprocess.py:93} INFO - Processing: /opt/***/data/ISSLogs/u_ex100705.log
[2025-04-03T16:48:56.686+0000] {subprocess.py:93} INFO - u_ex100705.log: ✅ 1087 valid, ❌ 0 skipped
[2025-04-03T16:48:56.687+0000] {subprocess.py:93} INFO - Processing: /opt/***/data/ISSLogs/u_ex100708.log
[2025-04-03T16:48:56.688+0000] {subprocess.py:93} INFO - u_ex100708.log: ✅ 1729 valid, ❌ 0 skipped
[2025-04-03T16:48:56.688+0000] {subprocess.py:93} INFO - Processing: /opt/***/data/ISSLogs/u_ex100714.log
[2025-04-03T16:48:56.689+0000] {subprocess.py:93} INFO - u_ex100714.log: ✅ 977 valid, ❌ 0 skipped
[2025-04-03T16:48:56.689+0000] {subprocess.py:93} INFO - Processing: /opt/***/data/ISSLogs/u_ex100718.log
[2025-04-03T16:48:56.690+0000] {subprocess.py:93} INFO - u_ex100718.log: ✅ 1678 valid, ❌ 0 skipped
[2025-04-03T16:48:56.691+0000] {subprocess.py:93} INFO - Processing: /opt/***/data/ISSLogs/u_ex100725.log
[2025-04-03T16:48:56.691+0000] {subprocess.py:93} INFO - u_ex100725.log: ✅ 1351 valid, ❌ 0 skipped
[2025-04-03T16:48:56.692+0000] {subprocess.py:93} INFO - Processing: /opt/***/data/ISSLogs/u_ex100801.log
[2025-04-03T16:48:56.693+0000] {subprocess.py:93} INFO - u_ex100801.log: ✅ 859 valid, ❌ 0 skipped
[2025-04-03T16:48:56.693+0000] {subprocess.py:93} INFO - Processing: /opt/***/data/ISSLogs/u_ex100808.log
[2025-04-03T16:48:56.694+0000] {subprocess.py:93} INFO - u_ex100808.log: ✅ 800 valid, ❌ 0 skipped
[2025-04-03T16:48:56.694+0000] {subprocess.py:93} INFO - Processing: /opt/***/data/ISSLogs/u_ex100809.log
[2025-04-03T16:48:56.695+0000] {subprocess.py:93} INFO - u_ex100809.log: ✅ 1920 valid, ❌ 0 skipped
[2025-04-03T16:48:56.695+0000] {subprocess.py:93} INFO - Processing: /opt/***/data/ISSLogs/u_ex100830.log
[2025-04-03T16:48:56.696+0000] {subprocess.py:93} INFO - u_ex100830.log: ✅ 897 valid, ❌ 0 skipped
[2025-04-03T16:48:56.696+0000] {subprocess.py:93} INFO - Processing: /opt/***/data/ISSLogs/u_ex100906.log
[2025-04-03T16:48:56.697+0000] {subprocess.py:93} INFO - u_ex100906.log: ✅ 831 valid, ❌ 0 skipped
[2025-04-03T16:48:56.697+0000] {subprocess.py:93} INFO - Processing: /opt/***/data/ISSLogs/u_ex100912.log
[2025-04-03T16:48:56.699+0000] {subprocess.py:93} INFO - u_ex100912.log: ✅ 1310 valid, ❌ 0 skipped
[2025-04-03T16:48:56.699+0000] {subprocess.py:93} INFO - Processing: /opt/***/data/ISSLogs/u_ex100916.log
[2025-04-03T16:48:56.700+0000] {subprocess.py:93} INFO - u_ex100916.log: ✅ 1732 valid, ❌ 0 skipped
[2025-04-03T16:48:56.700+0000] {subprocess.py:93} INFO - Processing: /opt/***/data/ISSLogs/u_ex100923.log
[2025-04-03T16:48:56.701+0000] {subprocess.py:93} INFO - u_ex100923.log: ✅ 1854 valid, ❌ 0 skipped
[2025-04-03T16:48:56.701+0000] {subprocess.py:93} INFO - Processing: /opt/***/data/ISSLogs/u_ex100924.log
[2025-04-03T16:48:56.702+0000] {subprocess.py:93} INFO - u_ex100924.log: ✅ 1218 valid, ❌ 0 skipped
[2025-04-03T16:48:56.702+0000] {subprocess.py:93} INFO - Processing: /opt/***/data/ISSLogs/u_ex100926.log
[2025-04-03T16:48:56.703+0000] {subprocess.py:93} INFO - u_ex100926.log: ✅ 1374 valid, ❌ 0 skipped
[2025-04-03T16:48:56.703+0000] {subprocess.py:93} INFO - Processing: /opt/***/data/ISSLogs/u_ex101008.log
[2025-04-03T16:48:56.704+0000] {subprocess.py:93} INFO - u_ex101008.log: ✅ 2612 valid, ❌ 0 skipped
[2025-04-03T16:48:56.704+0000] {subprocess.py:93} INFO - Processing: /opt/***/data/ISSLogs/u_ex101020.log
[2025-04-03T16:48:56.705+0000] {subprocess.py:93} INFO - u_ex101020.log: ✅ 1205 valid, ❌ 0 skipped
[2025-04-03T16:48:56.706+0000] {subprocess.py:93} INFO - Processing: /opt/***/data/ISSLogs/u_ex101023.log
[2025-04-03T16:48:56.706+0000] {subprocess.py:93} INFO - u_ex101023.log: ✅ 2199 valid, ❌ 0 skipped
[2025-04-03T16:48:56.707+0000] {subprocess.py:93} INFO - Processing: /opt/***/data/ISSLogs/u_ex101025.log
[2025-04-03T16:48:56.707+0000] {subprocess.py:93} INFO - u_ex101025.log: ✅ 1204 valid, ❌ 0 skipped
[2025-04-03T16:48:56.708+0000] {subprocess.py:93} INFO - Processing: /opt/***/data/ISSLogs/u_ex101027.log
[2025-04-03T16:48:56.708+0000] {subprocess.py:93} INFO - u_ex101027.log: ✅ 1957 valid, ❌ 0 skipped
[2025-04-03T16:48:56.709+0000] {subprocess.py:93} INFO - Processing: /opt/***/data/ISSLogs/u_ex101031.log
[2025-04-03T16:48:56.709+0000] {subprocess.py:93} INFO - u_ex101031.log: ✅ 1092 valid, ❌ 0 skipped
[2025-04-03T16:48:56.710+0000] {subprocess.py:93} INFO - Processing: /opt/***/data/ISSLogs/u_ex101101.log
[2025-04-03T16:48:56.710+0000] {subprocess.py:93} INFO - u_ex101101.log: ✅ 2030 valid, ❌ 0 skipped
[2025-04-03T16:48:56.711+0000] {subprocess.py:93} INFO - Processing: /opt/***/data/ISSLogs/u_ex101111.log
[2025-04-03T16:48:56.711+0000] {subprocess.py:93} INFO - u_ex101111.log: ✅ 1243 valid, ❌ 0 skipped
[2025-04-03T16:48:56.712+0000] {subprocess.py:93} INFO - Processing: /opt/***/data/ISSLogs/u_ex101113.log
[2025-04-03T16:48:56.712+0000] {subprocess.py:93} INFO - u_ex101113.log: ✅ 1296 valid, ❌ 0 skipped
[2025-04-03T16:48:56.713+0000] {subprocess.py:93} INFO - Processing: /opt/***/data/ISSLogs/u_ex101118.log
[2025-04-03T16:48:56.714+0000] {subprocess.py:93} INFO - u_ex101118.log: ✅ 1255 valid, ❌ 0 skipped
[2025-04-03T16:48:56.715+0000] {subprocess.py:93} INFO - Processing: /opt/***/data/ISSLogs/u_ex101126.log
[2025-04-03T16:48:56.715+0000] {subprocess.py:93} INFO - u_ex101126.log: ✅ 1828 valid, ❌ 0 skipped
[2025-04-03T16:48:56.716+0000] {subprocess.py:93} INFO - Processing: /opt/***/data/ISSLogs/u_ex101202.log
[2025-04-03T16:48:56.716+0000] {subprocess.py:93} INFO - u_ex101202.log: ✅ 891 valid, ❌ 0 skipped
[2025-04-03T16:48:56.717+0000] {subprocess.py:93} INFO - Processing: /opt/***/data/ISSLogs/u_ex101212.log
[2025-04-03T16:48:56.718+0000] {subprocess.py:93} INFO - u_ex101212.log: ✅ 1331 valid, ❌ 0 skipped
[2025-04-03T16:48:56.718+0000] {subprocess.py:93} INFO - Processing: /opt/***/data/ISSLogs/u_ex101215.log
[2025-04-03T16:48:56.719+0000] {subprocess.py:93} INFO - u_ex101215.log: ✅ 1474 valid, ❌ 0 skipped
[2025-04-03T16:48:56.720+0000] {subprocess.py:93} INFO - Processing: /opt/***/data/ISSLogs/u_ex101223.log
[2025-04-03T16:48:56.720+0000] {subprocess.py:93} INFO - u_ex101223.log: ✅ 997 valid, ❌ 0 skipped
[2025-04-03T16:48:56.721+0000] {subprocess.py:93} INFO - Processing: /opt/***/data/ISSLogs/u_ex101225.log
[2025-04-03T16:48:56.721+0000] {subprocess.py:93} INFO - u_ex101225.log: ✅ 812 valid, ❌ 0 skipped
[2025-04-03T16:48:56.722+0000] {subprocess.py:93} INFO - Processing: /opt/***/data/ISSLogs/u_ex110119.log
[2025-04-03T16:48:56.722+0000] {subprocess.py:93} INFO - u_ex110119.log: ✅ 2033 valid, ❌ 0 skipped
[2025-04-03T16:48:56.723+0000] {subprocess.py:93} INFO - Processing: /opt/***/data/ISSLogs/u_ex110130.log
[2025-04-03T16:48:56.724+0000] {subprocess.py:93} INFO - u_ex110130.log: ✅ 878 valid, ❌ 0 skipped
[2025-04-03T16:48:56.724+0000] {subprocess.py:93} INFO - Processing: /opt/***/data/ISSLogs/u_ex110205.log
[2025-04-03T16:48:56.725+0000] {subprocess.py:93} INFO - u_ex110205.log: ✅ 763 valid, ❌ 0 skipped
[2025-04-03T16:48:56.725+0000] {subprocess.py:93} INFO - Processing: /opt/***/data/ISSLogs/u_ex110209.log
[2025-04-03T16:48:56.726+0000] {subprocess.py:93} INFO - u_ex110209.log: ✅ 2137 valid, ❌ 0 skipped
[2025-04-03T16:48:56.727+0000] {subprocess.py:93} INFO - Processing: /opt/***/data/ISSLogs/u_ex110212.log
[2025-04-03T16:49:02.755+0000] {subprocess.py:93} INFO - u_ex110212.log: ✅ 980 valid, ❌ 0 skipped
[2025-04-03T16:49:02.756+0000] {subprocess.py:93} INFO - Processing: /opt/***/data/ISSLogs/u_ex110218.log
[2025-04-03T16:49:02.758+0000] {subprocess.py:93} INFO - u_ex110218.log: ✅ 2047 valid, ❌ 0 skipped
[2025-04-03T16:49:02.759+0000] {subprocess.py:93} INFO - Processing: /opt/***/data/ISSLogs/u_ex110306.log
[2025-04-03T16:49:02.760+0000] {subprocess.py:93} INFO - u_ex110306.log: ✅ 1024 valid, ❌ 0 skipped
[2025-04-03T16:49:02.761+0000] {subprocess.py:93} INFO - Processing: /opt/***/data/ISSLogs/u_ex110405.log
[2025-04-03T16:49:02.762+0000] {subprocess.py:93} INFO - u_ex110405.log: ✅ 2301 valid, ❌ 0 skipped
[2025-04-03T16:49:02.762+0000] {subprocess.py:93} INFO - Processing: /opt/***/data/ISSLogs/u_ex110407.log
[2025-04-03T16:49:02.763+0000] {subprocess.py:93} INFO - u_ex110407.log: ✅ 1831 valid, ❌ 0 skipped
[2025-04-03T16:49:02.767+0000] {subprocess.py:93} INFO - Processing: /opt/***/data/ISSLogs/u_ex110411.log
[2025-04-03T16:49:02.769+0000] {subprocess.py:93} INFO - u_ex110411.log: ✅ 2510 valid, ❌ 0 skipped
[2025-04-03T16:49:02.770+0000] {subprocess.py:93} INFO - Processing: /opt/***/data/ISSLogs/u_ex110424.log
[2025-04-03T16:49:02.771+0000] {subprocess.py:93} INFO - u_ex110424.log: ✅ 1319 valid, ❌ 0 skipped
[2025-04-03T16:49:02.771+0000] {subprocess.py:93} INFO - Processing: /opt/***/data/ISSLogs/u_ex110427.log
[2025-04-03T16:49:02.772+0000] {subprocess.py:93} INFO - u_ex110427.log: ✅ 1583 valid, ❌ 0 skipped
[2025-04-03T16:49:02.773+0000] {subprocess.py:93} INFO - Processing: /opt/***/data/ISSLogs/u_ex110504.log
[2025-04-03T16:49:02.774+0000] {subprocess.py:93} INFO - u_ex110504.log: ✅ 1487 valid, ❌ 0 skipped
[2025-04-03T16:49:02.774+0000] {subprocess.py:93} INFO - Processing: /opt/***/data/ISSLogs/u_ex110510.log
[2025-04-03T16:49:02.775+0000] {subprocess.py:93} INFO - u_ex110510.log: ✅ 2640 valid, ❌ 0 skipped
[2025-04-03T16:49:02.776+0000] {subprocess.py:93} INFO - Processing: /opt/***/data/ISSLogs/u_ex110516.log
[2025-04-03T16:49:02.777+0000] {subprocess.py:93} INFO - u_ex110516.log: ✅ 1513 valid, ❌ 0 skipped
[2025-04-03T16:49:02.778+0000] {subprocess.py:93} INFO - 
[2025-04-03T16:49:02.778+0000] {subprocess.py:93} INFO - 📊 TOTAL valid entries across all log files: 154463
[2025-04-03T16:49:02.780+0000] {subprocess.py:93} INFO - ✅ Combined CSV created at: /opt/***/data/StagingArea/CombinedLogs.csv
[2025-04-03T16:49:02.874+0000] {subprocess.py:97} INFO - Command exited with return code 0
[2025-04-03T16:49:02.912+0000] {taskinstance.py:1138} INFO - Marking task as SUCCESS. dag_id=Web_Log_Processing, task_id=process_logs_to_csv, execution_date=20250403T164341, start_date=20250403T164850, end_date=20250403T164902
[2025-04-03T16:49:03.013+0000] {local_task_job_runner.py:234} INFO - Task exited with return code 0
[2025-04-03T16:49:03.044+0000] {taskinstance.py:3280} INFO - 1 downstream tasks scheduled from follow-on schedule check
