[2025-04-03T15:14:39.320+0000] {taskinstance.py:1956} INFO - Dependencies all met for dep_context=non-requeueable deps ti=<TaskInstance: Web_Log_Processing.process_logs_to_csv manual__2025-04-03T15:14:38.515769+00:00 [queued]>
[2025-04-03T15:14:39.330+0000] {taskinstance.py:1956} INFO - Dependencies all met for dep_context=requeueable deps ti=<TaskInstance: Web_Log_Processing.process_logs_to_csv manual__2025-04-03T15:14:38.515769+00:00 [queued]>
[2025-04-03T15:14:39.331+0000] {taskinstance.py:2170} INFO - Starting attempt 1 of 4
[2025-04-03T15:14:39.349+0000] {taskinstance.py:2191} INFO - Executing <Task(BashOperator): process_logs_to_csv> on 2025-04-03 15:14:38.515769+00:00
[2025-04-03T15:14:39.354+0000] {standard_task_runner.py:60} INFO - Started process 239 to run task
[2025-04-03T15:14:39.358+0000] {standard_task_runner.py:87} INFO - Running: ['***', 'tasks', 'run', 'Web_Log_Processing', 'process_logs_to_csv', 'manual__2025-04-03T15:14:38.515769+00:00', '--job-id', '3', '--raw', '--subdir', 'DAGS_FOLDER/w3c.py', '--cfg-path', '/tmp/tmpr6pzb_0v']
[2025-04-03T15:14:39.363+0000] {standard_task_runner.py:88} INFO - Job 3: Subtask process_logs_to_csv
[2025-04-03T15:14:39.427+0000] {task_command.py:423} INFO - Running <TaskInstance: Web_Log_Processing.process_logs_to_csv manual__2025-04-03T15:14:38.515769+00:00 [running]> on host e34e533454f8
[2025-04-03T15:14:39.691+0000] {taskinstance.py:2480} INFO - Exporting env vars: AIRFLOW_CTX_DAG_OWNER='***' AIRFLOW_CTX_DAG_ID='Web_Log_Processing' AIRFLOW_CTX_TASK_ID='process_logs_to_csv' AIRFLOW_CTX_EXECUTION_DATE='2025-04-03T15:14:38.515769+00:00' AIRFLOW_CTX_TRY_NUMBER='1' AIRFLOW_CTX_DAG_RUN_ID='manual__2025-04-03T15:14:38.515769+00:00'
[2025-04-03T15:14:39.693+0000] {subprocess.py:63} INFO - Tmp dir root location: /tmp
[2025-04-03T15:14:39.694+0000] {subprocess.py:75} INFO - Running command: ['/usr/bin/bash', '-c', 'python /opt/***/dags/log_to_csv.py']
[2025-04-03T15:14:39.704+0000] {subprocess.py:86} INFO - Output:
[2025-04-03T15:14:40.446+0000] {subprocess.py:93} INFO - Looking for log files in: d:/Documents/UK/University/BI/Repo/***-etl/data
[2025-04-03T15:14:40.447+0000] {subprocess.py:93} INFO - Files found: []
[2025-04-03T15:14:40.448+0000] {subprocess.py:93} INFO - No valid log entries found. Creating an empty DataFrame.
[2025-04-03T15:14:40.448+0000] {subprocess.py:93} INFO - Combined logs saved to: d:/Documents/UK/University/BI/Repo/***-etl/data/StagingArea/CombinedLogs.csv
[2025-04-03T15:14:40.507+0000] {subprocess.py:97} INFO - Command exited with return code 0
[2025-04-03T15:14:40.537+0000] {taskinstance.py:1138} INFO - Marking task as SUCCESS. dag_id=Web_Log_Processing, task_id=process_logs_to_csv, execution_date=20250403T151438, start_date=20250403T151439, end_date=20250403T151440
[2025-04-03T15:14:40.569+0000] {local_task_job_runner.py:234} INFO - Task exited with return code 0
[2025-04-03T15:14:40.587+0000] {taskinstance.py:3280} INFO - 0 downstream tasks scheduled from follow-on schedule check
